{"op_code": 0, "worker_id": "3113be45-17da-4a03-abb8-4dadb09d32b5-139853473011520", "study_name": "VDP_-7", "directions": [1]}
{"op_code": 4, "worker_id": "3113be45-17da-4a03-abb8-4dadb09d32b5-139853473011520", "study_id": 0, "datetime_start": "2024-01-17T11:12:36.678411"}
{"op_code": 5, "worker_id": "3113be45-17da-4a03-abb8-4dadb09d32b5-139853473011520", "trial_id": 0, "param_name": "sr", "param_value_internal": 0.01139489119141216, "distribution": "{\"name\": \"FloatDistribution\", \"attributes\": {\"step\": null, \"low\": 0.01, \"high\": 10.0, \"log\": true}}"}
{"op_code": 5, "worker_id": "3113be45-17da-4a03-abb8-4dadb09d32b5-139853473011520", "trial_id": 0, "param_name": "lr", "param_value_internal": 0.018579623875839578, "distribution": "{\"name\": \"FloatDistribution\", \"attributes\": {\"step\": null, \"low\": 0.001, \"high\": 1.0, \"log\": true}}"}
{"op_code": 5, "worker_id": "3113be45-17da-4a03-abb8-4dadb09d32b5-139853473011520", "trial_id": 0, "param_name": "iss", "param_value_internal": 0.9029288277848518, "distribution": "{\"name\": \"FloatDistribution\", \"attributes\": {\"step\": null, \"low\": 0.0, \"high\": 1.0, \"log\": false}}"}
{"op_code": 5, "worker_id": "3113be45-17da-4a03-abb8-4dadb09d32b5-139853473011520", "trial_id": 0, "param_name": "ridge", "param_value_internal": 5.510771623844259e-09, "distribution": "{\"name\": \"FloatDistribution\", \"attributes\": {\"step\": null, \"low\": 1e-09, \"high\": 0.01, \"log\": true}}"}
{"op_code": 0, "worker_id": "2b689160-9123-4e70-87fe-e3acac3189ec-140627316909888", "study_name": "VDP_-7", "directions": [1]}
{"op_code": 4, "worker_id": "2b689160-9123-4e70-87fe-e3acac3189ec-140627316909888", "study_id": 0, "datetime_start": "2024-01-17T11:12:36.703861"}
{"op_code": 0, "worker_id": "7910dd9c-f919-45e2-b87d-d7f0c92766b2-140061141747520", "study_name": "VDP_-7", "directions": [1]}
{"op_code": 5, "worker_id": "2b689160-9123-4e70-87fe-e3acac3189ec-140627316909888", "trial_id": 1, "param_name": "sr", "param_value_internal": 0.011888608485750244, "distribution": "{\"name\": \"FloatDistribution\", \"attributes\": {\"step\": null, \"low\": 0.01, \"high\": 10.0, \"log\": true}}"}
{"op_code": 4, "worker_id": "7910dd9c-f919-45e2-b87d-d7f0c92766b2-140061141747520", "study_id": 0, "datetime_start": "2024-01-17T11:12:36.710794"}
{"op_code": 5, "worker_id": "2b689160-9123-4e70-87fe-e3acac3189ec-140627316909888", "trial_id": 1, "param_name": "lr", "param_value_internal": 0.32300483862817914, "distribution": "{\"name\": \"FloatDistribution\", \"attributes\": {\"step\": null, \"low\": 0.001, \"high\": 1.0, \"log\": true}}"}
{"op_code": 5, "worker_id": "7910dd9c-f919-45e2-b87d-d7f0c92766b2-140061141747520", "trial_id": 2, "param_name": "sr", "param_value_internal": 1.0096116104887827, "distribution": "{\"name\": \"FloatDistribution\", \"attributes\": {\"step\": null, \"low\": 0.01, \"high\": 10.0, \"log\": true}}"}
{"op_code": 5, "worker_id": "2b689160-9123-4e70-87fe-e3acac3189ec-140627316909888", "trial_id": 1, "param_name": "iss", "param_value_internal": 0.8367867413529365, "distribution": "{\"name\": \"FloatDistribution\", \"attributes\": {\"step\": null, \"low\": 0.0, \"high\": 1.0, \"log\": false}}"}
{"op_code": 5, "worker_id": "7910dd9c-f919-45e2-b87d-d7f0c92766b2-140061141747520", "trial_id": 2, "param_name": "lr", "param_value_internal": 0.001735025624486514, "distribution": "{\"name\": \"FloatDistribution\", \"attributes\": {\"step\": null, \"low\": 0.001, \"high\": 1.0, \"log\": true}}"}
{"op_code": 0, "worker_id": "ead9cfe2-8454-497a-9702-4eb035d5e613-140113782667072", "study_name": "VDP_-7", "directions": [1]}
{"op_code": 5, "worker_id": "7910dd9c-f919-45e2-b87d-d7f0c92766b2-140061141747520", "trial_id": 2, "param_name": "iss", "param_value_internal": 0.20233139366106545, "distribution": "{\"name\": \"FloatDistribution\", \"attributes\": {\"step\": null, \"low\": 0.0, \"high\": 1.0, \"log\": false}}"}
{"op_code": 0, "worker_id": "3fa1de69-8f9c-4489-81d2-92c10e5455c9-140143325837120", "study_name": "VDP_-7", "directions": [1]}
{"op_code": 5, "worker_id": "2b689160-9123-4e70-87fe-e3acac3189ec-140627316909888", "trial_id": 1, "param_name": "ridge", "param_value_internal": 0.0005766697618455673, "distribution": "{\"name\": \"FloatDistribution\", \"attributes\": {\"step\": null, \"low\": 1e-09, \"high\": 0.01, \"log\": true}}"}
{"op_code": 0, "worker_id": "ffcbac5c-d103-4d08-af11-fd1421d98b67-140098114307904", "study_name": "VDP_-7", "directions": [1]}
{"op_code": 0, "worker_id": "4a508e4a-174e-451d-bbe0-aa9dc56b78a5-139657630312256", "study_name": "VDP_-7", "directions": [1]}
{"op_code": 4, "worker_id": "ffcbac5c-d103-4d08-af11-fd1421d98b67-140098114307904", "study_id": 0, "datetime_start": "2024-01-17T11:12:36.848195"}
{"op_code": 4, "worker_id": "4a508e4a-174e-451d-bbe0-aa9dc56b78a5-139657630312256", "study_id": 0, "datetime_start": "2024-01-17T11:12:36.853703"}
{"op_code": 5, "worker_id": "ffcbac5c-d103-4d08-af11-fd1421d98b67-140098114307904", "trial_id": 3, "param_name": "sr", "param_value_internal": 1.0215741401856773, "distribution": "{\"name\": \"FloatDistribution\", \"attributes\": {\"step\": null, \"low\": 0.01, \"high\": 10.0, \"log\": true}}"}
{"op_code": 5, "worker_id": "ffcbac5c-d103-4d08-af11-fd1421d98b67-140098114307904", "trial_id": 3, "param_name": "lr", "param_value_internal": 0.001341652005043788, "distribution": "{\"name\": \"FloatDistribution\", \"attributes\": {\"step\": null, \"low\": 0.001, \"high\": 1.0, \"log\": true}}"}
{"op_code": 5, "worker_id": "4a508e4a-174e-451d-bbe0-aa9dc56b78a5-139657630312256", "trial_id": 4, "param_name": "sr", "param_value_internal": 0.1560328089153426, "distribution": "{\"name\": \"FloatDistribution\", \"attributes\": {\"step\": null, \"low\": 0.01, \"high\": 10.0, \"log\": true}}"}
{"op_code": 5, "worker_id": "7910dd9c-f919-45e2-b87d-d7f0c92766b2-140061141747520", "trial_id": 2, "param_name": "ridge", "param_value_internal": 1.3615938132587043e-06, "distribution": "{\"name\": \"FloatDistribution\", \"attributes\": {\"step\": null, \"low\": 1e-09, \"high\": 0.01, \"log\": true}}"}
{"op_code": 5, "worker_id": "ffcbac5c-d103-4d08-af11-fd1421d98b67-140098114307904", "trial_id": 3, "param_name": "iss", "param_value_internal": 0.14293677405403105, "distribution": "{\"name\": \"FloatDistribution\", \"attributes\": {\"step\": null, \"low\": 0.0, \"high\": 1.0, \"log\": false}}"}
{"op_code": 5, "worker_id": "4a508e4a-174e-451d-bbe0-aa9dc56b78a5-139657630312256", "trial_id": 4, "param_name": "lr", "param_value_internal": 0.01804292859336939, "distribution": "{\"name\": \"FloatDistribution\", \"attributes\": {\"step\": null, \"low\": 0.001, \"high\": 1.0, \"log\": true}}"}
{"op_code": 5, "worker_id": "ffcbac5c-d103-4d08-af11-fd1421d98b67-140098114307904", "trial_id": 3, "param_name": "ridge", "param_value_internal": 1.7314930007906359e-09, "distribution": "{\"name\": \"FloatDistribution\", \"attributes\": {\"step\": null, \"low\": 1e-09, \"high\": 0.01, \"log\": true}}"}
{"op_code": 5, "worker_id": "4a508e4a-174e-451d-bbe0-aa9dc56b78a5-139657630312256", "trial_id": 4, "param_name": "iss", "param_value_internal": 0.4114778008194251, "distribution": "{\"name\": \"FloatDistribution\", \"attributes\": {\"step\": null, \"low\": 0.0, \"high\": 1.0, \"log\": false}}"}
{"op_code": 5, "worker_id": "4a508e4a-174e-451d-bbe0-aa9dc56b78a5-139657630312256", "trial_id": 4, "param_name": "ridge", "param_value_internal": 0.0008881515152935128, "distribution": "{\"name\": \"FloatDistribution\", \"attributes\": {\"step\": null, \"low\": 1e-09, \"high\": 0.01, \"log\": true}}"}
{"op_code": 0, "worker_id": "20d27198-6c53-490a-87bf-4bc951ebf186-140608517998400", "study_name": "VDP_-7", "directions": [1]}
{"op_code": 4, "worker_id": "20d27198-6c53-490a-87bf-4bc951ebf186-140608517998400", "study_id": 0, "datetime_start": "2024-01-17T11:12:36.896953"}
{"op_code": 5, "worker_id": "20d27198-6c53-490a-87bf-4bc951ebf186-140608517998400", "trial_id": 5, "param_name": "sr", "param_value_internal": 0.029009074898830214, "distribution": "{\"name\": \"FloatDistribution\", \"attributes\": {\"step\": null, \"low\": 0.01, \"high\": 10.0, \"log\": true}}"}
{"op_code": 5, "worker_id": "20d27198-6c53-490a-87bf-4bc951ebf186-140608517998400", "trial_id": 5, "param_name": "lr", "param_value_internal": 0.003151188128519512, "distribution": "{\"name\": \"FloatDistribution\", \"attributes\": {\"step\": null, \"low\": 0.001, \"high\": 1.0, \"log\": true}}"}
{"op_code": 5, "worker_id": "20d27198-6c53-490a-87bf-4bc951ebf186-140608517998400", "trial_id": 5, "param_name": "iss", "param_value_internal": 0.7309316760692585, "distribution": "{\"name\": \"FloatDistribution\", \"attributes\": {\"step\": null, \"low\": 0.0, \"high\": 1.0, \"log\": false}}"}
{"op_code": 5, "worker_id": "20d27198-6c53-490a-87bf-4bc951ebf186-140608517998400", "trial_id": 5, "param_name": "ridge", "param_value_internal": 3.3381585912236654e-08, "distribution": "{\"name\": \"FloatDistribution\", \"attributes\": {\"step\": null, \"low\": 1e-09, \"high\": 0.01, \"log\": true}}"}
{"op_code": 4, "worker_id": "ead9cfe2-8454-497a-9702-4eb035d5e613-140113782667072", "study_id": 0, "datetime_start": "2024-01-17T11:12:36.733112"}
{"op_code": 4, "worker_id": "3fa1de69-8f9c-4489-81d2-92c10e5455c9-140143325837120", "study_id": 0, "datetime_start": "2024-01-17T11:12:36.741810"}
{"op_code": 5, "worker_id": "ead9cfe2-8454-497a-9702-4eb035d5e613-140113782667072", "trial_id": 6, "param_name": "sr", "param_value_internal": 0.7109343246909268, "distribution": "{\"name\": \"FloatDistribution\", \"attributes\": {\"step\": null, \"low\": 0.01, \"high\": 10.0, \"log\": true}}"}
{"op_code": 5, "worker_id": "ead9cfe2-8454-497a-9702-4eb035d5e613-140113782667072", "trial_id": 6, "param_name": "lr", "param_value_internal": 0.2927166519357895, "distribution": "{\"name\": \"FloatDistribution\", \"attributes\": {\"step\": null, \"low\": 0.001, \"high\": 1.0, \"log\": true}}"}
{"op_code": 5, "worker_id": "3fa1de69-8f9c-4489-81d2-92c10e5455c9-140143325837120", "trial_id": 7, "param_name": "sr", "param_value_internal": 4.861804182285032, "distribution": "{\"name\": \"FloatDistribution\", \"attributes\": {\"step\": null, \"low\": 0.01, \"high\": 10.0, \"log\": true}}"}
{"op_code": 5, "worker_id": "ead9cfe2-8454-497a-9702-4eb035d5e613-140113782667072", "trial_id": 6, "param_name": "iss", "param_value_internal": 0.6333364298619253, "distribution": "{\"name\": \"FloatDistribution\", \"attributes\": {\"step\": null, \"low\": 0.0, \"high\": 1.0, \"log\": false}}"}
{"op_code": 5, "worker_id": "3fa1de69-8f9c-4489-81d2-92c10e5455c9-140143325837120", "trial_id": 7, "param_name": "lr", "param_value_internal": 0.2398575024220645, "distribution": "{\"name\": \"FloatDistribution\", \"attributes\": {\"step\": null, \"low\": 0.001, \"high\": 1.0, \"log\": true}}"}
{"op_code": 5, "worker_id": "ead9cfe2-8454-497a-9702-4eb035d5e613-140113782667072", "trial_id": 6, "param_name": "ridge", "param_value_internal": 7.715958797769612e-05, "distribution": "{\"name\": \"FloatDistribution\", \"attributes\": {\"step\": null, \"low\": 1e-09, \"high\": 0.01, \"log\": true}}"}
{"op_code": 5, "worker_id": "3fa1de69-8f9c-4489-81d2-92c10e5455c9-140143325837120", "trial_id": 7, "param_name": "iss", "param_value_internal": 0.4707242159063836, "distribution": "{\"name\": \"FloatDistribution\", \"attributes\": {\"step\": null, \"low\": 0.0, \"high\": 1.0, \"log\": false}}"}
{"op_code": 5, "worker_id": "3fa1de69-8f9c-4489-81d2-92c10e5455c9-140143325837120", "trial_id": 7, "param_name": "ridge", "param_value_internal": 2.8945121398810067e-05, "distribution": "{\"name\": \"FloatDistribution\", \"attributes\": {\"step\": null, \"low\": 1e-09, \"high\": 0.01, \"log\": true}}"}
