{"op_code": 0, "worker_id": "2fd5f0ec-de78-44a4-99d0-e5d4c5a6945f-139936535017280", "study_name": "rossler_-7_4020_offline", "directions": [1]}
{"op_code": 4, "worker_id": "2fd5f0ec-de78-44a4-99d0-e5d4c5a6945f-139936535017280", "study_id": 0, "datetime_start": "2024-01-04T01:02:37.831543"}
{"op_code": 5, "worker_id": "2fd5f0ec-de78-44a4-99d0-e5d4c5a6945f-139936535017280", "trial_id": 0, "param_name": "sr", "param_value_internal": 0.8935135987103595, "distribution": "{\"name\": \"FloatDistribution\", \"attributes\": {\"step\": null, \"low\": 0.01, \"high\": 10.0, \"log\": true}}"}
{"op_code": 5, "worker_id": "2fd5f0ec-de78-44a4-99d0-e5d4c5a6945f-139936535017280", "trial_id": 0, "param_name": "lr", "param_value_internal": 0.001834494597342162, "distribution": "{\"name\": \"FloatDistribution\", \"attributes\": {\"step\": null, \"low\": 0.001, \"high\": 1.0, \"log\": true}}"}
{"op_code": 5, "worker_id": "2fd5f0ec-de78-44a4-99d0-e5d4c5a6945f-139936535017280", "trial_id": 0, "param_name": "iss", "param_value_internal": 0.538315085194172, "distribution": "{\"name\": \"FloatDistribution\", \"attributes\": {\"step\": null, \"low\": 0.0, \"high\": 1.0, \"log\": false}}"}
{"op_code": 5, "worker_id": "2fd5f0ec-de78-44a4-99d0-e5d4c5a6945f-139936535017280", "trial_id": 0, "param_name": "ridge", "param_value_internal": 1.9678959857815732e-07, "distribution": "{\"name\": \"FloatDistribution\", \"attributes\": {\"step\": null, \"low\": 1e-09, \"high\": 0.01, \"log\": true}}"}
{"op_code": 0, "worker_id": "36bcccdb-4823-4b3d-ba04-144d260c02d3-140535199360832", "study_name": "rossler_-7_4020_offline", "directions": [1]}
{"op_code": 4, "worker_id": "36bcccdb-4823-4b3d-ba04-144d260c02d3-140535199360832", "study_id": 0, "datetime_start": "2024-01-04T01:02:37.958270"}
{"op_code": 5, "worker_id": "36bcccdb-4823-4b3d-ba04-144d260c02d3-140535199360832", "trial_id": 1, "param_name": "sr", "param_value_internal": 0.6219088500527278, "distribution": "{\"name\": \"FloatDistribution\", \"attributes\": {\"step\": null, \"low\": 0.01, \"high\": 10.0, \"log\": true}}"}
{"op_code": 5, "worker_id": "36bcccdb-4823-4b3d-ba04-144d260c02d3-140535199360832", "trial_id": 1, "param_name": "lr", "param_value_internal": 0.017164834011260826, "distribution": "{\"name\": \"FloatDistribution\", \"attributes\": {\"step\": null, \"low\": 0.001, \"high\": 1.0, \"log\": true}}"}
{"op_code": 0, "worker_id": "a5ce12b8-c8e0-4c5c-addb-66da603bd80a-140381948032832", "study_name": "rossler_-7_4020_offline", "directions": [1]}
{"op_code": 5, "worker_id": "36bcccdb-4823-4b3d-ba04-144d260c02d3-140535199360832", "trial_id": 1, "param_name": "iss", "param_value_internal": 0.9332055587053429, "distribution": "{\"name\": \"FloatDistribution\", \"attributes\": {\"step\": null, \"low\": 0.0, \"high\": 1.0, \"log\": false}}"}
{"op_code": 0, "worker_id": "869abb79-ebc0-40e5-83be-0349cda3edb0-140329810638656", "study_name": "rossler_-7_4020_offline", "directions": [1]}
{"op_code": 0, "worker_id": "da37cea1-33e7-4524-b484-59ffa9f44172-139743072872256", "study_name": "rossler_-7_4020_offline", "directions": [1]}
{"op_code": 5, "worker_id": "36bcccdb-4823-4b3d-ba04-144d260c02d3-140535199360832", "trial_id": 1, "param_name": "ridge", "param_value_internal": 0.0009061414063763796, "distribution": "{\"name\": \"FloatDistribution\", \"attributes\": {\"step\": null, \"low\": 1e-09, \"high\": 0.01, \"log\": true}}"}
{"op_code": 4, "worker_id": "869abb79-ebc0-40e5-83be-0349cda3edb0-140329810638656", "study_id": 0, "datetime_start": "2024-01-04T01:02:38.098546"}
{"op_code": 4, "worker_id": "da37cea1-33e7-4524-b484-59ffa9f44172-139743072872256", "study_id": 0, "datetime_start": "2024-01-04T01:02:38.102190"}
{"op_code": 5, "worker_id": "869abb79-ebc0-40e5-83be-0349cda3edb0-140329810638656", "trial_id": 2, "param_name": "sr", "param_value_internal": 1.317843784903364, "distribution": "{\"name\": \"FloatDistribution\", \"attributes\": {\"step\": null, \"low\": 0.01, \"high\": 10.0, \"log\": true}}"}
{"op_code": 5, "worker_id": "da37cea1-33e7-4524-b484-59ffa9f44172-139743072872256", "trial_id": 3, "param_name": "sr", "param_value_internal": 0.5430963440423435, "distribution": "{\"name\": \"FloatDistribution\", \"attributes\": {\"step\": null, \"low\": 0.01, \"high\": 10.0, \"log\": true}}"}
{"op_code": 5, "worker_id": "869abb79-ebc0-40e5-83be-0349cda3edb0-140329810638656", "trial_id": 2, "param_name": "lr", "param_value_internal": 0.18071089416046798, "distribution": "{\"name\": \"FloatDistribution\", \"attributes\": {\"step\": null, \"low\": 0.001, \"high\": 1.0, \"log\": true}}"}
{"op_code": 5, "worker_id": "da37cea1-33e7-4524-b484-59ffa9f44172-139743072872256", "trial_id": 3, "param_name": "lr", "param_value_internal": 0.246062951346777, "distribution": "{\"name\": \"FloatDistribution\", \"attributes\": {\"step\": null, \"low\": 0.001, \"high\": 1.0, \"log\": true}}"}
{"op_code": 5, "worker_id": "869abb79-ebc0-40e5-83be-0349cda3edb0-140329810638656", "trial_id": 2, "param_name": "iss", "param_value_internal": 0.032867095082850906, "distribution": "{\"name\": \"FloatDistribution\", \"attributes\": {\"step\": null, \"low\": 0.0, \"high\": 1.0, \"log\": false}}"}
{"op_code": 5, "worker_id": "da37cea1-33e7-4524-b484-59ffa9f44172-139743072872256", "trial_id": 3, "param_name": "iss", "param_value_internal": 0.34294876348630543, "distribution": "{\"name\": \"FloatDistribution\", \"attributes\": {\"step\": null, \"low\": 0.0, \"high\": 1.0, \"log\": false}}"}
{"op_code": 5, "worker_id": "869abb79-ebc0-40e5-83be-0349cda3edb0-140329810638656", "trial_id": 2, "param_name": "ridge", "param_value_internal": 3.581198225049582e-09, "distribution": "{\"name\": \"FloatDistribution\", \"attributes\": {\"step\": null, \"low\": 1e-09, \"high\": 0.01, \"log\": true}}"}
{"op_code": 0, "worker_id": "20bf4e03-4f1c-41ec-9144-ff41a581b820-139728018720576", "study_name": "rossler_-7_4020_offline", "directions": [1]}
{"op_code": 5, "worker_id": "da37cea1-33e7-4524-b484-59ffa9f44172-139743072872256", "trial_id": 3, "param_name": "ridge", "param_value_internal": 1.3455510234569633e-09, "distribution": "{\"name\": \"FloatDistribution\", \"attributes\": {\"step\": null, \"low\": 1e-09, \"high\": 0.01, \"log\": true}}"}
{"op_code": 4, "worker_id": "20bf4e03-4f1c-41ec-9144-ff41a581b820-139728018720576", "study_id": 0, "datetime_start": "2024-01-04T01:02:38.148436"}
{"op_code": 5, "worker_id": "20bf4e03-4f1c-41ec-9144-ff41a581b820-139728018720576", "trial_id": 4, "param_name": "sr", "param_value_internal": 0.021985106559712395, "distribution": "{\"name\": \"FloatDistribution\", \"attributes\": {\"step\": null, \"low\": 0.01, \"high\": 10.0, \"log\": true}}"}
{"op_code": 5, "worker_id": "20bf4e03-4f1c-41ec-9144-ff41a581b820-139728018720576", "trial_id": 4, "param_name": "lr", "param_value_internal": 0.34909251617892423, "distribution": "{\"name\": \"FloatDistribution\", \"attributes\": {\"step\": null, \"low\": 0.001, \"high\": 1.0, \"log\": true}}"}
{"op_code": 0, "worker_id": "db57be9b-9aff-4e81-8df5-ad0ee1bdc24e-140004753475392", "study_name": "rossler_-7_4020_offline", "directions": [1]}
{"op_code": 5, "worker_id": "20bf4e03-4f1c-41ec-9144-ff41a581b820-139728018720576", "trial_id": 4, "param_name": "iss", "param_value_internal": 0.4024942037506183, "distribution": "{\"name\": \"FloatDistribution\", \"attributes\": {\"step\": null, \"low\": 0.0, \"high\": 1.0, \"log\": false}}"}
{"op_code": 5, "worker_id": "20bf4e03-4f1c-41ec-9144-ff41a581b820-139728018720576", "trial_id": 4, "param_name": "ridge", "param_value_internal": 2.0173381370680307e-05, "distribution": "{\"name\": \"FloatDistribution\", \"attributes\": {\"step\": null, \"low\": 1e-09, \"high\": 0.01, \"log\": true}}"}
{"op_code": 4, "worker_id": "db57be9b-9aff-4e81-8df5-ad0ee1bdc24e-140004753475392", "study_id": 0, "datetime_start": "2024-01-04T01:02:38.173997"}
{"op_code": 5, "worker_id": "db57be9b-9aff-4e81-8df5-ad0ee1bdc24e-140004753475392", "trial_id": 5, "param_name": "sr", "param_value_internal": 0.45578836376442367, "distribution": "{\"name\": \"FloatDistribution\", \"attributes\": {\"step\": null, \"low\": 0.01, \"high\": 10.0, \"log\": true}}"}
{"op_code": 5, "worker_id": "db57be9b-9aff-4e81-8df5-ad0ee1bdc24e-140004753475392", "trial_id": 5, "param_name": "lr", "param_value_internal": 0.06215000557966594, "distribution": "{\"name\": \"FloatDistribution\", \"attributes\": {\"step\": null, \"low\": 0.001, \"high\": 1.0, \"log\": true}}"}
{"op_code": 5, "worker_id": "db57be9b-9aff-4e81-8df5-ad0ee1bdc24e-140004753475392", "trial_id": 5, "param_name": "iss", "param_value_internal": 0.24641376505323265, "distribution": "{\"name\": \"FloatDistribution\", \"attributes\": {\"step\": null, \"low\": 0.0, \"high\": 1.0, \"log\": false}}"}
{"op_code": 5, "worker_id": "db57be9b-9aff-4e81-8df5-ad0ee1bdc24e-140004753475392", "trial_id": 5, "param_name": "ridge", "param_value_internal": 5.966884628480971e-08, "distribution": "{\"name\": \"FloatDistribution\", \"attributes\": {\"step\": null, \"low\": 1e-09, \"high\": 0.01, \"log\": true}}"}
{"op_code": 4, "worker_id": "a5ce12b8-c8e0-4c5c-addb-66da603bd80a-140381948032832", "study_id": 0, "datetime_start": "2024-01-04T01:02:38.002300"}
{"op_code": 5, "worker_id": "a5ce12b8-c8e0-4c5c-addb-66da603bd80a-140381948032832", "trial_id": 6, "param_name": "sr", "param_value_internal": 1.7277956376290131, "distribution": "{\"name\": \"FloatDistribution\", \"attributes\": {\"step\": null, \"low\": 0.01, \"high\": 10.0, \"log\": true}}"}
{"op_code": 5, "worker_id": "a5ce12b8-c8e0-4c5c-addb-66da603bd80a-140381948032832", "trial_id": 6, "param_name": "lr", "param_value_internal": 0.39094591671528167, "distribution": "{\"name\": \"FloatDistribution\", \"attributes\": {\"step\": null, \"low\": 0.001, \"high\": 1.0, \"log\": true}}"}
{"op_code": 5, "worker_id": "a5ce12b8-c8e0-4c5c-addb-66da603bd80a-140381948032832", "trial_id": 6, "param_name": "iss", "param_value_internal": 0.06587422152071731, "distribution": "{\"name\": \"FloatDistribution\", \"attributes\": {\"step\": null, \"low\": 0.0, \"high\": 1.0, \"log\": false}}"}
{"op_code": 5, "worker_id": "a5ce12b8-c8e0-4c5c-addb-66da603bd80a-140381948032832", "trial_id": 6, "param_name": "ridge", "param_value_internal": 2.7595603548296097e-06, "distribution": "{\"name\": \"FloatDistribution\", \"attributes\": {\"step\": null, \"low\": 1e-09, \"high\": 0.01, \"log\": true}}"}
{"op_code": 0, "worker_id": "f57fa12f-4e89-45a8-aebe-7d65016d2127-139729743497024", "study_name": "rossler_-7_4020_offline", "directions": [1]}
{"op_code": 4, "worker_id": "f57fa12f-4e89-45a8-aebe-7d65016d2127-139729743497024", "study_id": 0, "datetime_start": "2024-01-04T01:02:38.374827"}
{"op_code": 5, "worker_id": "f57fa12f-4e89-45a8-aebe-7d65016d2127-139729743497024", "trial_id": 7, "param_name": "sr", "param_value_internal": 6.402046638182789, "distribution": "{\"name\": \"FloatDistribution\", \"attributes\": {\"step\": null, \"low\": 0.01, \"high\": 10.0, \"log\": true}}"}
{"op_code": 5, "worker_id": "f57fa12f-4e89-45a8-aebe-7d65016d2127-139729743497024", "trial_id": 7, "param_name": "lr", "param_value_internal": 0.021019787631703545, "distribution": "{\"name\": \"FloatDistribution\", \"attributes\": {\"step\": null, \"low\": 0.001, \"high\": 1.0, \"log\": true}}"}
{"op_code": 5, "worker_id": "f57fa12f-4e89-45a8-aebe-7d65016d2127-139729743497024", "trial_id": 7, "param_name": "iss", "param_value_internal": 0.08402287377074513, "distribution": "{\"name\": \"FloatDistribution\", \"attributes\": {\"step\": null, \"low\": 0.0, \"high\": 1.0, \"log\": false}}"}
{"op_code": 5, "worker_id": "f57fa12f-4e89-45a8-aebe-7d65016d2127-139729743497024", "trial_id": 7, "param_name": "ridge", "param_value_internal": 3.4315896488107537e-07, "distribution": "{\"name\": \"FloatDistribution\", \"attributes\": {\"step\": null, \"low\": 1e-09, \"high\": 0.01, \"log\": true}}"}
{"op_code": 6, "worker_id": "869abb79-ebc0-40e5-83be-0349cda3edb0-140329810638656", "trial_id": 2, "state": 1, "values": [0.0025224477829260505], "datetime_complete": "2024-01-04T02:23:26.089388"}
{"op_code": 6, "worker_id": "db57be9b-9aff-4e81-8df5-ad0ee1bdc24e-140004753475392", "trial_id": 5, "state": 1, "values": [0.0032686914010797157], "datetime_complete": "2024-01-04T02:23:32.445791"}
{"op_code": 6, "worker_id": "20bf4e03-4f1c-41ec-9144-ff41a581b820-139728018720576", "trial_id": 4, "state": 1, "values": [0.0031653734728067117], "datetime_complete": "2024-01-04T02:23:58.150138"}
{"op_code": 6, "worker_id": "36bcccdb-4823-4b3d-ba04-144d260c02d3-140535199360832", "trial_id": 1, "state": 1, "values": [0.005071893162212188], "datetime_complete": "2024-01-04T02:25:06.671917"}
{"op_code": 6, "worker_id": "a5ce12b8-c8e0-4c5c-addb-66da603bd80a-140381948032832", "trial_id": 6, "state": 1, "values": [0.10606984881019736], "datetime_complete": "2024-01-04T02:25:08.045635"}
{"op_code": 6, "worker_id": "da37cea1-33e7-4524-b484-59ffa9f44172-139743072872256", "trial_id": 3, "state": 1, "values": [0.0028775815448149043], "datetime_complete": "2024-01-04T02:25:36.623946"}
{"op_code": 6, "worker_id": "f57fa12f-4e89-45a8-aebe-7d65016d2127-139729743497024", "trial_id": 7, "state": 1, "values": [166.58986529634697], "datetime_complete": "2024-01-04T02:25:57.008468"}
{"op_code": 6, "worker_id": "2fd5f0ec-de78-44a4-99d0-e5d4c5a6945f-139936535017280", "trial_id": 0, "state": 1, "values": [0.03597362082092555], "datetime_complete": "2024-01-04T02:25:58.254045"}
{"op_code": 7, "worker_id": "869abb79-ebc0-40e5-83be-0349cda3edb0-140329810638656", "trial_id": 2, "step": 0, "intermediate_value": 0.0025224477829260505}
