{"op_code": 0, "worker_id": "7dc0c505-fc1f-4604-889d-1d500b6da996-139780887988032", "study_name": "VDP_-7_4020_offline", "directions": [1]}
{"op_code": 4, "worker_id": "7dc0c505-fc1f-4604-889d-1d500b6da996-139780887988032", "study_id": 0, "datetime_start": "2024-01-18T16:57:29.158042"}
{"op_code": 5, "worker_id": "7dc0c505-fc1f-4604-889d-1d500b6da996-139780887988032", "trial_id": 0, "param_name": "sr", "param_value_internal": 6.739509574908645, "distribution": "{\"name\": \"FloatDistribution\", \"attributes\": {\"step\": null, \"low\": 0.01, \"high\": 10.0, \"log\": true}}"}
{"op_code": 5, "worker_id": "7dc0c505-fc1f-4604-889d-1d500b6da996-139780887988032", "trial_id": 0, "param_name": "lr", "param_value_internal": 0.5774675766743265, "distribution": "{\"name\": \"FloatDistribution\", \"attributes\": {\"step\": null, \"low\": 0.001, \"high\": 1.0, \"log\": true}}"}
{"op_code": 5, "worker_id": "7dc0c505-fc1f-4604-889d-1d500b6da996-139780887988032", "trial_id": 0, "param_name": "iss", "param_value_internal": 0.4906585574885043, "distribution": "{\"name\": \"FloatDistribution\", \"attributes\": {\"step\": null, \"low\": 0.0, \"high\": 1.0, \"log\": false}}"}
{"op_code": 0, "worker_id": "fe8f7002-77b1-4e38-891d-fcb2018666c7-140337253992256", "study_name": "VDP_-7_4020_offline", "directions": [1]}
{"op_code": 5, "worker_id": "7dc0c505-fc1f-4604-889d-1d500b6da996-139780887988032", "trial_id": 0, "param_name": "ridge", "param_value_internal": 2.7227113588571477e-05, "distribution": "{\"name\": \"FloatDistribution\", \"attributes\": {\"step\": null, \"low\": 1e-09, \"high\": 0.01, \"log\": true}}"}
{"op_code": 4, "worker_id": "fe8f7002-77b1-4e38-891d-fcb2018666c7-140337253992256", "study_id": 0, "datetime_start": "2024-01-18T16:57:29.176416"}
{"op_code": 5, "worker_id": "fe8f7002-77b1-4e38-891d-fcb2018666c7-140337253992256", "trial_id": 1, "param_name": "sr", "param_value_internal": 0.06376731256420587, "distribution": "{\"name\": \"FloatDistribution\", \"attributes\": {\"step\": null, \"low\": 0.01, \"high\": 10.0, \"log\": true}}"}
{"op_code": 5, "worker_id": "fe8f7002-77b1-4e38-891d-fcb2018666c7-140337253992256", "trial_id": 1, "param_name": "lr", "param_value_internal": 0.014320059675073157, "distribution": "{\"name\": \"FloatDistribution\", \"attributes\": {\"step\": null, \"low\": 0.001, \"high\": 1.0, \"log\": true}}"}
{"op_code": 5, "worker_id": "fe8f7002-77b1-4e38-891d-fcb2018666c7-140337253992256", "trial_id": 1, "param_name": "iss", "param_value_internal": 0.06664113388818971, "distribution": "{\"name\": \"FloatDistribution\", \"attributes\": {\"step\": null, \"low\": 0.0, \"high\": 1.0, \"log\": false}}"}
{"op_code": 0, "worker_id": "c95d6371-887e-47bf-9534-cc4df89aa23f-139958445451072", "study_name": "VDP_-7_4020_offline", "directions": [1]}
{"op_code": 5, "worker_id": "fe8f7002-77b1-4e38-891d-fcb2018666c7-140337253992256", "trial_id": 1, "param_name": "ridge", "param_value_internal": 4.017663948420401e-08, "distribution": "{\"name\": \"FloatDistribution\", \"attributes\": {\"step\": null, \"low\": 1e-09, \"high\": 0.01, \"log\": true}}"}
{"op_code": 0, "worker_id": "5ef79aee-b667-416f-a780-886fad62702a-140462866675520", "study_name": "VDP_-7_4020_offline", "directions": [1]}
{"op_code": 4, "worker_id": "c95d6371-887e-47bf-9534-cc4df89aa23f-139958445451072", "study_id": 0, "datetime_start": "2024-01-18T16:57:29.194970"}
{"op_code": 4, "worker_id": "5ef79aee-b667-416f-a780-886fad62702a-140462866675520", "study_id": 0, "datetime_start": "2024-01-18T16:57:29.200243"}
{"op_code": 5, "worker_id": "c95d6371-887e-47bf-9534-cc4df89aa23f-139958445451072", "trial_id": 2, "param_name": "sr", "param_value_internal": 0.06939740930226734, "distribution": "{\"name\": \"FloatDistribution\", \"attributes\": {\"step\": null, \"low\": 0.01, \"high\": 10.0, \"log\": true}}"}
{"op_code": 5, "worker_id": "c95d6371-887e-47bf-9534-cc4df89aa23f-139958445451072", "trial_id": 2, "param_name": "lr", "param_value_internal": 0.0034698288858836216, "distribution": "{\"name\": \"FloatDistribution\", \"attributes\": {\"step\": null, \"low\": 0.001, \"high\": 1.0, \"log\": true}}"}
{"op_code": 5, "worker_id": "5ef79aee-b667-416f-a780-886fad62702a-140462866675520", "trial_id": 3, "param_name": "sr", "param_value_internal": 0.27913806781275347, "distribution": "{\"name\": \"FloatDistribution\", \"attributes\": {\"step\": null, \"low\": 0.01, \"high\": 10.0, \"log\": true}}"}
{"op_code": 5, "worker_id": "c95d6371-887e-47bf-9534-cc4df89aa23f-139958445451072", "trial_id": 2, "param_name": "iss", "param_value_internal": 0.887321705704798, "distribution": "{\"name\": \"FloatDistribution\", \"attributes\": {\"step\": null, \"low\": 0.0, \"high\": 1.0, \"log\": false}}"}
{"op_code": 5, "worker_id": "5ef79aee-b667-416f-a780-886fad62702a-140462866675520", "trial_id": 3, "param_name": "lr", "param_value_internal": 0.004322411422541759, "distribution": "{\"name\": \"FloatDistribution\", \"attributes\": {\"step\": null, \"low\": 0.001, \"high\": 1.0, \"log\": true}}"}
{"op_code": 5, "worker_id": "c95d6371-887e-47bf-9534-cc4df89aa23f-139958445451072", "trial_id": 2, "param_name": "ridge", "param_value_internal": 0.0004251681978893513, "distribution": "{\"name\": \"FloatDistribution\", \"attributes\": {\"step\": null, \"low\": 1e-09, \"high\": 0.01, \"log\": true}}"}
{"op_code": 5, "worker_id": "5ef79aee-b667-416f-a780-886fad62702a-140462866675520", "trial_id": 3, "param_name": "iss", "param_value_internal": 0.8385059684737535, "distribution": "{\"name\": \"FloatDistribution\", \"attributes\": {\"step\": null, \"low\": 0.0, \"high\": 1.0, \"log\": false}}"}
{"op_code": 5, "worker_id": "5ef79aee-b667-416f-a780-886fad62702a-140462866675520", "trial_id": 3, "param_name": "ridge", "param_value_internal": 8.218044222266304e-07, "distribution": "{\"name\": \"FloatDistribution\", \"attributes\": {\"step\": null, \"low\": 1e-09, \"high\": 0.01, \"log\": true}}"}
{"op_code": 0, "worker_id": "0c707603-a6c3-43ba-a968-d746b2cffb51-140291590362944", "study_name": "VDP_-7_4020_offline", "directions": [1]}
{"op_code": 4, "worker_id": "0c707603-a6c3-43ba-a968-d746b2cffb51-140291590362944", "study_id": 0, "datetime_start": "2024-01-18T16:57:29.232007"}
{"op_code": 5, "worker_id": "0c707603-a6c3-43ba-a968-d746b2cffb51-140291590362944", "trial_id": 4, "param_name": "sr", "param_value_internal": 3.675017126558284, "distribution": "{\"name\": \"FloatDistribution\", \"attributes\": {\"step\": null, \"low\": 0.01, \"high\": 10.0, \"log\": true}}"}
{"op_code": 0, "worker_id": "5bd47637-71ab-4dc2-9432-027b7f0ca57c-139747099232064", "study_name": "VDP_-7_4020_offline", "directions": [1]}
{"op_code": 5, "worker_id": "0c707603-a6c3-43ba-a968-d746b2cffb51-140291590362944", "trial_id": 4, "param_name": "lr", "param_value_internal": 0.004972442677729964, "distribution": "{\"name\": \"FloatDistribution\", \"attributes\": {\"step\": null, \"low\": 0.001, \"high\": 1.0, \"log\": true}}"}
{"op_code": 4, "worker_id": "5bd47637-71ab-4dc2-9432-027b7f0ca57c-139747099232064", "study_id": 0, "datetime_start": "2024-01-18T16:57:29.244893"}
{"op_code": 5, "worker_id": "0c707603-a6c3-43ba-a968-d746b2cffb51-140291590362944", "trial_id": 4, "param_name": "iss", "param_value_internal": 0.28290843841104873, "distribution": "{\"name\": \"FloatDistribution\", \"attributes\": {\"step\": null, \"low\": 0.0, \"high\": 1.0, \"log\": false}}"}
{"op_code": 5, "worker_id": "5bd47637-71ab-4dc2-9432-027b7f0ca57c-139747099232064", "trial_id": 5, "param_name": "sr", "param_value_internal": 7.921933156558319, "distribution": "{\"name\": \"FloatDistribution\", \"attributes\": {\"step\": null, \"low\": 0.01, \"high\": 10.0, \"log\": true}}"}
{"op_code": 5, "worker_id": "0c707603-a6c3-43ba-a968-d746b2cffb51-140291590362944", "trial_id": 4, "param_name": "ridge", "param_value_internal": 2.4292949448109563e-05, "distribution": "{\"name\": \"FloatDistribution\", \"attributes\": {\"step\": null, \"low\": 1e-09, \"high\": 0.01, \"log\": true}}"}
{"op_code": 0, "worker_id": "5d639bd5-8831-4286-bd2d-dab5ce9f4271-140652016326464", "study_name": "VDP_-7_4020_offline", "directions": [1]}
{"op_code": 5, "worker_id": "5bd47637-71ab-4dc2-9432-027b7f0ca57c-139747099232064", "trial_id": 5, "param_name": "lr", "param_value_internal": 0.023445240146333583, "distribution": "{\"name\": \"FloatDistribution\", \"attributes\": {\"step\": null, \"low\": 0.001, \"high\": 1.0, \"log\": true}}"}
{"op_code": 0, "worker_id": "13a4aa93-7d4b-4c03-af74-b0878bd37299-139672847320896", "study_name": "VDP_-7_4020_offline", "directions": [1]}
{"op_code": 4, "worker_id": "5d639bd5-8831-4286-bd2d-dab5ce9f4271-140652016326464", "study_id": 0, "datetime_start": "2024-01-18T16:57:29.261178"}
{"op_code": 5, "worker_id": "5bd47637-71ab-4dc2-9432-027b7f0ca57c-139747099232064", "trial_id": 5, "param_name": "iss", "param_value_internal": 0.5959876726023102, "distribution": "{\"name\": \"FloatDistribution\", \"attributes\": {\"step\": null, \"low\": 0.0, \"high\": 1.0, \"log\": false}}"}
{"op_code": 4, "worker_id": "13a4aa93-7d4b-4c03-af74-b0878bd37299-139672847320896", "study_id": 0, "datetime_start": "2024-01-18T16:57:29.269264"}
{"op_code": 5, "worker_id": "5d639bd5-8831-4286-bd2d-dab5ce9f4271-140652016326464", "trial_id": 6, "param_name": "sr", "param_value_internal": 0.015191044097655832, "distribution": "{\"name\": \"FloatDistribution\", \"attributes\": {\"step\": null, \"low\": 0.01, \"high\": 10.0, \"log\": true}}"}
{"op_code": 5, "worker_id": "5bd47637-71ab-4dc2-9432-027b7f0ca57c-139747099232064", "trial_id": 5, "param_name": "ridge", "param_value_internal": 5.480784841170007e-09, "distribution": "{\"name\": \"FloatDistribution\", \"attributes\": {\"step\": null, \"low\": 1e-09, \"high\": 0.01, \"log\": true}}"}
{"op_code": 5, "worker_id": "5d639bd5-8831-4286-bd2d-dab5ce9f4271-140652016326464", "trial_id": 6, "param_name": "lr", "param_value_internal": 0.0015527306745318277, "distribution": "{\"name\": \"FloatDistribution\", \"attributes\": {\"step\": null, \"low\": 0.001, \"high\": 1.0, \"log\": true}}"}
{"op_code": 5, "worker_id": "13a4aa93-7d4b-4c03-af74-b0878bd37299-139672847320896", "trial_id": 7, "param_name": "sr", "param_value_internal": 0.03582698229313906, "distribution": "{\"name\": \"FloatDistribution\", \"attributes\": {\"step\": null, \"low\": 0.01, \"high\": 10.0, \"log\": true}}"}
{"op_code": 5, "worker_id": "5d639bd5-8831-4286-bd2d-dab5ce9f4271-140652016326464", "trial_id": 6, "param_name": "iss", "param_value_internal": 0.05948898299098537, "distribution": "{\"name\": \"FloatDistribution\", \"attributes\": {\"step\": null, \"low\": 0.0, \"high\": 1.0, \"log\": false}}"}
{"op_code": 5, "worker_id": "13a4aa93-7d4b-4c03-af74-b0878bd37299-139672847320896", "trial_id": 7, "param_name": "lr", "param_value_internal": 0.0015849221507548612, "distribution": "{\"name\": \"FloatDistribution\", \"attributes\": {\"step\": null, \"low\": 0.001, \"high\": 1.0, \"log\": true}}"}
{"op_code": 5, "worker_id": "5d639bd5-8831-4286-bd2d-dab5ce9f4271-140652016326464", "trial_id": 6, "param_name": "ridge", "param_value_internal": 4.983821688940772e-09, "distribution": "{\"name\": \"FloatDistribution\", \"attributes\": {\"step\": null, \"low\": 1e-09, \"high\": 0.01, \"log\": true}}"}
{"op_code": 5, "worker_id": "13a4aa93-7d4b-4c03-af74-b0878bd37299-139672847320896", "trial_id": 7, "param_name": "iss", "param_value_internal": 0.7560639478321647, "distribution": "{\"name\": \"FloatDistribution\", \"attributes\": {\"step\": null, \"low\": 0.0, \"high\": 1.0, \"log\": false}}"}
{"op_code": 5, "worker_id": "13a4aa93-7d4b-4c03-af74-b0878bd37299-139672847320896", "trial_id": 7, "param_name": "ridge", "param_value_internal": 7.690587393135321e-07, "distribution": "{\"name\": \"FloatDistribution\", \"attributes\": {\"step\": null, \"low\": 1e-09, \"high\": 0.01, \"log\": true}}"}
{"op_code": 6, "worker_id": "5bd47637-71ab-4dc2-9432-027b7f0ca57c-139747099232064", "trial_id": 5, "state": 1, "values": [40.76767634852681], "datetime_complete": "2024-01-18T17:45:31.118634"}
{"op_code": 6, "worker_id": "c95d6371-887e-47bf-9534-cc4df89aa23f-139958445451072", "trial_id": 2, "state": 1, "values": [0.010771814264846103], "datetime_complete": "2024-01-18T17:45:47.116926"}
{"op_code": 6, "worker_id": "5ef79aee-b667-416f-a780-886fad62702a-140462866675520", "trial_id": 3, "state": 1, "values": [0.0062732989858085815], "datetime_complete": "2024-01-18T17:45:56.746323"}
{"op_code": 6, "worker_id": "5d639bd5-8831-4286-bd2d-dab5ce9f4271-140652016326464", "trial_id": 6, "state": 1, "values": [0.01033362677219541], "datetime_complete": "2024-01-18T17:46:21.382197"}
{"op_code": 6, "worker_id": "7dc0c505-fc1f-4604-889d-1d500b6da996-139780887988032", "trial_id": 0, "state": 1, "values": [0.04100935618748686], "datetime_complete": "2024-01-18T17:46:31.103872"}
{"op_code": 6, "worker_id": "0c707603-a6c3-43ba-a968-d746b2cffb51-140291590362944", "trial_id": 4, "state": 1, "values": [103.22436816827415], "datetime_complete": "2024-01-18T17:46:49.281067"}
{"op_code": 6, "worker_id": "fe8f7002-77b1-4e38-891d-fcb2018666c7-140337253992256", "trial_id": 1, "state": 1, "values": [0.007203589305606888], "datetime_complete": "2024-01-18T17:47:03.780249"}
{"op_code": 6, "worker_id": "13a4aa93-7d4b-4c03-af74-b0878bd37299-139672847320896", "trial_id": 7, "state": 1, "values": [0.010557244944472197], "datetime_complete": "2024-01-18T17:47:56.823852"}
{"op_code": 7, "worker_id": "5bd47637-71ab-4dc2-9432-027b7f0ca57c-139747099232064", "trial_id": 5, "step": 0, "intermediate_value": 40.76767634852681}
