{"op_code": 0, "worker_id": "2c650ab8-314d-4ca6-9173-ef752e550a39-140102668420928", "study_name": "VDP_7_2010_offline_1", "directions": [1]}
{"op_code": 0, "worker_id": "8ad6e118-b1db-4145-87b8-9d9c26c558cd-140413609629504", "study_name": "VDP_7_2010_offline_1", "directions": [1]}
{"op_code": 0, "worker_id": "edbe2917-26b1-4c4c-b01c-43efe8cc773e-140604449511232", "study_name": "VDP_7_2010_offline_1", "directions": [1]}
{"op_code": 4, "worker_id": "edbe2917-26b1-4c4c-b01c-43efe8cc773e-140604449511232", "study_id": 0, "datetime_start": "2024-01-19T21:30:04.296008"}
{"op_code": 5, "worker_id": "edbe2917-26b1-4c4c-b01c-43efe8cc773e-140604449511232", "trial_id": 0, "param_name": "sr", "param_value_internal": 1.4749065088021887, "distribution": "{\"name\": \"FloatDistribution\", \"attributes\": {\"step\": null, \"low\": 0.01, \"high\": 10.0, \"log\": true}}"}
{"op_code": 5, "worker_id": "edbe2917-26b1-4c4c-b01c-43efe8cc773e-140604449511232", "trial_id": 0, "param_name": "lr", "param_value_internal": 0.0034942270616787267, "distribution": "{\"name\": \"FloatDistribution\", \"attributes\": {\"step\": null, \"low\": 0.001, \"high\": 1.0, \"log\": true}}"}
{"op_code": 0, "worker_id": "5564d751-792b-4dfe-bff8-b3e10f4c7a83-140531274995520", "study_name": "VDP_7_2010_offline_1", "directions": [1]}
{"op_code": 5, "worker_id": "edbe2917-26b1-4c4c-b01c-43efe8cc773e-140604449511232", "trial_id": 0, "param_name": "iss", "param_value_internal": 0.6301694359792955, "distribution": "{\"name\": \"FloatDistribution\", \"attributes\": {\"step\": null, \"low\": 0.0, \"high\": 1.0, \"log\": false}}"}
{"op_code": 5, "worker_id": "edbe2917-26b1-4c4c-b01c-43efe8cc773e-140604449511232", "trial_id": 0, "param_name": "ridge", "param_value_internal": 0.000766760899934707, "distribution": "{\"name\": \"FloatDistribution\", \"attributes\": {\"step\": null, \"low\": 1e-09, \"high\": 0.01, \"log\": true}}"}
{"op_code": 4, "worker_id": "5564d751-792b-4dfe-bff8-b3e10f4c7a83-140531274995520", "study_id": 0, "datetime_start": "2024-01-19T21:30:04.321696"}
{"op_code": 5, "worker_id": "5564d751-792b-4dfe-bff8-b3e10f4c7a83-140531274995520", "trial_id": 1, "param_name": "sr", "param_value_internal": 0.36655839408606883, "distribution": "{\"name\": \"FloatDistribution\", \"attributes\": {\"step\": null, \"low\": 0.01, \"high\": 10.0, \"log\": true}}"}
{"op_code": 5, "worker_id": "5564d751-792b-4dfe-bff8-b3e10f4c7a83-140531274995520", "trial_id": 1, "param_name": "lr", "param_value_internal": 0.02741905456394864, "distribution": "{\"name\": \"FloatDistribution\", \"attributes\": {\"step\": null, \"low\": 0.001, \"high\": 1.0, \"log\": true}}"}
{"op_code": 5, "worker_id": "5564d751-792b-4dfe-bff8-b3e10f4c7a83-140531274995520", "trial_id": 1, "param_name": "iss", "param_value_internal": 0.6600567938954622, "distribution": "{\"name\": \"FloatDistribution\", \"attributes\": {\"step\": null, \"low\": 0.0, \"high\": 1.0, \"log\": false}}"}
{"op_code": 5, "worker_id": "5564d751-792b-4dfe-bff8-b3e10f4c7a83-140531274995520", "trial_id": 1, "param_name": "ridge", "param_value_internal": 8.826885737078627e-08, "distribution": "{\"name\": \"FloatDistribution\", \"attributes\": {\"step\": null, \"low\": 1e-09, \"high\": 0.01, \"log\": true}}"}
{"op_code": 0, "worker_id": "2db51733-1d94-4c31-b413-daedd7c7b164-140142456731456", "study_name": "VDP_7_2010_offline_1", "directions": [1]}
{"op_code": 0, "worker_id": "ebc7294d-f9e9-4edf-8bb3-f8a7c1f6beef-139705869322048", "study_name": "VDP_7_2010_offline_1", "directions": [1]}
{"op_code": 4, "worker_id": "2c650ab8-314d-4ca6-9173-ef752e550a39-140102668420928", "study_id": 0, "datetime_start": "2024-01-19T21:30:04.187878"}
{"op_code": 4, "worker_id": "2db51733-1d94-4c31-b413-daedd7c7b164-140142456731456", "study_id": 0, "datetime_start": "2024-01-19T21:30:04.449891"}
{"op_code": 4, "worker_id": "ebc7294d-f9e9-4edf-8bb3-f8a7c1f6beef-139705869322048", "study_id": 0, "datetime_start": "2024-01-19T21:30:04.453711"}
{"op_code": 5, "worker_id": "2c650ab8-314d-4ca6-9173-ef752e550a39-140102668420928", "trial_id": 2, "param_name": "sr", "param_value_internal": 0.6960579075927524, "distribution": "{\"name\": \"FloatDistribution\", \"attributes\": {\"step\": null, \"low\": 0.01, \"high\": 10.0, \"log\": true}}"}
{"op_code": 5, "worker_id": "2db51733-1d94-4c31-b413-daedd7c7b164-140142456731456", "trial_id": 3, "param_name": "sr", "param_value_internal": 0.3685060686028425, "distribution": "{\"name\": \"FloatDistribution\", \"attributes\": {\"step\": null, \"low\": 0.01, \"high\": 10.0, \"log\": true}}"}
{"op_code": 5, "worker_id": "2c650ab8-314d-4ca6-9173-ef752e550a39-140102668420928", "trial_id": 2, "param_name": "lr", "param_value_internal": 0.004326320559546616, "distribution": "{\"name\": \"FloatDistribution\", \"attributes\": {\"step\": null, \"low\": 0.001, \"high\": 1.0, \"log\": true}}"}
{"op_code": 5, "worker_id": "2db51733-1d94-4c31-b413-daedd7c7b164-140142456731456", "trial_id": 3, "param_name": "lr", "param_value_internal": 0.009145404234386006, "distribution": "{\"name\": \"FloatDistribution\", \"attributes\": {\"step\": null, \"low\": 0.001, \"high\": 1.0, \"log\": true}}"}
{"op_code": 5, "worker_id": "2c650ab8-314d-4ca6-9173-ef752e550a39-140102668420928", "trial_id": 2, "param_name": "iss", "param_value_internal": 0.6615851601313658, "distribution": "{\"name\": \"FloatDistribution\", \"attributes\": {\"step\": null, \"low\": 0.0, \"high\": 1.0, \"log\": false}}"}
{"op_code": 5, "worker_id": "ebc7294d-f9e9-4edf-8bb3-f8a7c1f6beef-139705869322048", "trial_id": 4, "param_name": "sr", "param_value_internal": 0.13951008508717566, "distribution": "{\"name\": \"FloatDistribution\", \"attributes\": {\"step\": null, \"low\": 0.01, \"high\": 10.0, \"log\": true}}"}
{"op_code": 5, "worker_id": "2c650ab8-314d-4ca6-9173-ef752e550a39-140102668420928", "trial_id": 2, "param_name": "ridge", "param_value_internal": 0.0005329856058723195, "distribution": "{\"name\": \"FloatDistribution\", \"attributes\": {\"step\": null, \"low\": 1e-09, \"high\": 0.01, \"log\": true}}"}
{"op_code": 5, "worker_id": "ebc7294d-f9e9-4edf-8bb3-f8a7c1f6beef-139705869322048", "trial_id": 4, "param_name": "lr", "param_value_internal": 0.0012383374589240565, "distribution": "{\"name\": \"FloatDistribution\", \"attributes\": {\"step\": null, \"low\": 0.001, \"high\": 1.0, \"log\": true}}"}
{"op_code": 5, "worker_id": "ebc7294d-f9e9-4edf-8bb3-f8a7c1f6beef-139705869322048", "trial_id": 4, "param_name": "iss", "param_value_internal": 0.6248151351488257, "distribution": "{\"name\": \"FloatDistribution\", \"attributes\": {\"step\": null, \"low\": 0.0, \"high\": 1.0, \"log\": false}}"}
{"op_code": 5, "worker_id": "ebc7294d-f9e9-4edf-8bb3-f8a7c1f6beef-139705869322048", "trial_id": 4, "param_name": "ridge", "param_value_internal": 1.024727559320362e-06, "distribution": "{\"name\": \"FloatDistribution\", \"attributes\": {\"step\": null, \"low\": 1e-09, \"high\": 0.01, \"log\": true}}"}
{"op_code": 5, "worker_id": "2db51733-1d94-4c31-b413-daedd7c7b164-140142456731456", "trial_id": 3, "param_name": "iss", "param_value_internal": 0.8224718983125373, "distribution": "{\"name\": \"FloatDistribution\", \"attributes\": {\"step\": null, \"low\": 0.0, \"high\": 1.0, \"log\": false}}"}
{"op_code": 5, "worker_id": "2db51733-1d94-4c31-b413-daedd7c7b164-140142456731456", "trial_id": 3, "param_name": "ridge", "param_value_internal": 3.0075275420012644e-06, "distribution": "{\"name\": \"FloatDistribution\", \"attributes\": {\"step\": null, \"low\": 1e-09, \"high\": 0.01, \"log\": true}}"}
{"op_code": 0, "worker_id": "925dda6e-3775-4522-bcfe-4430201edb3f-140274424956736", "study_name": "VDP_7_2010_offline_1", "directions": [1]}
{"op_code": 4, "worker_id": "925dda6e-3775-4522-bcfe-4430201edb3f-140274424956736", "study_id": 0, "datetime_start": "2024-01-19T21:30:04.717948"}
{"op_code": 5, "worker_id": "925dda6e-3775-4522-bcfe-4430201edb3f-140274424956736", "trial_id": 5, "param_name": "sr", "param_value_internal": 0.28330689496498507, "distribution": "{\"name\": \"FloatDistribution\", \"attributes\": {\"step\": null, \"low\": 0.01, \"high\": 10.0, \"log\": true}}"}
{"op_code": 0, "worker_id": "c657ea98-d5f6-4b4e-a899-76beeea93d8d-140134534260544", "study_name": "VDP_7_2010_offline_1", "directions": [1]}
{"op_code": 5, "worker_id": "925dda6e-3775-4522-bcfe-4430201edb3f-140274424956736", "trial_id": 5, "param_name": "lr", "param_value_internal": 0.020320161439382534, "distribution": "{\"name\": \"FloatDistribution\", \"attributes\": {\"step\": null, \"low\": 0.001, \"high\": 1.0, \"log\": true}}"}
{"op_code": 5, "worker_id": "925dda6e-3775-4522-bcfe-4430201edb3f-140274424956736", "trial_id": 5, "param_name": "iss", "param_value_internal": 0.4025968355992541, "distribution": "{\"name\": \"FloatDistribution\", \"attributes\": {\"step\": null, \"low\": 0.0, \"high\": 1.0, \"log\": false}}"}
{"op_code": 4, "worker_id": "c657ea98-d5f6-4b4e-a899-76beeea93d8d-140134534260544", "study_id": 0, "datetime_start": "2024-01-19T21:30:04.738636"}
{"op_code": 5, "worker_id": "925dda6e-3775-4522-bcfe-4430201edb3f-140274424956736", "trial_id": 5, "param_name": "ridge", "param_value_internal": 1.4652337403888334e-08, "distribution": "{\"name\": \"FloatDistribution\", \"attributes\": {\"step\": null, \"low\": 1e-09, \"high\": 0.01, \"log\": true}}"}
{"op_code": 5, "worker_id": "c657ea98-d5f6-4b4e-a899-76beeea93d8d-140134534260544", "trial_id": 6, "param_name": "sr", "param_value_internal": 0.17999353183133, "distribution": "{\"name\": \"FloatDistribution\", \"attributes\": {\"step\": null, \"low\": 0.01, \"high\": 10.0, \"log\": true}}"}
{"op_code": 5, "worker_id": "c657ea98-d5f6-4b4e-a899-76beeea93d8d-140134534260544", "trial_id": 6, "param_name": "lr", "param_value_internal": 0.275294560404489, "distribution": "{\"name\": \"FloatDistribution\", \"attributes\": {\"step\": null, \"low\": 0.001, \"high\": 1.0, \"log\": true}}"}
{"op_code": 5, "worker_id": "c657ea98-d5f6-4b4e-a899-76beeea93d8d-140134534260544", "trial_id": 6, "param_name": "iss", "param_value_internal": 0.9200131190766058, "distribution": "{\"name\": \"FloatDistribution\", \"attributes\": {\"step\": null, \"low\": 0.0, \"high\": 1.0, \"log\": false}}"}
{"op_code": 5, "worker_id": "c657ea98-d5f6-4b4e-a899-76beeea93d8d-140134534260544", "trial_id": 6, "param_name": "ridge", "param_value_internal": 5.926107518734193e-07, "distribution": "{\"name\": \"FloatDistribution\", \"attributes\": {\"step\": null, \"low\": 1e-09, \"high\": 0.01, \"log\": true}}"}
{"op_code": 4, "worker_id": "8ad6e118-b1db-4145-87b8-9d9c26c558cd-140413609629504", "study_id": 0, "datetime_start": "2024-01-19T21:30:04.192563"}
{"op_code": 5, "worker_id": "8ad6e118-b1db-4145-87b8-9d9c26c558cd-140413609629504", "trial_id": 7, "param_name": "sr", "param_value_internal": 5.361630905693841, "distribution": "{\"name\": \"FloatDistribution\", \"attributes\": {\"step\": null, \"low\": 0.01, \"high\": 10.0, \"log\": true}}"}
{"op_code": 5, "worker_id": "8ad6e118-b1db-4145-87b8-9d9c26c558cd-140413609629504", "trial_id": 7, "param_name": "lr", "param_value_internal": 0.02062667940774385, "distribution": "{\"name\": \"FloatDistribution\", \"attributes\": {\"step\": null, \"low\": 0.001, \"high\": 1.0, \"log\": true}}"}
{"op_code": 5, "worker_id": "8ad6e118-b1db-4145-87b8-9d9c26c558cd-140413609629504", "trial_id": 7, "param_name": "iss", "param_value_internal": 0.509625129070908, "distribution": "{\"name\": \"FloatDistribution\", \"attributes\": {\"step\": null, \"low\": 0.0, \"high\": 1.0, \"log\": false}}"}
{"op_code": 5, "worker_id": "8ad6e118-b1db-4145-87b8-9d9c26c558cd-140413609629504", "trial_id": 7, "param_name": "ridge", "param_value_internal": 0.000893652374559344, "distribution": "{\"name\": \"FloatDistribution\", \"attributes\": {\"step\": null, \"low\": 1e-09, \"high\": 0.01, \"log\": true}}"}
{"op_code": 6, "worker_id": "ebc7294d-f9e9-4edf-8bb3-f8a7c1f6beef-139705869322048", "trial_id": 4, "state": 1, "values": [0.02254798389645751], "datetime_complete": "2024-01-19T21:56:46.443834"}
{"op_code": 6, "worker_id": "c657ea98-d5f6-4b4e-a899-76beeea93d8d-140134534260544", "trial_id": 6, "state": 1, "values": [0.003111122950979536], "datetime_complete": "2024-01-19T21:57:07.330115"}
{"op_code": 6, "worker_id": "5564d751-792b-4dfe-bff8-b3e10f4c7a83-140531274995520", "trial_id": 1, "state": 1, "values": [0.0037372146252393924], "datetime_complete": "2024-01-19T21:57:25.019476"}
{"op_code": 6, "worker_id": "8ad6e118-b1db-4145-87b8-9d9c26c558cd-140413609629504", "trial_id": 7, "state": 1, "values": [4.1491084453788645], "datetime_complete": "2024-01-19T21:57:33.373268"}
{"op_code": 6, "worker_id": "edbe2917-26b1-4c4c-b01c-43efe8cc773e-140604449511232", "trial_id": 0, "state": 1, "values": [1.7286170051094434], "datetime_complete": "2024-01-19T21:57:50.997115"}
{"op_code": 6, "worker_id": "2c650ab8-314d-4ca6-9173-ef752e550a39-140102668420928", "trial_id": 2, "state": 1, "values": [0.00835321920143812], "datetime_complete": "2024-01-19T21:57:59.455936"}
{"op_code": 6, "worker_id": "925dda6e-3775-4522-bcfe-4430201edb3f-140274424956736", "trial_id": 5, "state": 1, "values": [0.0038731265000570003], "datetime_complete": "2024-01-19T21:58:06.185392"}
{"op_code": 6, "worker_id": "2db51733-1d94-4c31-b413-daedd7c7b164-140142456731456", "trial_id": 3, "state": 1, "values": [0.005391352936788422], "datetime_complete": "2024-01-19T21:58:20.900149"}
{"op_code": 7, "worker_id": "ebc7294d-f9e9-4edf-8bb3-f8a7c1f6beef-139705869322048", "trial_id": 4, "step": 0, "intermediate_value": 0.02254798389645751}
