{"op_code": 0, "worker_id": "0238dbd8-4d31-4552-a356-d4616138cd7f-139833197070144", "study_name": "VDP_-7_4020_extended", "directions": [1]}
{"op_code": 0, "worker_id": "608bc3fe-8740-48f5-b6a8-00c36ed290df-140477652301632", "study_name": "VDP_-7_4020_extended", "directions": [1]}
{"op_code": 4, "worker_id": "608bc3fe-8740-48f5-b6a8-00c36ed290df-140477652301632", "study_id": 0, "datetime_start": "2024-01-23T21:25:11.219597"}
{"op_code": 5, "worker_id": "608bc3fe-8740-48f5-b6a8-00c36ed290df-140477652301632", "trial_id": 0, "param_name": "sr", "param_value_internal": 0.02569387044377532, "distribution": "{\"name\": \"FloatDistribution\", \"attributes\": {\"step\": null, \"low\": 0.01, \"high\": 10.0, \"log\": true}}"}
{"op_code": 5, "worker_id": "608bc3fe-8740-48f5-b6a8-00c36ed290df-140477652301632", "trial_id": 0, "param_name": "lr", "param_value_internal": 0.01793781894529081, "distribution": "{\"name\": \"FloatDistribution\", \"attributes\": {\"step\": null, \"low\": 0.001, \"high\": 1.0, \"log\": true}}"}
{"op_code": 5, "worker_id": "608bc3fe-8740-48f5-b6a8-00c36ed290df-140477652301632", "trial_id": 0, "param_name": "iss", "param_value_internal": 0.5248370190898302, "distribution": "{\"name\": \"FloatDistribution\", \"attributes\": {\"step\": null, \"low\": 0.0, \"high\": 1.0, \"log\": false}}"}
{"op_code": 5, "worker_id": "608bc3fe-8740-48f5-b6a8-00c36ed290df-140477652301632", "trial_id": 0, "param_name": "ridge", "param_value_internal": 4.880867704083624e-07, "distribution": "{\"name\": \"FloatDistribution\", \"attributes\": {\"step\": null, \"low\": 1e-09, \"high\": 0.01, \"log\": true}}"}
{"op_code": 0, "worker_id": "a35c8dfa-a4b4-45a3-a31f-1830b7fbc45b-139964542060352", "study_name": "VDP_-7_4020_extended", "directions": [1]}
{"op_code": 4, "worker_id": "0238dbd8-4d31-4552-a356-d4616138cd7f-139833197070144", "study_id": 0, "datetime_start": "2024-01-23T21:25:11.117235"}
{"op_code": 4, "worker_id": "a35c8dfa-a4b4-45a3-a31f-1830b7fbc45b-139964542060352", "study_id": 0, "datetime_start": "2024-01-23T21:25:11.248301"}
{"op_code": 0, "worker_id": "0dd7b710-b737-454f-9c6a-de91735ad14d-140399771584320", "study_name": "VDP_-7_4020_extended", "directions": [1]}
{"op_code": 5, "worker_id": "0238dbd8-4d31-4552-a356-d4616138cd7f-139833197070144", "trial_id": 1, "param_name": "sr", "param_value_internal": 0.022570285761091748, "distribution": "{\"name\": \"FloatDistribution\", \"attributes\": {\"step\": null, \"low\": 0.01, \"high\": 10.0, \"log\": true}}"}
{"op_code": 5, "worker_id": "a35c8dfa-a4b4-45a3-a31f-1830b7fbc45b-139964542060352", "trial_id": 2, "param_name": "sr", "param_value_internal": 0.09267456758189539, "distribution": "{\"name\": \"FloatDistribution\", \"attributes\": {\"step\": null, \"low\": 0.01, \"high\": 10.0, \"log\": true}}"}
{"op_code": 5, "worker_id": "0238dbd8-4d31-4552-a356-d4616138cd7f-139833197070144", "trial_id": 1, "param_name": "lr", "param_value_internal": 0.1338862043214518, "distribution": "{\"name\": \"FloatDistribution\", \"attributes\": {\"step\": null, \"low\": 0.001, \"high\": 1.0, \"log\": true}}"}
{"op_code": 5, "worker_id": "a35c8dfa-a4b4-45a3-a31f-1830b7fbc45b-139964542060352", "trial_id": 2, "param_name": "lr", "param_value_internal": 0.001936842604284409, "distribution": "{\"name\": \"FloatDistribution\", \"attributes\": {\"step\": null, \"low\": 0.001, \"high\": 1.0, \"log\": true}}"}
{"op_code": 5, "worker_id": "0238dbd8-4d31-4552-a356-d4616138cd7f-139833197070144", "trial_id": 1, "param_name": "iss", "param_value_internal": 0.4994401274955437, "distribution": "{\"name\": \"FloatDistribution\", \"attributes\": {\"step\": null, \"low\": 0.0, \"high\": 1.0, \"log\": false}}"}
{"op_code": 5, "worker_id": "a35c8dfa-a4b4-45a3-a31f-1830b7fbc45b-139964542060352", "trial_id": 2, "param_name": "iss", "param_value_internal": 0.05582628522090016, "distribution": "{\"name\": \"FloatDistribution\", \"attributes\": {\"step\": null, \"low\": 0.0, \"high\": 1.0, \"log\": false}}"}
{"op_code": 5, "worker_id": "0238dbd8-4d31-4552-a356-d4616138cd7f-139833197070144", "trial_id": 1, "param_name": "ridge", "param_value_internal": 1.2767926927120925e-05, "distribution": "{\"name\": \"FloatDistribution\", \"attributes\": {\"step\": null, \"low\": 1e-09, \"high\": 0.01, \"log\": true}}"}
{"op_code": 5, "worker_id": "a35c8dfa-a4b4-45a3-a31f-1830b7fbc45b-139964542060352", "trial_id": 2, "param_name": "ridge", "param_value_internal": 0.0014577327769725757, "distribution": "{\"name\": \"FloatDistribution\", \"attributes\": {\"step\": null, \"low\": 1e-09, \"high\": 0.01, \"log\": true}}"}
{"op_code": 4, "worker_id": "0dd7b710-b737-454f-9c6a-de91735ad14d-140399771584320", "study_id": 0, "datetime_start": "2024-01-23T21:25:11.261355"}
{"op_code": 5, "worker_id": "0dd7b710-b737-454f-9c6a-de91735ad14d-140399771584320", "trial_id": 3, "param_name": "sr", "param_value_internal": 4.487403048855999, "distribution": "{\"name\": \"FloatDistribution\", \"attributes\": {\"step\": null, \"low\": 0.01, \"high\": 10.0, \"log\": true}}"}
{"op_code": 5, "worker_id": "0dd7b710-b737-454f-9c6a-de91735ad14d-140399771584320", "trial_id": 3, "param_name": "lr", "param_value_internal": 0.0067410063509199345, "distribution": "{\"name\": \"FloatDistribution\", \"attributes\": {\"step\": null, \"low\": 0.001, \"high\": 1.0, \"log\": true}}"}
{"op_code": 5, "worker_id": "0dd7b710-b737-454f-9c6a-de91735ad14d-140399771584320", "trial_id": 3, "param_name": "iss", "param_value_internal": 0.024112216114302698, "distribution": "{\"name\": \"FloatDistribution\", \"attributes\": {\"step\": null, \"low\": 0.0, \"high\": 1.0, \"log\": false}}"}
{"op_code": 5, "worker_id": "0dd7b710-b737-454f-9c6a-de91735ad14d-140399771584320", "trial_id": 3, "param_name": "ridge", "param_value_internal": 4.5634757402877553e-07, "distribution": "{\"name\": \"FloatDistribution\", \"attributes\": {\"step\": null, \"low\": 1e-09, \"high\": 0.01, \"log\": true}}"}
{"op_code": 0, "worker_id": "aeb131c4-06da-4df7-87f9-eb066668a3c1-139979275568960", "study_name": "VDP_-7_4020_extended", "directions": [1]}
{"op_code": 4, "worker_id": "aeb131c4-06da-4df7-87f9-eb066668a3c1-139979275568960", "study_id": 0, "datetime_start": "2024-01-23T21:25:11.377187"}
{"op_code": 5, "worker_id": "aeb131c4-06da-4df7-87f9-eb066668a3c1-139979275568960", "trial_id": 4, "param_name": "sr", "param_value_internal": 0.017147534778280647, "distribution": "{\"name\": \"FloatDistribution\", \"attributes\": {\"step\": null, \"low\": 0.01, \"high\": 10.0, \"log\": true}}"}
{"op_code": 5, "worker_id": "aeb131c4-06da-4df7-87f9-eb066668a3c1-139979275568960", "trial_id": 4, "param_name": "lr", "param_value_internal": 0.20684996233215536, "distribution": "{\"name\": \"FloatDistribution\", \"attributes\": {\"step\": null, \"low\": 0.001, \"high\": 1.0, \"log\": true}}"}
{"op_code": 5, "worker_id": "aeb131c4-06da-4df7-87f9-eb066668a3c1-139979275568960", "trial_id": 4, "param_name": "iss", "param_value_internal": 0.08627098991043858, "distribution": "{\"name\": \"FloatDistribution\", \"attributes\": {\"step\": null, \"low\": 0.0, \"high\": 1.0, \"log\": false}}"}
{"op_code": 5, "worker_id": "aeb131c4-06da-4df7-87f9-eb066668a3c1-139979275568960", "trial_id": 4, "param_name": "ridge", "param_value_internal": 0.009154186700189079, "distribution": "{\"name\": \"FloatDistribution\", \"attributes\": {\"step\": null, \"low\": 1e-09, \"high\": 0.01, \"log\": true}}"}
{"op_code": 0, "worker_id": "9b2faea5-da30-4c61-b549-f8a646f5921f-139966451353408", "study_name": "VDP_-7_4020_extended", "directions": [1]}
{"op_code": 4, "worker_id": "9b2faea5-da30-4c61-b549-f8a646f5921f-139966451353408", "study_id": 0, "datetime_start": "2024-01-23T21:25:11.635480"}
{"op_code": 5, "worker_id": "9b2faea5-da30-4c61-b549-f8a646f5921f-139966451353408", "trial_id": 5, "param_name": "sr", "param_value_internal": 0.021644062741372157, "distribution": "{\"name\": \"FloatDistribution\", \"attributes\": {\"step\": null, \"low\": 0.01, \"high\": 10.0, \"log\": true}}"}
{"op_code": 5, "worker_id": "9b2faea5-da30-4c61-b549-f8a646f5921f-139966451353408", "trial_id": 5, "param_name": "lr", "param_value_internal": 0.0030947620833085623, "distribution": "{\"name\": \"FloatDistribution\", \"attributes\": {\"step\": null, \"low\": 0.001, \"high\": 1.0, \"log\": true}}"}
{"op_code": 5, "worker_id": "9b2faea5-da30-4c61-b549-f8a646f5921f-139966451353408", "trial_id": 5, "param_name": "iss", "param_value_internal": 0.19853080542358958, "distribution": "{\"name\": \"FloatDistribution\", \"attributes\": {\"step\": null, \"low\": 0.0, \"high\": 1.0, \"log\": false}}"}
{"op_code": 5, "worker_id": "9b2faea5-da30-4c61-b549-f8a646f5921f-139966451353408", "trial_id": 5, "param_name": "ridge", "param_value_internal": 6.045409371090703e-07, "distribution": "{\"name\": \"FloatDistribution\", \"attributes\": {\"step\": null, \"low\": 1e-09, \"high\": 0.01, \"log\": true}}"}
{"op_code": 0, "worker_id": "287636a4-d538-4441-b8e8-9eb73a382016-139847486875456", "study_name": "VDP_-7_4020_extended", "directions": [1]}
{"op_code": 4, "worker_id": "287636a4-d538-4441-b8e8-9eb73a382016-139847486875456", "study_id": 0, "datetime_start": "2024-01-23T21:25:12.147649"}
{"op_code": 5, "worker_id": "287636a4-d538-4441-b8e8-9eb73a382016-139847486875456", "trial_id": 6, "param_name": "sr", "param_value_internal": 8.591647082882814, "distribution": "{\"name\": \"FloatDistribution\", \"attributes\": {\"step\": null, \"low\": 0.01, \"high\": 10.0, \"log\": true}}"}
{"op_code": 5, "worker_id": "287636a4-d538-4441-b8e8-9eb73a382016-139847486875456", "trial_id": 6, "param_name": "lr", "param_value_internal": 0.01138719894537511, "distribution": "{\"name\": \"FloatDistribution\", \"attributes\": {\"step\": null, \"low\": 0.001, \"high\": 1.0, \"log\": true}}"}
{"op_code": 5, "worker_id": "287636a4-d538-4441-b8e8-9eb73a382016-139847486875456", "trial_id": 6, "param_name": "iss", "param_value_internal": 0.7998058702040428, "distribution": "{\"name\": \"FloatDistribution\", \"attributes\": {\"step\": null, \"low\": 0.0, \"high\": 1.0, \"log\": false}}"}
{"op_code": 5, "worker_id": "287636a4-d538-4441-b8e8-9eb73a382016-139847486875456", "trial_id": 6, "param_name": "ridge", "param_value_internal": 1.332027707389495e-05, "distribution": "{\"name\": \"FloatDistribution\", \"attributes\": {\"step\": null, \"low\": 1e-09, \"high\": 0.01, \"log\": true}}"}
{"op_code": 0, "worker_id": "1b9f58c9-84ab-4a5c-8e7f-642bcb1e3dd0-140324459927360", "study_name": "VDP_-7_4020_extended", "directions": [1]}
{"op_code": 4, "worker_id": "1b9f58c9-84ab-4a5c-8e7f-642bcb1e3dd0-140324459927360", "study_id": 0, "datetime_start": "2024-01-23T21:25:13.150136"}
{"op_code": 5, "worker_id": "1b9f58c9-84ab-4a5c-8e7f-642bcb1e3dd0-140324459927360", "trial_id": 7, "param_name": "sr", "param_value_internal": 0.7554552426699085, "distribution": "{\"name\": \"FloatDistribution\", \"attributes\": {\"step\": null, \"low\": 0.01, \"high\": 10.0, \"log\": true}}"}
{"op_code": 5, "worker_id": "1b9f58c9-84ab-4a5c-8e7f-642bcb1e3dd0-140324459927360", "trial_id": 7, "param_name": "lr", "param_value_internal": 0.5767865997608611, "distribution": "{\"name\": \"FloatDistribution\", \"attributes\": {\"step\": null, \"low\": 0.001, \"high\": 1.0, \"log\": true}}"}
{"op_code": 5, "worker_id": "1b9f58c9-84ab-4a5c-8e7f-642bcb1e3dd0-140324459927360", "trial_id": 7, "param_name": "iss", "param_value_internal": 0.6381337325756944, "distribution": "{\"name\": \"FloatDistribution\", \"attributes\": {\"step\": null, \"low\": 0.0, \"high\": 1.0, \"log\": false}}"}
{"op_code": 5, "worker_id": "1b9f58c9-84ab-4a5c-8e7f-642bcb1e3dd0-140324459927360", "trial_id": 7, "param_name": "ridge", "param_value_internal": 2.338982485352491e-07, "distribution": "{\"name\": \"FloatDistribution\", \"attributes\": {\"step\": null, \"low\": 1e-09, \"high\": 0.01, \"log\": true}}"}
{"op_code": 6, "worker_id": "1b9f58c9-84ab-4a5c-8e7f-642bcb1e3dd0-140324459927360", "trial_id": 7, "state": 1, "values": [0.0027540234458142223], "datetime_complete": "2024-01-23T22:13:17.033819"}
{"op_code": 6, "worker_id": "0238dbd8-4d31-4552-a356-d4616138cd7f-139833197070144", "trial_id": 1, "state": 1, "values": [0.0037371125053072304], "datetime_complete": "2024-01-23T22:13:19.615399"}
{"op_code": 6, "worker_id": "9b2faea5-da30-4c61-b549-f8a646f5921f-139966451353408", "trial_id": 5, "state": 1, "values": [0.008779975754414637], "datetime_complete": "2024-01-23T22:13:53.833591"}
{"op_code": 6, "worker_id": "287636a4-d538-4441-b8e8-9eb73a382016-139847486875456", "trial_id": 6, "state": 1, "values": [53.98589591265539], "datetime_complete": "2024-01-23T22:13:55.155538"}
{"op_code": 6, "worker_id": "aeb131c4-06da-4df7-87f9-eb066668a3c1-139979275568960", "trial_id": 4, "state": 1, "values": [0.004162825168056923], "datetime_complete": "2024-01-23T22:13:56.118497"}
{"op_code": 6, "worker_id": "0dd7b710-b737-454f-9c6a-de91735ad14d-140399771584320", "trial_id": 3, "state": 1, "values": [1356.390031837315], "datetime_complete": "2024-01-23T22:14:04.699449"}
{"op_code": 6, "worker_id": "608bc3fe-8740-48f5-b6a8-00c36ed290df-140477652301632", "trial_id": 0, "state": 1, "values": [0.005520076310094781], "datetime_complete": "2024-01-23T22:14:09.044143"}
{"op_code": 6, "worker_id": "a35c8dfa-a4b4-45a3-a31f-1830b7fbc45b-139964542060352", "trial_id": 2, "state": 1, "values": [0.02097655431989579], "datetime_complete": "2024-01-23T22:15:40.077343"}
{"op_code": 7, "worker_id": "1b9f58c9-84ab-4a5c-8e7f-642bcb1e3dd0-140324459927360", "trial_id": 7, "step": 0, "intermediate_value": 0.0027540234458142223}
