{"op_code": 0, "worker_id": "0124d188-d5d7-4c75-9da6-6c7b20e94438-139974418372416", "study_name": "VDP_-7_4020_offline_next", "directions": [1]}
{"op_code": 4, "worker_id": "0124d188-d5d7-4c75-9da6-6c7b20e94438-139974418372416", "study_id": 0, "datetime_start": "2024-01-04T20:29:00.505206"}
{"op_code": 5, "worker_id": "0124d188-d5d7-4c75-9da6-6c7b20e94438-139974418372416", "trial_id": 0, "param_name": "sr", "param_value_internal": 1.5371949723704368, "distribution": "{\"name\": \"FloatDistribution\", \"attributes\": {\"step\": null, \"low\": 0.01, \"high\": 10.0, \"log\": true}}"}
{"op_code": 0, "worker_id": "1d334b8f-9ae9-4e8f-8ada-98f11daa36dc-140689558669120", "study_name": "VDP_-7_4020_offline_next", "directions": [1]}
{"op_code": 5, "worker_id": "0124d188-d5d7-4c75-9da6-6c7b20e94438-139974418372416", "trial_id": 0, "param_name": "lr", "param_value_internal": 0.006054489963053511, "distribution": "{\"name\": \"FloatDistribution\", \"attributes\": {\"step\": null, \"low\": 0.001, \"high\": 1.0, \"log\": true}}"}
{"op_code": 4, "worker_id": "1d334b8f-9ae9-4e8f-8ada-98f11daa36dc-140689558669120", "study_id": 0, "datetime_start": "2024-01-04T20:29:00.518052"}
{"op_code": 5, "worker_id": "0124d188-d5d7-4c75-9da6-6c7b20e94438-139974418372416", "trial_id": 0, "param_name": "iss", "param_value_internal": 0.01081031892184492, "distribution": "{\"name\": \"FloatDistribution\", \"attributes\": {\"step\": null, \"low\": 0.0, \"high\": 1.0, \"log\": false}}"}
{"op_code": 5, "worker_id": "0124d188-d5d7-4c75-9da6-6c7b20e94438-139974418372416", "trial_id": 0, "param_name": "ridge", "param_value_internal": 3.8148603315949365e-05, "distribution": "{\"name\": \"FloatDistribution\", \"attributes\": {\"step\": null, \"low\": 1e-09, \"high\": 0.01, \"log\": true}}"}
{"op_code": 5, "worker_id": "1d334b8f-9ae9-4e8f-8ada-98f11daa36dc-140689558669120", "trial_id": 1, "param_name": "sr", "param_value_internal": 1.7844615049440906, "distribution": "{\"name\": \"FloatDistribution\", \"attributes\": {\"step\": null, \"low\": 0.01, \"high\": 10.0, \"log\": true}}"}
{"op_code": 5, "worker_id": "1d334b8f-9ae9-4e8f-8ada-98f11daa36dc-140689558669120", "trial_id": 1, "param_name": "lr", "param_value_internal": 0.007492424926808074, "distribution": "{\"name\": \"FloatDistribution\", \"attributes\": {\"step\": null, \"low\": 0.001, \"high\": 1.0, \"log\": true}}"}
{"op_code": 5, "worker_id": "1d334b8f-9ae9-4e8f-8ada-98f11daa36dc-140689558669120", "trial_id": 1, "param_name": "iss", "param_value_internal": 0.17721134214159384, "distribution": "{\"name\": \"FloatDistribution\", \"attributes\": {\"step\": null, \"low\": 0.0, \"high\": 1.0, \"log\": false}}"}
{"op_code": 5, "worker_id": "1d334b8f-9ae9-4e8f-8ada-98f11daa36dc-140689558669120", "trial_id": 1, "param_name": "ridge", "param_value_internal": 0.003251217041301214, "distribution": "{\"name\": \"FloatDistribution\", \"attributes\": {\"step\": null, \"low\": 1e-09, \"high\": 0.01, \"log\": true}}"}
{"op_code": 0, "worker_id": "b998b299-ba8e-48fd-ae8d-977a99d245ab-140381328877376", "study_name": "VDP_-7_4020_offline_next", "directions": [1]}
{"op_code": 4, "worker_id": "b998b299-ba8e-48fd-ae8d-977a99d245ab-140381328877376", "study_id": 0, "datetime_start": "2024-01-04T20:29:00.584718"}
{"op_code": 5, "worker_id": "b998b299-ba8e-48fd-ae8d-977a99d245ab-140381328877376", "trial_id": 2, "param_name": "sr", "param_value_internal": 0.11227169702632457, "distribution": "{\"name\": \"FloatDistribution\", \"attributes\": {\"step\": null, \"low\": 0.01, \"high\": 10.0, \"log\": true}}"}
{"op_code": 5, "worker_id": "b998b299-ba8e-48fd-ae8d-977a99d245ab-140381328877376", "trial_id": 2, "param_name": "lr", "param_value_internal": 0.18669977041173327, "distribution": "{\"name\": \"FloatDistribution\", \"attributes\": {\"step\": null, \"low\": 0.001, \"high\": 1.0, \"log\": true}}"}
{"op_code": 5, "worker_id": "b998b299-ba8e-48fd-ae8d-977a99d245ab-140381328877376", "trial_id": 2, "param_name": "iss", "param_value_internal": 0.5596314011864097, "distribution": "{\"name\": \"FloatDistribution\", \"attributes\": {\"step\": null, \"low\": 0.0, \"high\": 1.0, \"log\": false}}"}
{"op_code": 5, "worker_id": "b998b299-ba8e-48fd-ae8d-977a99d245ab-140381328877376", "trial_id": 2, "param_name": "ridge", "param_value_internal": 1.3807330417538467e-07, "distribution": "{\"name\": \"FloatDistribution\", \"attributes\": {\"step\": null, \"low\": 1e-09, \"high\": 0.01, \"log\": true}}"}
{"op_code": 0, "worker_id": "e4af28e7-9dcd-4dfd-930a-fe7e81e16229-140522571859776", "study_name": "VDP_-7_4020_offline_next", "directions": [1]}
{"op_code": 0, "worker_id": "2d051af6-118a-4b18-8412-714cd3c5644f-140375470049088", "study_name": "VDP_-7_4020_offline_next", "directions": [1]}
{"op_code": 4, "worker_id": "e4af28e7-9dcd-4dfd-930a-fe7e81e16229-140522571859776", "study_id": 0, "datetime_start": "2024-01-04T20:29:00.657520"}
{"op_code": 4, "worker_id": "2d051af6-118a-4b18-8412-714cd3c5644f-140375470049088", "study_id": 0, "datetime_start": "2024-01-04T20:29:00.659812"}
{"op_code": 5, "worker_id": "2d051af6-118a-4b18-8412-714cd3c5644f-140375470049088", "trial_id": 4, "param_name": "sr", "param_value_internal": 0.2525699639835994, "distribution": "{\"name\": \"FloatDistribution\", \"attributes\": {\"step\": null, \"low\": 0.01, \"high\": 10.0, \"log\": true}}"}
{"op_code": 5, "worker_id": "2d051af6-118a-4b18-8412-714cd3c5644f-140375470049088", "trial_id": 4, "param_name": "lr", "param_value_internal": 0.0014898139746300856, "distribution": "{\"name\": \"FloatDistribution\", \"attributes\": {\"step\": null, \"low\": 0.001, \"high\": 1.0, \"log\": true}}"}
{"op_code": 5, "worker_id": "2d051af6-118a-4b18-8412-714cd3c5644f-140375470049088", "trial_id": 4, "param_name": "iss", "param_value_internal": 0.7526436834213913, "distribution": "{\"name\": \"FloatDistribution\", \"attributes\": {\"step\": null, \"low\": 0.0, \"high\": 1.0, \"log\": false}}"}
{"op_code": 5, "worker_id": "2d051af6-118a-4b18-8412-714cd3c5644f-140375470049088", "trial_id": 4, "param_name": "ridge", "param_value_internal": 5.648300128029518e-07, "distribution": "{\"name\": \"FloatDistribution\", \"attributes\": {\"step\": null, \"low\": 1e-09, \"high\": 0.01, \"log\": true}}"}
{"op_code": 5, "worker_id": "e4af28e7-9dcd-4dfd-930a-fe7e81e16229-140522571859776", "trial_id": 3, "param_name": "sr", "param_value_internal": 2.242791761522835, "distribution": "{\"name\": \"FloatDistribution\", \"attributes\": {\"step\": null, \"low\": 0.01, \"high\": 10.0, \"log\": true}}"}
{"op_code": 5, "worker_id": "e4af28e7-9dcd-4dfd-930a-fe7e81e16229-140522571859776", "trial_id": 3, "param_name": "lr", "param_value_internal": 0.09938055157012748, "distribution": "{\"name\": \"FloatDistribution\", \"attributes\": {\"step\": null, \"low\": 0.001, \"high\": 1.0, \"log\": true}}"}
{"op_code": 5, "worker_id": "e4af28e7-9dcd-4dfd-930a-fe7e81e16229-140522571859776", "trial_id": 3, "param_name": "iss", "param_value_internal": 0.30211764780919215, "distribution": "{\"name\": \"FloatDistribution\", \"attributes\": {\"step\": null, \"low\": 0.0, \"high\": 1.0, \"log\": false}}"}
{"op_code": 5, "worker_id": "e4af28e7-9dcd-4dfd-930a-fe7e81e16229-140522571859776", "trial_id": 3, "param_name": "ridge", "param_value_internal": 8.545986880490055e-06, "distribution": "{\"name\": \"FloatDistribution\", \"attributes\": {\"step\": null, \"low\": 1e-09, \"high\": 0.01, \"log\": true}}"}
{"op_code": 0, "worker_id": "064acdc3-e14a-41df-ac9d-f6dc4ef4f7a5-139994887382848", "study_name": "VDP_-7_4020_offline_next", "directions": [1]}
{"op_code": 4, "worker_id": "064acdc3-e14a-41df-ac9d-f6dc4ef4f7a5-139994887382848", "study_id": 0, "datetime_start": "2024-01-04T20:29:00.831499"}
{"op_code": 5, "worker_id": "064acdc3-e14a-41df-ac9d-f6dc4ef4f7a5-139994887382848", "trial_id": 5, "param_name": "sr", "param_value_internal": 4.234890480462736, "distribution": "{\"name\": \"FloatDistribution\", \"attributes\": {\"step\": null, \"low\": 0.01, \"high\": 10.0, \"log\": true}}"}
{"op_code": 5, "worker_id": "064acdc3-e14a-41df-ac9d-f6dc4ef4f7a5-139994887382848", "trial_id": 5, "param_name": "lr", "param_value_internal": 0.03195509016309642, "distribution": "{\"name\": \"FloatDistribution\", \"attributes\": {\"step\": null, \"low\": 0.001, \"high\": 1.0, \"log\": true}}"}
{"op_code": 5, "worker_id": "064acdc3-e14a-41df-ac9d-f6dc4ef4f7a5-139994887382848", "trial_id": 5, "param_name": "iss", "param_value_internal": 0.4846576238061624, "distribution": "{\"name\": \"FloatDistribution\", \"attributes\": {\"step\": null, \"low\": 0.0, \"high\": 1.0, \"log\": false}}"}
{"op_code": 5, "worker_id": "064acdc3-e14a-41df-ac9d-f6dc4ef4f7a5-139994887382848", "trial_id": 5, "param_name": "ridge", "param_value_internal": 3.4847479395544955e-06, "distribution": "{\"name\": \"FloatDistribution\", \"attributes\": {\"step\": null, \"low\": 1e-09, \"high\": 0.01, \"log\": true}}"}
{"op_code": 0, "worker_id": "fae20880-7416-4ee6-9c44-e48b0116969c-140258166605632", "study_name": "VDP_-7_4020_offline_next", "directions": [1]}
{"op_code": 0, "worker_id": "131db207-c900-486d-aef7-54ef41e989a3-140694177720128", "study_name": "VDP_-7_4020_offline_next", "directions": [1]}
{"op_code": 4, "worker_id": "fae20880-7416-4ee6-9c44-e48b0116969c-140258166605632", "study_id": 0, "datetime_start": "2024-01-04T20:29:00.881374"}
{"op_code": 5, "worker_id": "fae20880-7416-4ee6-9c44-e48b0116969c-140258166605632", "trial_id": 6, "param_name": "sr", "param_value_internal": 0.965395806745203, "distribution": "{\"name\": \"FloatDistribution\", \"attributes\": {\"step\": null, \"low\": 0.01, \"high\": 10.0, \"log\": true}}"}
{"op_code": 4, "worker_id": "131db207-c900-486d-aef7-54ef41e989a3-140694177720128", "study_id": 0, "datetime_start": "2024-01-04T20:29:00.897085"}
{"op_code": 5, "worker_id": "fae20880-7416-4ee6-9c44-e48b0116969c-140258166605632", "trial_id": 6, "param_name": "lr", "param_value_internal": 0.056933804603385645, "distribution": "{\"name\": \"FloatDistribution\", \"attributes\": {\"step\": null, \"low\": 0.001, \"high\": 1.0, \"log\": true}}"}
{"op_code": 5, "worker_id": "fae20880-7416-4ee6-9c44-e48b0116969c-140258166605632", "trial_id": 6, "param_name": "iss", "param_value_internal": 0.38639656409753864, "distribution": "{\"name\": \"FloatDistribution\", \"attributes\": {\"step\": null, \"low\": 0.0, \"high\": 1.0, \"log\": false}}"}
{"op_code": 5, "worker_id": "131db207-c900-486d-aef7-54ef41e989a3-140694177720128", "trial_id": 7, "param_name": "sr", "param_value_internal": 6.259892063876006, "distribution": "{\"name\": \"FloatDistribution\", \"attributes\": {\"step\": null, \"low\": 0.01, \"high\": 10.0, \"log\": true}}"}
{"op_code": 5, "worker_id": "fae20880-7416-4ee6-9c44-e48b0116969c-140258166605632", "trial_id": 6, "param_name": "ridge", "param_value_internal": 2.4986302659034056e-09, "distribution": "{\"name\": \"FloatDistribution\", \"attributes\": {\"step\": null, \"low\": 1e-09, \"high\": 0.01, \"log\": true}}"}
{"op_code": 5, "worker_id": "131db207-c900-486d-aef7-54ef41e989a3-140694177720128", "trial_id": 7, "param_name": "lr", "param_value_internal": 0.0051727835073153644, "distribution": "{\"name\": \"FloatDistribution\", \"attributes\": {\"step\": null, \"low\": 0.001, \"high\": 1.0, \"log\": true}}"}
{"op_code": 5, "worker_id": "131db207-c900-486d-aef7-54ef41e989a3-140694177720128", "trial_id": 7, "param_name": "iss", "param_value_internal": 0.4539416919426701, "distribution": "{\"name\": \"FloatDistribution\", \"attributes\": {\"step\": null, \"low\": 0.0, \"high\": 1.0, \"log\": false}}"}
{"op_code": 5, "worker_id": "131db207-c900-486d-aef7-54ef41e989a3-140694177720128", "trial_id": 7, "param_name": "ridge", "param_value_internal": 1.4544909490234975e-09, "distribution": "{\"name\": \"FloatDistribution\", \"attributes\": {\"step\": null, \"low\": 1e-09, \"high\": 0.01, \"log\": true}}"}
{"op_code": 6, "worker_id": "0124d188-d5d7-4c75-9da6-6c7b20e94438-139974418372416", "trial_id": 0, "state": 1, "values": [52.52595671553383], "datetime_complete": "2024-01-04T21:53:17.028438"}
{"op_code": 6, "worker_id": "2d051af6-118a-4b18-8412-714cd3c5644f-140375470049088", "trial_id": 4, "state": 1, "values": [0.009843784576292517], "datetime_complete": "2024-01-04T21:54:34.259598"}
{"op_code": 6, "worker_id": "064acdc3-e14a-41df-ac9d-f6dc4ef4f7a5-139994887382848", "trial_id": 5, "state": 1, "values": [37.38682524802193], "datetime_complete": "2024-01-04T21:54:37.804325"}
{"op_code": 6, "worker_id": "131db207-c900-486d-aef7-54ef41e989a3-140694177720128", "trial_id": 7, "state": 1, "values": [2586.5376404541903], "datetime_complete": "2024-01-04T21:56:01.583871"}
{"op_code": 6, "worker_id": "e4af28e7-9dcd-4dfd-930a-fe7e81e16229-140522571859776", "trial_id": 3, "state": 1, "values": [6.754972889656048], "datetime_complete": "2024-01-04T21:56:06.629137"}
{"op_code": 6, "worker_id": "1d334b8f-9ae9-4e8f-8ada-98f11daa36dc-140689558669120", "trial_id": 1, "state": 1, "values": [10.091710114870983], "datetime_complete": "2024-01-04T21:57:46.431198"}
{"op_code": 6, "worker_id": "b998b299-ba8e-48fd-ae8d-977a99d245ab-140381328877376", "trial_id": 2, "state": 1, "values": [0.0030841464489195854], "datetime_complete": "2024-01-04T21:57:54.419997"}
{"op_code": 6, "worker_id": "fae20880-7416-4ee6-9c44-e48b0116969c-140258166605632", "trial_id": 6, "state": 1, "values": [0.00384968434661424], "datetime_complete": "2024-01-04T21:58:04.766345"}
{"op_code": 7, "worker_id": "0124d188-d5d7-4c75-9da6-6c7b20e94438-139974418372416", "trial_id": 0, "step": 0, "intermediate_value": 52.52595671553383}
