{"op_code": 0, "worker_id": "e1014d0d-f975-4444-bf97-2b1f1bf7b046-140123772135232", "study_name": "VDP_random_4020_offline", "directions": [1]}
{"op_code": 0, "worker_id": "78fd4589-eea7-49f9-966b-6110ca66b189-139965040199488", "study_name": "VDP_random_4020_offline", "directions": [1]}
{"op_code": 0, "worker_id": "c4bef1f8-b85c-4576-aa37-ddb5bd409b29-140386577504064", "study_name": "VDP_random_4020_offline", "directions": [1]}
{"op_code": 4, "worker_id": "e1014d0d-f975-4444-bf97-2b1f1bf7b046-140123772135232", "study_id": 0, "datetime_start": "2023-12-29T23:33:17.395310"}
{"op_code": 4, "worker_id": "78fd4589-eea7-49f9-966b-6110ca66b189-139965040199488", "study_id": 0, "datetime_start": "2023-12-29T23:33:17.398341"}
{"op_code": 4, "worker_id": "c4bef1f8-b85c-4576-aa37-ddb5bd409b29-140386577504064", "study_id": 0, "datetime_start": "2023-12-29T23:33:17.401663"}
{"op_code": 5, "worker_id": "e1014d0d-f975-4444-bf97-2b1f1bf7b046-140123772135232", "trial_id": 0, "param_name": "sr", "param_value_internal": 0.16319995275640772, "distribution": "{\"name\": \"FloatDistribution\", \"attributes\": {\"step\": null, \"low\": 0.01, \"high\": 10.0, \"log\": true}}"}
{"op_code": 5, "worker_id": "e1014d0d-f975-4444-bf97-2b1f1bf7b046-140123772135232", "trial_id": 0, "param_name": "lr", "param_value_internal": 0.24310487985960957, "distribution": "{\"name\": \"FloatDistribution\", \"attributes\": {\"step\": null, \"low\": 0.001, \"high\": 1.0, \"log\": true}}"}
{"op_code": 5, "worker_id": "e1014d0d-f975-4444-bf97-2b1f1bf7b046-140123772135232", "trial_id": 0, "param_name": "iss", "param_value_internal": 0.6095456360236382, "distribution": "{\"name\": \"FloatDistribution\", \"attributes\": {\"step\": null, \"low\": 0.0, \"high\": 1.0, \"log\": false}}"}
{"op_code": 5, "worker_id": "e1014d0d-f975-4444-bf97-2b1f1bf7b046-140123772135232", "trial_id": 0, "param_name": "ridge", "param_value_internal": 6.791938365926883e-06, "distribution": "{\"name\": \"FloatDistribution\", \"attributes\": {\"step\": null, \"low\": 1e-09, \"high\": 0.01, \"log\": true}}"}
{"op_code": 5, "worker_id": "78fd4589-eea7-49f9-966b-6110ca66b189-139965040199488", "trial_id": 1, "param_name": "sr", "param_value_internal": 6.774806009675585, "distribution": "{\"name\": \"FloatDistribution\", \"attributes\": {\"step\": null, \"low\": 0.01, \"high\": 10.0, \"log\": true}}"}
{"op_code": 5, "worker_id": "c4bef1f8-b85c-4576-aa37-ddb5bd409b29-140386577504064", "trial_id": 2, "param_name": "sr", "param_value_internal": 0.030034575078568562, "distribution": "{\"name\": \"FloatDistribution\", \"attributes\": {\"step\": null, \"low\": 0.01, \"high\": 10.0, \"log\": true}}"}
{"op_code": 5, "worker_id": "78fd4589-eea7-49f9-966b-6110ca66b189-139965040199488", "trial_id": 1, "param_name": "lr", "param_value_internal": 0.26758963429138255, "distribution": "{\"name\": \"FloatDistribution\", \"attributes\": {\"step\": null, \"low\": 0.001, \"high\": 1.0, \"log\": true}}"}
{"op_code": 5, "worker_id": "c4bef1f8-b85c-4576-aa37-ddb5bd409b29-140386577504064", "trial_id": 2, "param_name": "lr", "param_value_internal": 0.09168924810414948, "distribution": "{\"name\": \"FloatDistribution\", \"attributes\": {\"step\": null, \"low\": 0.001, \"high\": 1.0, \"log\": true}}"}
{"op_code": 5, "worker_id": "78fd4589-eea7-49f9-966b-6110ca66b189-139965040199488", "trial_id": 1, "param_name": "iss", "param_value_internal": 0.5071843203246684, "distribution": "{\"name\": \"FloatDistribution\", \"attributes\": {\"step\": null, \"low\": 0.0, \"high\": 1.0, \"log\": false}}"}
{"op_code": 5, "worker_id": "c4bef1f8-b85c-4576-aa37-ddb5bd409b29-140386577504064", "trial_id": 2, "param_name": "iss", "param_value_internal": 0.6035735314506832, "distribution": "{\"name\": \"FloatDistribution\", \"attributes\": {\"step\": null, \"low\": 0.0, \"high\": 1.0, \"log\": false}}"}
{"op_code": 5, "worker_id": "78fd4589-eea7-49f9-966b-6110ca66b189-139965040199488", "trial_id": 1, "param_name": "ridge", "param_value_internal": 0.0027290779839153688, "distribution": "{\"name\": \"FloatDistribution\", \"attributes\": {\"step\": null, \"low\": 1e-09, \"high\": 0.01, \"log\": true}}"}
{"op_code": 0, "worker_id": "aab56085-d07f-46a6-b61b-227e2e4759e0-139941081532224", "study_name": "VDP_random_4020_offline", "directions": [1]}
{"op_code": 0, "worker_id": "0ae1b2a3-8e15-4e9a-a398-20d8a6dee728-140616762623808", "study_name": "VDP_random_4020_offline", "directions": [1]}
{"op_code": 4, "worker_id": "aab56085-d07f-46a6-b61b-227e2e4759e0-139941081532224", "study_id": 0, "datetime_start": "2023-12-29T23:33:17.563989"}
{"op_code": 4, "worker_id": "0ae1b2a3-8e15-4e9a-a398-20d8a6dee728-140616762623808", "study_id": 0, "datetime_start": "2023-12-29T23:33:17.568654"}
{"op_code": 5, "worker_id": "aab56085-d07f-46a6-b61b-227e2e4759e0-139941081532224", "trial_id": 3, "param_name": "sr", "param_value_internal": 7.208148818308783, "distribution": "{\"name\": \"FloatDistribution\", \"attributes\": {\"step\": null, \"low\": 0.01, \"high\": 10.0, \"log\": true}}"}
{"op_code": 5, "worker_id": "aab56085-d07f-46a6-b61b-227e2e4759e0-139941081532224", "trial_id": 3, "param_name": "lr", "param_value_internal": 0.02582507837049536, "distribution": "{\"name\": \"FloatDistribution\", \"attributes\": {\"step\": null, \"low\": 0.001, \"high\": 1.0, \"log\": true}}"}
{"op_code": 5, "worker_id": "0ae1b2a3-8e15-4e9a-a398-20d8a6dee728-140616762623808", "trial_id": 4, "param_name": "sr", "param_value_internal": 0.01622829381351525, "distribution": "{\"name\": \"FloatDistribution\", \"attributes\": {\"step\": null, \"low\": 0.01, \"high\": 10.0, \"log\": true}}"}
{"op_code": 5, "worker_id": "aab56085-d07f-46a6-b61b-227e2e4759e0-139941081532224", "trial_id": 3, "param_name": "iss", "param_value_internal": 0.07918650353407042, "distribution": "{\"name\": \"FloatDistribution\", \"attributes\": {\"step\": null, \"low\": 0.0, \"high\": 1.0, \"log\": false}}"}
{"op_code": 5, "worker_id": "0ae1b2a3-8e15-4e9a-a398-20d8a6dee728-140616762623808", "trial_id": 4, "param_name": "lr", "param_value_internal": 0.630161653394138, "distribution": "{\"name\": \"FloatDistribution\", \"attributes\": {\"step\": null, \"low\": 0.001, \"high\": 1.0, \"log\": true}}"}
{"op_code": 5, "worker_id": "aab56085-d07f-46a6-b61b-227e2e4759e0-139941081532224", "trial_id": 3, "param_name": "ridge", "param_value_internal": 1.6011045173937276e-06, "distribution": "{\"name\": \"FloatDistribution\", \"attributes\": {\"step\": null, \"low\": 1e-09, \"high\": 0.01, \"log\": true}}"}
{"op_code": 5, "worker_id": "0ae1b2a3-8e15-4e9a-a398-20d8a6dee728-140616762623808", "trial_id": 4, "param_name": "iss", "param_value_internal": 0.33584093108378277, "distribution": "{\"name\": \"FloatDistribution\", \"attributes\": {\"step\": null, \"low\": 0.0, \"high\": 1.0, \"log\": false}}"}
{"op_code": 5, "worker_id": "0ae1b2a3-8e15-4e9a-a398-20d8a6dee728-140616762623808", "trial_id": 4, "param_name": "ridge", "param_value_internal": 2.489583375247442e-06, "distribution": "{\"name\": \"FloatDistribution\", \"attributes\": {\"step\": null, \"low\": 1e-09, \"high\": 0.01, \"log\": true}}"}
{"op_code": 0, "worker_id": "5d49ee59-f620-4081-931b-66a75999b2a5-139810428389184", "study_name": "VDP_random_4020_offline", "directions": [1]}
{"op_code": 4, "worker_id": "5d49ee59-f620-4081-931b-66a75999b2a5-139810428389184", "study_id": 0, "datetime_start": "2023-12-29T23:33:17.605812"}
{"op_code": 5, "worker_id": "5d49ee59-f620-4081-931b-66a75999b2a5-139810428389184", "trial_id": 5, "param_name": "sr", "param_value_internal": 2.198534133047161, "distribution": "{\"name\": \"FloatDistribution\", \"attributes\": {\"step\": null, \"low\": 0.01, \"high\": 10.0, \"log\": true}}"}
{"op_code": 5, "worker_id": "5d49ee59-f620-4081-931b-66a75999b2a5-139810428389184", "trial_id": 5, "param_name": "lr", "param_value_internal": 0.0074974611667249095, "distribution": "{\"name\": \"FloatDistribution\", \"attributes\": {\"step\": null, \"low\": 0.001, \"high\": 1.0, \"log\": true}}"}
{"op_code": 5, "worker_id": "5d49ee59-f620-4081-931b-66a75999b2a5-139810428389184", "trial_id": 5, "param_name": "iss", "param_value_internal": 0.4358827020750413, "distribution": "{\"name\": \"FloatDistribution\", \"attributes\": {\"step\": null, \"low\": 0.0, \"high\": 1.0, \"log\": false}}"}
{"op_code": 5, "worker_id": "5d49ee59-f620-4081-931b-66a75999b2a5-139810428389184", "trial_id": 5, "param_name": "ridge", "param_value_internal": 1.2678470698733055e-06, "distribution": "{\"name\": \"FloatDistribution\", \"attributes\": {\"step\": null, \"low\": 1e-09, \"high\": 0.01, \"log\": true}}"}
{"op_code": 0, "worker_id": "b7d2a7b4-390e-45ef-aa2e-5cc7ac2ac541-140250967553856", "study_name": "VDP_random_4020_offline", "directions": [1]}
{"op_code": 4, "worker_id": "b7d2a7b4-390e-45ef-aa2e-5cc7ac2ac541-140250967553856", "study_id": 0, "datetime_start": "2023-12-29T23:33:17.697505"}
{"op_code": 5, "worker_id": "b7d2a7b4-390e-45ef-aa2e-5cc7ac2ac541-140250967553856", "trial_id": 6, "param_name": "sr", "param_value_internal": 1.0121610659532396, "distribution": "{\"name\": \"FloatDistribution\", \"attributes\": {\"step\": null, \"low\": 0.01, \"high\": 10.0, \"log\": true}}"}
{"op_code": 5, "worker_id": "b7d2a7b4-390e-45ef-aa2e-5cc7ac2ac541-140250967553856", "trial_id": 6, "param_name": "lr", "param_value_internal": 0.037849188614300096, "distribution": "{\"name\": \"FloatDistribution\", \"attributes\": {\"step\": null, \"low\": 0.001, \"high\": 1.0, \"log\": true}}"}
{"op_code": 5, "worker_id": "b7d2a7b4-390e-45ef-aa2e-5cc7ac2ac541-140250967553856", "trial_id": 6, "param_name": "iss", "param_value_internal": 0.7502612030453534, "distribution": "{\"name\": \"FloatDistribution\", \"attributes\": {\"step\": null, \"low\": 0.0, \"high\": 1.0, \"log\": false}}"}
{"op_code": 5, "worker_id": "b7d2a7b4-390e-45ef-aa2e-5cc7ac2ac541-140250967553856", "trial_id": 6, "param_name": "ridge", "param_value_internal": 0.007853026534092606, "distribution": "{\"name\": \"FloatDistribution\", \"attributes\": {\"step\": null, \"low\": 1e-09, \"high\": 0.01, \"log\": true}}"}
{"op_code": 0, "worker_id": "f4429a62-2407-4230-aca6-3c7f140f1fd0-139765843425088", "study_name": "VDP_random_4020_offline", "directions": [1]}
{"op_code": 4, "worker_id": "f4429a62-2407-4230-aca6-3c7f140f1fd0-139765843425088", "study_id": 0, "datetime_start": "2023-12-29T23:33:17.732978"}
{"op_code": 5, "worker_id": "f4429a62-2407-4230-aca6-3c7f140f1fd0-139765843425088", "trial_id": 7, "param_name": "sr", "param_value_internal": 4.42075568669919, "distribution": "{\"name\": \"FloatDistribution\", \"attributes\": {\"step\": null, \"low\": 0.01, \"high\": 10.0, \"log\": true}}"}
{"op_code": 5, "worker_id": "f4429a62-2407-4230-aca6-3c7f140f1fd0-139765843425088", "trial_id": 7, "param_name": "lr", "param_value_internal": 0.019856949074703464, "distribution": "{\"name\": \"FloatDistribution\", \"attributes\": {\"step\": null, \"low\": 0.001, \"high\": 1.0, \"log\": true}}"}
{"op_code": 5, "worker_id": "f4429a62-2407-4230-aca6-3c7f140f1fd0-139765843425088", "trial_id": 7, "param_name": "iss", "param_value_internal": 0.5131964032680464, "distribution": "{\"name\": \"FloatDistribution\", \"attributes\": {\"step\": null, \"low\": 0.0, \"high\": 1.0, \"log\": false}}"}
{"op_code": 5, "worker_id": "f4429a62-2407-4230-aca6-3c7f140f1fd0-139765843425088", "trial_id": 7, "param_name": "ridge", "param_value_internal": 1.1490690131690986e-06, "distribution": "{\"name\": \"FloatDistribution\", \"attributes\": {\"step\": null, \"low\": 1e-09, \"high\": 0.01, \"log\": true}}"}
{"op_code": 5, "worker_id": "c4bef1f8-b85c-4576-aa37-ddb5bd409b29-140386577504064", "trial_id": 2, "param_name": "ridge", "param_value_internal": 3.9144930297881275e-09, "distribution": "{\"name\": \"FloatDistribution\", \"attributes\": {\"step\": null, \"low\": 1e-09, \"high\": 0.01, \"log\": true}}"}
{"op_code": 6, "worker_id": "aab56085-d07f-46a6-b61b-227e2e4759e0-139941081532224", "trial_id": 3, "state": 1, "values": [37.68202083332174], "datetime_complete": "2023-12-30T00:21:02.490730"}
{"op_code": 6, "worker_id": "78fd4589-eea7-49f9-966b-6110ca66b189-139965040199488", "trial_id": 1, "state": 1, "values": [0.06764131448676718], "datetime_complete": "2023-12-30T00:21:24.639496"}
{"op_code": 6, "worker_id": "5d49ee59-f620-4081-931b-66a75999b2a5-139810428389184", "trial_id": 5, "state": 1, "values": [108.48985551115659], "datetime_complete": "2023-12-30T00:21:32.899607"}
{"op_code": 6, "worker_id": "b7d2a7b4-390e-45ef-aa2e-5cc7ac2ac541-140250967553856", "trial_id": 6, "state": 1, "values": [0.004318359465205788], "datetime_complete": "2023-12-30T00:21:57.025683"}
{"op_code": 6, "worker_id": "e1014d0d-f975-4444-bf97-2b1f1bf7b046-140123772135232", "trial_id": 0, "state": 1, "values": [0.0028611326647714937], "datetime_complete": "2023-12-30T00:22:09.052681"}
{"op_code": 6, "worker_id": "c4bef1f8-b85c-4576-aa37-ddb5bd409b29-140386577504064", "trial_id": 2, "state": 1, "values": [0.003388823329217618], "datetime_complete": "2023-12-30T00:22:18.747900"}
{"op_code": 6, "worker_id": "f4429a62-2407-4230-aca6-3c7f140f1fd0-139765843425088", "trial_id": 7, "state": 1, "values": [75.48817153205931], "datetime_complete": "2023-12-30T00:23:31.536047"}
{"op_code": 6, "worker_id": "0ae1b2a3-8e15-4e9a-a398-20d8a6dee728-140616762623808", "trial_id": 4, "state": 1, "values": [0.0027824432999805433], "datetime_complete": "2023-12-30T00:24:35.646963"}
{"op_code": 7, "worker_id": "aab56085-d07f-46a6-b61b-227e2e4759e0-139941081532224", "trial_id": 3, "step": 0, "intermediate_value": 37.68202083332174}
