{"op_code": 0, "worker_id": "aee35e37-97b2-44d5-8ee9-019acac9e5ea-140401914554176", "study_name": "VDP_-7_4020_offline", "directions": [1]}
{"op_code": 0, "worker_id": "443a29c9-62d6-4862-a39a-a43b3c6bd19a-139843959080768", "study_name": "VDP_-7_4020_offline", "directions": [1]}
{"op_code": 4, "worker_id": "aee35e37-97b2-44d5-8ee9-019acac9e5ea-140401914554176", "study_id": 0, "datetime_start": "2024-01-18T16:56:18.941217"}
{"op_code": 4, "worker_id": "443a29c9-62d6-4862-a39a-a43b3c6bd19a-139843959080768", "study_id": 0, "datetime_start": "2024-01-18T16:56:18.941388"}
{"op_code": 5, "worker_id": "aee35e37-97b2-44d5-8ee9-019acac9e5ea-140401914554176", "trial_id": 0, "param_name": "sr", "param_value_internal": 2.306772097333174, "distribution": "{\"name\": \"FloatDistribution\", \"attributes\": {\"step\": null, \"low\": 0.01, \"high\": 10.0, \"log\": true}}"}
{"op_code": 5, "worker_id": "443a29c9-62d6-4862-a39a-a43b3c6bd19a-139843959080768", "trial_id": 1, "param_name": "sr", "param_value_internal": 0.7749399970518376, "distribution": "{\"name\": \"FloatDistribution\", \"attributes\": {\"step\": null, \"low\": 0.01, \"high\": 10.0, \"log\": true}}"}
{"op_code": 5, "worker_id": "aee35e37-97b2-44d5-8ee9-019acac9e5ea-140401914554176", "trial_id": 0, "param_name": "lr", "param_value_internal": 0.017459931978758496, "distribution": "{\"name\": \"FloatDistribution\", \"attributes\": {\"step\": null, \"low\": 0.001, \"high\": 1.0, \"log\": true}}"}
{"op_code": 5, "worker_id": "443a29c9-62d6-4862-a39a-a43b3c6bd19a-139843959080768", "trial_id": 1, "param_name": "lr", "param_value_internal": 0.22874271326522821, "distribution": "{\"name\": \"FloatDistribution\", \"attributes\": {\"step\": null, \"low\": 0.001, \"high\": 1.0, \"log\": true}}"}
{"op_code": 5, "worker_id": "aee35e37-97b2-44d5-8ee9-019acac9e5ea-140401914554176", "trial_id": 0, "param_name": "iss", "param_value_internal": 0.9089296546520003, "distribution": "{\"name\": \"FloatDistribution\", \"attributes\": {\"step\": null, \"low\": 0.0, \"high\": 1.0, \"log\": false}}"}
{"op_code": 5, "worker_id": "443a29c9-62d6-4862-a39a-a43b3c6bd19a-139843959080768", "trial_id": 1, "param_name": "iss", "param_value_internal": 0.21492736801154466, "distribution": "{\"name\": \"FloatDistribution\", \"attributes\": {\"step\": null, \"low\": 0.0, \"high\": 1.0, \"log\": false}}"}
{"op_code": 0, "worker_id": "8a4cacde-40c3-44dc-9b46-8a4d3717f36d-140198103803712", "study_name": "VDP_-7_4020_offline", "directions": [1]}
{"op_code": 5, "worker_id": "aee35e37-97b2-44d5-8ee9-019acac9e5ea-140401914554176", "trial_id": 0, "param_name": "ridge", "param_value_internal": 2.9549695055415534e-07, "distribution": "{\"name\": \"FloatDistribution\", \"attributes\": {\"step\": null, \"low\": 1e-09, \"high\": 0.01, \"log\": true}}"}
{"op_code": 5, "worker_id": "443a29c9-62d6-4862-a39a-a43b3c6bd19a-139843959080768", "trial_id": 1, "param_name": "ridge", "param_value_internal": 2.770744521442337e-06, "distribution": "{\"name\": \"FloatDistribution\", \"attributes\": {\"step\": null, \"low\": 1e-09, \"high\": 0.01, \"log\": true}}"}
{"op_code": 0, "worker_id": "9fbc9dce-c2b6-4998-839f-434771b34990-139793131337536", "study_name": "VDP_-7_4020_offline", "directions": [1]}
{"op_code": 4, "worker_id": "9fbc9dce-c2b6-4998-839f-434771b34990-139793131337536", "study_id": 0, "datetime_start": "2024-01-18T16:56:19.105006"}
{"op_code": 0, "worker_id": "9228ed09-fbcc-4fab-8567-832f2764147f-140515578124096", "study_name": "VDP_-7_4020_offline", "directions": [1]}
{"op_code": 5, "worker_id": "9fbc9dce-c2b6-4998-839f-434771b34990-139793131337536", "trial_id": 2, "param_name": "sr", "param_value_internal": 0.025393964349738386, "distribution": "{\"name\": \"FloatDistribution\", \"attributes\": {\"step\": null, \"low\": 0.01, \"high\": 10.0, \"log\": true}}"}
{"op_code": 5, "worker_id": "9fbc9dce-c2b6-4998-839f-434771b34990-139793131337536", "trial_id": 2, "param_name": "lr", "param_value_internal": 0.005663276232672205, "distribution": "{\"name\": \"FloatDistribution\", \"attributes\": {\"step\": null, \"low\": 0.001, \"high\": 1.0, \"log\": true}}"}
{"op_code": 4, "worker_id": "9228ed09-fbcc-4fab-8567-832f2764147f-140515578124096", "study_id": 0, "datetime_start": "2024-01-18T16:56:19.116836"}
{"op_code": 5, "worker_id": "9fbc9dce-c2b6-4998-839f-434771b34990-139793131337536", "trial_id": 2, "param_name": "iss", "param_value_internal": 0.13951769123284885, "distribution": "{\"name\": \"FloatDistribution\", \"attributes\": {\"step\": null, \"low\": 0.0, \"high\": 1.0, \"log\": false}}"}
{"op_code": 5, "worker_id": "9fbc9dce-c2b6-4998-839f-434771b34990-139793131337536", "trial_id": 2, "param_name": "ridge", "param_value_internal": 5.078413216469554e-06, "distribution": "{\"name\": \"FloatDistribution\", \"attributes\": {\"step\": null, \"low\": 1e-09, \"high\": 0.01, \"log\": true}}"}
{"op_code": 5, "worker_id": "9228ed09-fbcc-4fab-8567-832f2764147f-140515578124096", "trial_id": 3, "param_name": "sr", "param_value_internal": 5.835940113668901, "distribution": "{\"name\": \"FloatDistribution\", \"attributes\": {\"step\": null, \"low\": 0.01, \"high\": 10.0, \"log\": true}}"}
{"op_code": 5, "worker_id": "9228ed09-fbcc-4fab-8567-832f2764147f-140515578124096", "trial_id": 3, "param_name": "lr", "param_value_internal": 0.16912619398630913, "distribution": "{\"name\": \"FloatDistribution\", \"attributes\": {\"step\": null, \"low\": 0.001, \"high\": 1.0, \"log\": true}}"}
{"op_code": 5, "worker_id": "9228ed09-fbcc-4fab-8567-832f2764147f-140515578124096", "trial_id": 3, "param_name": "iss", "param_value_internal": 0.9437726306141975, "distribution": "{\"name\": \"FloatDistribution\", \"attributes\": {\"step\": null, \"low\": 0.0, \"high\": 1.0, \"log\": false}}"}
{"op_code": 5, "worker_id": "9228ed09-fbcc-4fab-8567-832f2764147f-140515578124096", "trial_id": 3, "param_name": "ridge", "param_value_internal": 6.89988984383341e-08, "distribution": "{\"name\": \"FloatDistribution\", \"attributes\": {\"step\": null, \"low\": 1e-09, \"high\": 0.01, \"log\": true}}"}
{"op_code": 0, "worker_id": "6ea4c4e1-80fb-47c0-8e98-24c2aec0e932-139862921393984", "study_name": "VDP_-7_4020_offline", "directions": [1]}
{"op_code": 4, "worker_id": "6ea4c4e1-80fb-47c0-8e98-24c2aec0e932-139862921393984", "study_id": 0, "datetime_start": "2024-01-18T16:56:19.193613"}
{"op_code": 5, "worker_id": "6ea4c4e1-80fb-47c0-8e98-24c2aec0e932-139862921393984", "trial_id": 4, "param_name": "sr", "param_value_internal": 0.03896523808519255, "distribution": "{\"name\": \"FloatDistribution\", \"attributes\": {\"step\": null, \"low\": 0.01, \"high\": 10.0, \"log\": true}}"}
{"op_code": 0, "worker_id": "37766922-a9b8-457b-9aac-b3bc478e7119-140289050974016", "study_name": "VDP_-7_4020_offline", "directions": [1]}
{"op_code": 5, "worker_id": "6ea4c4e1-80fb-47c0-8e98-24c2aec0e932-139862921393984", "trial_id": 4, "param_name": "lr", "param_value_internal": 0.9595151064148745, "distribution": "{\"name\": \"FloatDistribution\", \"attributes\": {\"step\": null, \"low\": 0.001, \"high\": 1.0, \"log\": true}}"}
{"op_code": 5, "worker_id": "6ea4c4e1-80fb-47c0-8e98-24c2aec0e932-139862921393984", "trial_id": 4, "param_name": "iss", "param_value_internal": 0.08139025046695236, "distribution": "{\"name\": \"FloatDistribution\", \"attributes\": {\"step\": null, \"low\": 0.0, \"high\": 1.0, \"log\": false}}"}
{"op_code": 5, "worker_id": "6ea4c4e1-80fb-47c0-8e98-24c2aec0e932-139862921393984", "trial_id": 4, "param_name": "ridge", "param_value_internal": 8.209245224899408e-09, "distribution": "{\"name\": \"FloatDistribution\", \"attributes\": {\"step\": null, \"low\": 1e-09, \"high\": 0.01, \"log\": true}}"}
{"op_code": 4, "worker_id": "37766922-a9b8-457b-9aac-b3bc478e7119-140289050974016", "study_id": 0, "datetime_start": "2024-01-18T16:56:19.211890"}
{"op_code": 5, "worker_id": "37766922-a9b8-457b-9aac-b3bc478e7119-140289050974016", "trial_id": 5, "param_name": "sr", "param_value_internal": 2.7894601938257524, "distribution": "{\"name\": \"FloatDistribution\", \"attributes\": {\"step\": null, \"low\": 0.01, \"high\": 10.0, \"log\": true}}"}
{"op_code": 5, "worker_id": "37766922-a9b8-457b-9aac-b3bc478e7119-140289050974016", "trial_id": 5, "param_name": "lr", "param_value_internal": 0.002464582391994054, "distribution": "{\"name\": \"FloatDistribution\", \"attributes\": {\"step\": null, \"low\": 0.001, \"high\": 1.0, \"log\": true}}"}
{"op_code": 4, "worker_id": "8a4cacde-40c3-44dc-9b46-8a4d3717f36d-140198103803712", "study_id": 0, "datetime_start": "2024-01-18T16:56:18.970160"}
{"op_code": 5, "worker_id": "37766922-a9b8-457b-9aac-b3bc478e7119-140289050974016", "trial_id": 5, "param_name": "iss", "param_value_internal": 0.2494868797856331, "distribution": "{\"name\": \"FloatDistribution\", \"attributes\": {\"step\": null, \"low\": 0.0, \"high\": 1.0, \"log\": false}}"}
{"op_code": 5, "worker_id": "37766922-a9b8-457b-9aac-b3bc478e7119-140289050974016", "trial_id": 5, "param_name": "ridge", "param_value_internal": 0.00023607160166253067, "distribution": "{\"name\": \"FloatDistribution\", \"attributes\": {\"step\": null, \"low\": 1e-09, \"high\": 0.01, \"log\": true}}"}
{"op_code": 5, "worker_id": "8a4cacde-40c3-44dc-9b46-8a4d3717f36d-140198103803712", "trial_id": 6, "param_name": "sr", "param_value_internal": 0.23349599436741747, "distribution": "{\"name\": \"FloatDistribution\", \"attributes\": {\"step\": null, \"low\": 0.01, \"high\": 10.0, \"log\": true}}"}
{"op_code": 5, "worker_id": "8a4cacde-40c3-44dc-9b46-8a4d3717f36d-140198103803712", "trial_id": 6, "param_name": "lr", "param_value_internal": 0.33021671080571213, "distribution": "{\"name\": \"FloatDistribution\", \"attributes\": {\"step\": null, \"low\": 0.001, \"high\": 1.0, \"log\": true}}"}
{"op_code": 5, "worker_id": "8a4cacde-40c3-44dc-9b46-8a4d3717f36d-140198103803712", "trial_id": 6, "param_name": "iss", "param_value_internal": 0.219756654948972, "distribution": "{\"name\": \"FloatDistribution\", \"attributes\": {\"step\": null, \"low\": 0.0, \"high\": 1.0, \"log\": false}}"}
{"op_code": 5, "worker_id": "8a4cacde-40c3-44dc-9b46-8a4d3717f36d-140198103803712", "trial_id": 6, "param_name": "ridge", "param_value_internal": 2.431964000260421e-08, "distribution": "{\"name\": \"FloatDistribution\", \"attributes\": {\"step\": null, \"low\": 1e-09, \"high\": 0.01, \"log\": true}}"}
{"op_code": 0, "worker_id": "2a71d4ec-f016-4521-9768-c60a153e8a3d-139908653332288", "study_name": "VDP_-7_4020_offline", "directions": [1]}
{"op_code": 4, "worker_id": "2a71d4ec-f016-4521-9768-c60a153e8a3d-139908653332288", "study_id": 0, "datetime_start": "2024-01-18T16:56:19.266181"}
{"op_code": 5, "worker_id": "2a71d4ec-f016-4521-9768-c60a153e8a3d-139908653332288", "trial_id": 7, "param_name": "sr", "param_value_internal": 0.03638925535924641, "distribution": "{\"name\": \"FloatDistribution\", \"attributes\": {\"step\": null, \"low\": 0.01, \"high\": 10.0, \"log\": true}}"}
{"op_code": 5, "worker_id": "2a71d4ec-f016-4521-9768-c60a153e8a3d-139908653332288", "trial_id": 7, "param_name": "lr", "param_value_internal": 0.03592446095580755, "distribution": "{\"name\": \"FloatDistribution\", \"attributes\": {\"step\": null, \"low\": 0.001, \"high\": 1.0, \"log\": true}}"}
{"op_code": 5, "worker_id": "2a71d4ec-f016-4521-9768-c60a153e8a3d-139908653332288", "trial_id": 7, "param_name": "iss", "param_value_internal": 0.41795905045792725, "distribution": "{\"name\": \"FloatDistribution\", \"attributes\": {\"step\": null, \"low\": 0.0, \"high\": 1.0, \"log\": false}}"}
{"op_code": 5, "worker_id": "2a71d4ec-f016-4521-9768-c60a153e8a3d-139908653332288", "trial_id": 7, "param_name": "ridge", "param_value_internal": 8.354418653977804e-09, "distribution": "{\"name\": \"FloatDistribution\", \"attributes\": {\"step\": null, \"low\": 1e-09, \"high\": 0.01, \"log\": true}}"}
