{"op_code": 0, "worker_id": "7fd045b9-ed46-4ccf-8b9b-17186f7fd62d-140462408693568", "study_name": "VDP_-7_4020_offline", "directions": [1]}
{"op_code": 4, "worker_id": "7fd045b9-ed46-4ccf-8b9b-17186f7fd62d-140462408693568", "study_id": 0, "datetime_start": "2023-12-29T02:53:18.261014"}
{"op_code": 5, "worker_id": "7fd045b9-ed46-4ccf-8b9b-17186f7fd62d-140462408693568", "trial_id": 0, "param_name": "sr", "param_value_internal": 0.0957750619106862, "distribution": "{\"name\": \"FloatDistribution\", \"attributes\": {\"step\": null, \"low\": 0.01, \"high\": 10.0, \"log\": true}}"}
{"op_code": 0, "worker_id": "33429864-eb5e-465c-bcde-fc971acdfaf3-139758402201408", "study_name": "VDP_-7_4020_offline", "directions": [1]}
{"op_code": 5, "worker_id": "7fd045b9-ed46-4ccf-8b9b-17186f7fd62d-140462408693568", "trial_id": 0, "param_name": "lr", "param_value_internal": 0.006205313271700794, "distribution": "{\"name\": \"FloatDistribution\", \"attributes\": {\"step\": null, \"low\": 0.001, \"high\": 1.0, \"log\": true}}"}
{"op_code": 5, "worker_id": "7fd045b9-ed46-4ccf-8b9b-17186f7fd62d-140462408693568", "trial_id": 0, "param_name": "iss", "param_value_internal": 0.9271812038387136, "distribution": "{\"name\": \"FloatDistribution\", \"attributes\": {\"step\": null, \"low\": 0.0, \"high\": 1.0, \"log\": false}}"}
{"op_code": 5, "worker_id": "7fd045b9-ed46-4ccf-8b9b-17186f7fd62d-140462408693568", "trial_id": 0, "param_name": "ridge", "param_value_internal": 3.725840159214364e-06, "distribution": "{\"name\": \"FloatDistribution\", \"attributes\": {\"step\": null, \"low\": 1e-09, \"high\": 0.01, \"log\": true}}"}
{"op_code": 0, "worker_id": "58beb305-86bb-4f25-ad34-22b88ab7bd2c-140351770244928", "study_name": "VDP_-7_4020_offline", "directions": [1]}
{"op_code": 0, "worker_id": "7e0f3eb0-0523-4450-9f89-8eeb8f4daf13-140268299474752", "study_name": "VDP_-7_4020_offline", "directions": [1]}
{"op_code": 4, "worker_id": "33429864-eb5e-465c-bcde-fc971acdfaf3-139758402201408", "study_id": 0, "datetime_start": "2023-12-29T02:53:18.274905"}
{"op_code": 4, "worker_id": "58beb305-86bb-4f25-ad34-22b88ab7bd2c-140351770244928", "study_id": 0, "datetime_start": "2023-12-29T02:53:18.408106"}
{"op_code": 4, "worker_id": "7e0f3eb0-0523-4450-9f89-8eeb8f4daf13-140268299474752", "study_id": 0, "datetime_start": "2023-12-29T02:53:18.411596"}
{"op_code": 5, "worker_id": "33429864-eb5e-465c-bcde-fc971acdfaf3-139758402201408", "trial_id": 1, "param_name": "sr", "param_value_internal": 4.081339409871337, "distribution": "{\"name\": \"FloatDistribution\", \"attributes\": {\"step\": null, \"low\": 0.01, \"high\": 10.0, \"log\": true}}"}
{"op_code": 5, "worker_id": "58beb305-86bb-4f25-ad34-22b88ab7bd2c-140351770244928", "trial_id": 2, "param_name": "sr", "param_value_internal": 0.01648540429277662, "distribution": "{\"name\": \"FloatDistribution\", \"attributes\": {\"step\": null, \"low\": 0.01, \"high\": 10.0, \"log\": true}}"}
{"op_code": 5, "worker_id": "33429864-eb5e-465c-bcde-fc971acdfaf3-139758402201408", "trial_id": 1, "param_name": "lr", "param_value_internal": 0.0021123281535164753, "distribution": "{\"name\": \"FloatDistribution\", \"attributes\": {\"step\": null, \"low\": 0.001, \"high\": 1.0, \"log\": true}}"}
{"op_code": 5, "worker_id": "58beb305-86bb-4f25-ad34-22b88ab7bd2c-140351770244928", "trial_id": 2, "param_name": "lr", "param_value_internal": 0.41665455539892066, "distribution": "{\"name\": \"FloatDistribution\", \"attributes\": {\"step\": null, \"low\": 0.001, \"high\": 1.0, \"log\": true}}"}
{"op_code": 5, "worker_id": "33429864-eb5e-465c-bcde-fc971acdfaf3-139758402201408", "trial_id": 1, "param_name": "iss", "param_value_internal": 0.7158468087905506, "distribution": "{\"name\": \"FloatDistribution\", \"attributes\": {\"step\": null, \"low\": 0.0, \"high\": 1.0, \"log\": false}}"}
{"op_code": 5, "worker_id": "7e0f3eb0-0523-4450-9f89-8eeb8f4daf13-140268299474752", "trial_id": 3, "param_name": "sr", "param_value_internal": 0.43421652865546745, "distribution": "{\"name\": \"FloatDistribution\", \"attributes\": {\"step\": null, \"low\": 0.01, \"high\": 10.0, \"log\": true}}"}
{"op_code": 5, "worker_id": "58beb305-86bb-4f25-ad34-22b88ab7bd2c-140351770244928", "trial_id": 2, "param_name": "iss", "param_value_internal": 0.7273959671420458, "distribution": "{\"name\": \"FloatDistribution\", \"attributes\": {\"step\": null, \"low\": 0.0, \"high\": 1.0, \"log\": false}}"}
{"op_code": 5, "worker_id": "7e0f3eb0-0523-4450-9f89-8eeb8f4daf13-140268299474752", "trial_id": 3, "param_name": "lr", "param_value_internal": 0.0035685426564068708, "distribution": "{\"name\": \"FloatDistribution\", \"attributes\": {\"step\": null, \"low\": 0.001, \"high\": 1.0, \"log\": true}}"}
{"op_code": 5, "worker_id": "58beb305-86bb-4f25-ad34-22b88ab7bd2c-140351770244928", "trial_id": 2, "param_name": "ridge", "param_value_internal": 0.00017290811938733855, "distribution": "{\"name\": \"FloatDistribution\", \"attributes\": {\"step\": null, \"low\": 1e-09, \"high\": 0.01, \"log\": true}}"}
{"op_code": 5, "worker_id": "33429864-eb5e-465c-bcde-fc971acdfaf3-139758402201408", "trial_id": 1, "param_name": "ridge", "param_value_internal": 1.9748376630547455e-06, "distribution": "{\"name\": \"FloatDistribution\", \"attributes\": {\"step\": null, \"low\": 1e-09, \"high\": 0.01, \"log\": true}}"}
{"op_code": 5, "worker_id": "7e0f3eb0-0523-4450-9f89-8eeb8f4daf13-140268299474752", "trial_id": 3, "param_name": "iss", "param_value_internal": 0.9445995358301319, "distribution": "{\"name\": \"FloatDistribution\", \"attributes\": {\"step\": null, \"low\": 0.0, \"high\": 1.0, \"log\": false}}"}
{"op_code": 5, "worker_id": "7e0f3eb0-0523-4450-9f89-8eeb8f4daf13-140268299474752", "trial_id": 3, "param_name": "ridge", "param_value_internal": 0.00016046960203636897, "distribution": "{\"name\": \"FloatDistribution\", \"attributes\": {\"step\": null, \"low\": 1e-09, \"high\": 0.01, \"log\": true}}"}
{"op_code": 0, "worker_id": "44231501-7b2d-41a6-9ca1-d79f72b7e7d7-140644810159936", "study_name": "VDP_-7_4020_offline", "directions": [1]}
{"op_code": 4, "worker_id": "44231501-7b2d-41a6-9ca1-d79f72b7e7d7-140644810159936", "study_id": 0, "datetime_start": "2023-12-29T02:53:18.497490"}
{"op_code": 5, "worker_id": "44231501-7b2d-41a6-9ca1-d79f72b7e7d7-140644810159936", "trial_id": 4, "param_name": "sr", "param_value_internal": 0.13106820336268413, "distribution": "{\"name\": \"FloatDistribution\", \"attributes\": {\"step\": null, \"low\": 0.01, \"high\": 10.0, \"log\": true}}"}
{"op_code": 0, "worker_id": "18d410cb-c73c-4b1e-9dcf-01489ab650dd-139988536743744", "study_name": "VDP_-7_4020_offline", "directions": [1]}
{"op_code": 5, "worker_id": "44231501-7b2d-41a6-9ca1-d79f72b7e7d7-140644810159936", "trial_id": 4, "param_name": "lr", "param_value_internal": 0.0032920408103271934, "distribution": "{\"name\": \"FloatDistribution\", \"attributes\": {\"step\": null, \"low\": 0.001, \"high\": 1.0, \"log\": true}}"}
{"op_code": 0, "worker_id": "82a0495c-58c4-4218-ad8c-700b62daf1b6-140566737516352", "study_name": "VDP_-7_4020_offline", "directions": [1]}
{"op_code": 5, "worker_id": "44231501-7b2d-41a6-9ca1-d79f72b7e7d7-140644810159936", "trial_id": 4, "param_name": "iss", "param_value_internal": 0.9608308781749875, "distribution": "{\"name\": \"FloatDistribution\", \"attributes\": {\"step\": null, \"low\": 0.0, \"high\": 1.0, \"log\": false}}"}
{"op_code": 4, "worker_id": "18d410cb-c73c-4b1e-9dcf-01489ab650dd-139988536743744", "study_id": 0, "datetime_start": "2023-12-29T02:53:18.514636"}
{"op_code": 5, "worker_id": "44231501-7b2d-41a6-9ca1-d79f72b7e7d7-140644810159936", "trial_id": 4, "param_name": "ridge", "param_value_internal": 8.707497652793493e-08, "distribution": "{\"name\": \"FloatDistribution\", \"attributes\": {\"step\": null, \"low\": 1e-09, \"high\": 0.01, \"log\": true}}"}
{"op_code": 4, "worker_id": "82a0495c-58c4-4218-ad8c-700b62daf1b6-140566737516352", "study_id": 0, "datetime_start": "2023-12-29T02:53:18.521691"}
{"op_code": 5, "worker_id": "18d410cb-c73c-4b1e-9dcf-01489ab650dd-139988536743744", "trial_id": 5, "param_name": "sr", "param_value_internal": 1.5138969177888504, "distribution": "{\"name\": \"FloatDistribution\", \"attributes\": {\"step\": null, \"low\": 0.01, \"high\": 10.0, \"log\": true}}"}
{"op_code": 5, "worker_id": "18d410cb-c73c-4b1e-9dcf-01489ab650dd-139988536743744", "trial_id": 5, "param_name": "lr", "param_value_internal": 0.007481965419343127, "distribution": "{\"name\": \"FloatDistribution\", \"attributes\": {\"step\": null, \"low\": 0.001, \"high\": 1.0, \"log\": true}}"}
{"op_code": 5, "worker_id": "82a0495c-58c4-4218-ad8c-700b62daf1b6-140566737516352", "trial_id": 6, "param_name": "sr", "param_value_internal": 1.3725406282392236, "distribution": "{\"name\": \"FloatDistribution\", \"attributes\": {\"step\": null, \"low\": 0.01, \"high\": 10.0, \"log\": true}}"}
{"op_code": 5, "worker_id": "18d410cb-c73c-4b1e-9dcf-01489ab650dd-139988536743744", "trial_id": 5, "param_name": "iss", "param_value_internal": 0.6919848065927109, "distribution": "{\"name\": \"FloatDistribution\", \"attributes\": {\"step\": null, \"low\": 0.0, \"high\": 1.0, \"log\": false}}"}
{"op_code": 5, "worker_id": "82a0495c-58c4-4218-ad8c-700b62daf1b6-140566737516352", "trial_id": 6, "param_name": "lr", "param_value_internal": 0.15790365098192147, "distribution": "{\"name\": \"FloatDistribution\", \"attributes\": {\"step\": null, \"low\": 0.001, \"high\": 1.0, \"log\": true}}"}
{"op_code": 5, "worker_id": "18d410cb-c73c-4b1e-9dcf-01489ab650dd-139988536743744", "trial_id": 5, "param_name": "ridge", "param_value_internal": 2.651067081853039e-08, "distribution": "{\"name\": \"FloatDistribution\", \"attributes\": {\"step\": null, \"low\": 1e-09, \"high\": 0.01, \"log\": true}}"}
{"op_code": 5, "worker_id": "82a0495c-58c4-4218-ad8c-700b62daf1b6-140566737516352", "trial_id": 6, "param_name": "iss", "param_value_internal": 0.26565188935668205, "distribution": "{\"name\": \"FloatDistribution\", \"attributes\": {\"step\": null, \"low\": 0.0, \"high\": 1.0, \"log\": false}}"}
{"op_code": 5, "worker_id": "82a0495c-58c4-4218-ad8c-700b62daf1b6-140566737516352", "trial_id": 6, "param_name": "ridge", "param_value_internal": 1.819177177890747e-08, "distribution": "{\"name\": \"FloatDistribution\", \"attributes\": {\"step\": null, \"low\": 1e-09, \"high\": 0.01, \"log\": true}}"}
{"op_code": 0, "worker_id": "99cdeb4e-762f-4aba-a61d-f141d56019ad-140424301139776", "study_name": "VDP_-7_4020_offline", "directions": [1]}
{"op_code": 4, "worker_id": "99cdeb4e-762f-4aba-a61d-f141d56019ad-140424301139776", "study_id": 0, "datetime_start": "2023-12-29T02:53:18.556948"}
{"op_code": 5, "worker_id": "99cdeb4e-762f-4aba-a61d-f141d56019ad-140424301139776", "trial_id": 7, "param_name": "sr", "param_value_internal": 0.33549492278694165, "distribution": "{\"name\": \"FloatDistribution\", \"attributes\": {\"step\": null, \"low\": 0.01, \"high\": 10.0, \"log\": true}}"}
{"op_code": 5, "worker_id": "99cdeb4e-762f-4aba-a61d-f141d56019ad-140424301139776", "trial_id": 7, "param_name": "lr", "param_value_internal": 0.5345512189408888, "distribution": "{\"name\": \"FloatDistribution\", \"attributes\": {\"step\": null, \"low\": 0.001, \"high\": 1.0, \"log\": true}}"}
{"op_code": 5, "worker_id": "99cdeb4e-762f-4aba-a61d-f141d56019ad-140424301139776", "trial_id": 7, "param_name": "iss", "param_value_internal": 0.27485355587624805, "distribution": "{\"name\": \"FloatDistribution\", \"attributes\": {\"step\": null, \"low\": 0.0, \"high\": 1.0, \"log\": false}}"}
{"op_code": 5, "worker_id": "99cdeb4e-762f-4aba-a61d-f141d56019ad-140424301139776", "trial_id": 7, "param_name": "ridge", "param_value_internal": 0.000655264507023661, "distribution": "{\"name\": \"FloatDistribution\", \"attributes\": {\"step\": null, \"low\": 1e-09, \"high\": 0.01, \"log\": true}}"}
{"op_code": 6, "worker_id": "7e0f3eb0-0523-4450-9f89-8eeb8f4daf13-140268299474752", "trial_id": 3, "state": 1, "values": [0.00817851391808219], "datetime_complete": "2023-12-29T04:03:47.468772"}
{"op_code": 6, "worker_id": "99cdeb4e-762f-4aba-a61d-f141d56019ad-140424301139776", "trial_id": 7, "state": 1, "values": [0.0030357905023248497], "datetime_complete": "2023-12-29T04:03:56.320960"}
{"op_code": 6, "worker_id": "82a0495c-58c4-4218-ad8c-700b62daf1b6-140566737516352", "trial_id": 6, "state": 1, "values": [0.003842304330290884], "datetime_complete": "2023-12-29T04:04:04.212580"}
{"op_code": 6, "worker_id": "33429864-eb5e-465c-bcde-fc971acdfaf3-139758402201408", "trial_id": 1, "state": 1, "values": [468.0690047772084], "datetime_complete": "2023-12-29T04:04:10.223167"}
{"op_code": 6, "worker_id": "44231501-7b2d-41a6-9ca1-d79f72b7e7d7-140644810159936", "trial_id": 4, "state": 1, "values": [0.006758744489902169], "datetime_complete": "2023-12-29T04:04:20.495151"}
{"op_code": 6, "worker_id": "7fd045b9-ed46-4ccf-8b9b-17186f7fd62d-140462408693568", "trial_id": 0, "state": 1, "values": [0.006946096810654946], "datetime_complete": "2023-12-29T04:04:26.491267"}
{"op_code": 6, "worker_id": "18d410cb-c73c-4b1e-9dcf-01489ab650dd-139988536743744", "trial_id": 5, "state": 1, "values": [6.87071530565602], "datetime_complete": "2023-12-29T04:04:30.117013"}
{"op_code": 6, "worker_id": "58beb305-86bb-4f25-ad34-22b88ab7bd2c-140351770244928", "trial_id": 2, "state": 1, "values": [0.0032112207782010304], "datetime_complete": "2023-12-29T04:04:35.125460"}
{"op_code": 7, "worker_id": "7e0f3eb0-0523-4450-9f89-8eeb8f4daf13-140268299474752", "trial_id": 3, "step": 0, "intermediate_value": 0.00817851391808219}
