{"op_code": 0, "worker_id": "4b564751-eced-46b7-8471-b63d9c5256a1-140632982263616", "study_name": "VDP_-7_4020_extended_1", "directions": [1]}
{"op_code": 0, "worker_id": "d5e903a8-60d2-491a-9e6a-54763d3c6657-139722234922816", "study_name": "VDP_-7_4020_extended_1", "directions": [1]}
{"op_code": 0, "worker_id": "25bea8ee-8cf9-429d-9101-f152febe919a-139714551940928", "study_name": "VDP_-7_4020_extended_1", "directions": [1]}
{"op_code": 0, "worker_id": "94588966-fe76-4a89-8cf2-1107222c7021-140653288433472", "study_name": "VDP_-7_4020_extended_1", "directions": [1]}
{"op_code": 4, "worker_id": "d5e903a8-60d2-491a-9e6a-54763d3c6657-139722234922816", "study_id": 0, "datetime_start": "2024-01-24T22:45:52.182188"}
{"op_code": 0, "worker_id": "e9b2c579-f01d-4827-b83f-572aa6b5f52e-140494717142848", "study_name": "VDP_-7_4020_extended_1", "directions": [1]}
{"op_code": 4, "worker_id": "94588966-fe76-4a89-8cf2-1107222c7021-140653288433472", "study_id": 0, "datetime_start": "2024-01-24T22:45:52.187274"}
{"op_code": 0, "worker_id": "e4b7fc5c-3049-4121-a2f4-d505d55e1ffb-140334873941824", "study_name": "VDP_-7_4020_extended_1", "directions": [1]}
{"op_code": 4, "worker_id": "e4b7fc5c-3049-4121-a2f4-d505d55e1ffb-140334873941824", "study_id": 0, "datetime_start": "2024-01-24T22:45:52.298115"}
{"op_code": 0, "worker_id": "66507be8-aa2e-4fa7-ae84-8273abcee5e5-140578570155840", "study_name": "VDP_-7_4020_extended_1", "directions": [1]}
{"op_code": 5, "worker_id": "e4b7fc5c-3049-4121-a2f4-d505d55e1ffb-140334873941824", "trial_id": 2, "param_name": "sr", "param_value_internal": 0.9977479014151363, "distribution": "{\"name\": \"FloatDistribution\", \"attributes\": {\"step\": null, \"low\": 0.01, \"high\": 10.0, \"log\": true}}"}
{"op_code": 5, "worker_id": "e4b7fc5c-3049-4121-a2f4-d505d55e1ffb-140334873941824", "trial_id": 2, "param_name": "lr", "param_value_internal": 0.7783364284124795, "distribution": "{\"name\": \"FloatDistribution\", \"attributes\": {\"step\": null, \"low\": 0.001, \"high\": 1.0, \"log\": true}}"}
{"op_code": 4, "worker_id": "4b564751-eced-46b7-8471-b63d9c5256a1-140632982263616", "study_id": 0, "datetime_start": "2024-01-24T22:45:52.179930"}
{"op_code": 4, "worker_id": "66507be8-aa2e-4fa7-ae84-8273abcee5e5-140578570155840", "study_id": 0, "datetime_start": "2024-01-24T22:45:52.311180"}
{"op_code": 5, "worker_id": "e4b7fc5c-3049-4121-a2f4-d505d55e1ffb-140334873941824", "trial_id": 2, "param_name": "iss", "param_value_internal": 0.41306420901554375, "distribution": "{\"name\": \"FloatDistribution\", \"attributes\": {\"step\": null, \"low\": 0.0, \"high\": 1.0, \"log\": false}}"}
{"op_code": 5, "worker_id": "4b564751-eced-46b7-8471-b63d9c5256a1-140632982263616", "trial_id": 3, "param_name": "sr", "param_value_internal": 0.13003856618218834, "distribution": "{\"name\": \"FloatDistribution\", \"attributes\": {\"step\": null, \"low\": 0.01, \"high\": 10.0, \"log\": true}}"}
{"op_code": 5, "worker_id": "e4b7fc5c-3049-4121-a2f4-d505d55e1ffb-140334873941824", "trial_id": 2, "param_name": "ridge", "param_value_internal": 2.2998406342159733e-06, "distribution": "{\"name\": \"FloatDistribution\", \"attributes\": {\"step\": null, \"low\": 1e-09, \"high\": 0.01, \"log\": true}}"}
{"op_code": 5, "worker_id": "4b564751-eced-46b7-8471-b63d9c5256a1-140632982263616", "trial_id": 3, "param_name": "lr", "param_value_internal": 0.6628438484778432, "distribution": "{\"name\": \"FloatDistribution\", \"attributes\": {\"step\": null, \"low\": 0.001, \"high\": 1.0, \"log\": true}}"}
{"op_code": 5, "worker_id": "4b564751-eced-46b7-8471-b63d9c5256a1-140632982263616", "trial_id": 3, "param_name": "iss", "param_value_internal": 0.4144371665479548, "distribution": "{\"name\": \"FloatDistribution\", \"attributes\": {\"step\": null, \"low\": 0.0, \"high\": 1.0, \"log\": false}}"}
{"op_code": 5, "worker_id": "66507be8-aa2e-4fa7-ae84-8273abcee5e5-140578570155840", "trial_id": 4, "param_name": "sr", "param_value_internal": 4.424521057217324, "distribution": "{\"name\": \"FloatDistribution\", \"attributes\": {\"step\": null, \"low\": 0.01, \"high\": 10.0, \"log\": true}}"}
{"op_code": 5, "worker_id": "4b564751-eced-46b7-8471-b63d9c5256a1-140632982263616", "trial_id": 3, "param_name": "ridge", "param_value_internal": 5.697548522402031e-06, "distribution": "{\"name\": \"FloatDistribution\", \"attributes\": {\"step\": null, \"low\": 1e-09, \"high\": 0.01, \"log\": true}}"}
{"op_code": 5, "worker_id": "66507be8-aa2e-4fa7-ae84-8273abcee5e5-140578570155840", "trial_id": 4, "param_name": "lr", "param_value_internal": 0.707390498152046, "distribution": "{\"name\": \"FloatDistribution\", \"attributes\": {\"step\": null, \"low\": 0.001, \"high\": 1.0, \"log\": true}}"}
{"op_code": 5, "worker_id": "66507be8-aa2e-4fa7-ae84-8273abcee5e5-140578570155840", "trial_id": 4, "param_name": "iss", "param_value_internal": 0.00162300589509079, "distribution": "{\"name\": \"FloatDistribution\", \"attributes\": {\"step\": null, \"low\": 0.0, \"high\": 1.0, \"log\": false}}"}
{"op_code": 5, "worker_id": "66507be8-aa2e-4fa7-ae84-8273abcee5e5-140578570155840", "trial_id": 4, "param_name": "ridge", "param_value_internal": 3.8633410359378415e-08, "distribution": "{\"name\": \"FloatDistribution\", \"attributes\": {\"step\": null, \"low\": 1e-09, \"high\": 0.01, \"log\": true}}"}
{"op_code": 0, "worker_id": "8813e820-fc1d-4f20-9674-2824c4f43e26-140170189682496", "study_name": "VDP_-7_4020_extended_1", "directions": [1]}
{"op_code": 4, "worker_id": "8813e820-fc1d-4f20-9674-2824c4f43e26-140170189682496", "study_id": 0, "datetime_start": "2024-01-24T22:45:52.438582"}
{"op_code": 4, "worker_id": "25bea8ee-8cf9-429d-9101-f152febe919a-139714551940928", "study_id": 0, "datetime_start": "2024-01-24T22:45:52.183174"}
{"op_code": 5, "worker_id": "8813e820-fc1d-4f20-9674-2824c4f43e26-140170189682496", "trial_id": 5, "param_name": "sr", "param_value_internal": 0.42547833310176686, "distribution": "{\"name\": \"FloatDistribution\", \"attributes\": {\"step\": null, \"low\": 0.01, \"high\": 10.0, \"log\": true}}"}
{"op_code": 5, "worker_id": "d5e903a8-60d2-491a-9e6a-54763d3c6657-139722234922816", "trial_id": 0, "param_name": "sr", "param_value_internal": 0.011839933962939666, "distribution": "{\"name\": \"FloatDistribution\", \"attributes\": {\"step\": null, \"low\": 0.01, \"high\": 10.0, \"log\": true}}"}
{"op_code": 5, "worker_id": "8813e820-fc1d-4f20-9674-2824c4f43e26-140170189682496", "trial_id": 5, "param_name": "lr", "param_value_internal": 0.09466456603883118, "distribution": "{\"name\": \"FloatDistribution\", \"attributes\": {\"step\": null, \"low\": 0.001, \"high\": 1.0, \"log\": true}}"}
{"op_code": 5, "worker_id": "d5e903a8-60d2-491a-9e6a-54763d3c6657-139722234922816", "trial_id": 0, "param_name": "lr", "param_value_internal": 0.01293770885014577, "distribution": "{\"name\": \"FloatDistribution\", \"attributes\": {\"step\": null, \"low\": 0.001, \"high\": 1.0, \"log\": true}}"}
{"op_code": 5, "worker_id": "8813e820-fc1d-4f20-9674-2824c4f43e26-140170189682496", "trial_id": 5, "param_name": "iss", "param_value_internal": 0.5189026761772242, "distribution": "{\"name\": \"FloatDistribution\", \"attributes\": {\"step\": null, \"low\": 0.0, \"high\": 1.0, \"log\": false}}"}
{"op_code": 5, "worker_id": "25bea8ee-8cf9-429d-9101-f152febe919a-139714551940928", "trial_id": 6, "param_name": "sr", "param_value_internal": 5.065932634401743, "distribution": "{\"name\": \"FloatDistribution\", \"attributes\": {\"step\": null, \"low\": 0.01, \"high\": 10.0, \"log\": true}}"}
{"op_code": 5, "worker_id": "d5e903a8-60d2-491a-9e6a-54763d3c6657-139722234922816", "trial_id": 0, "param_name": "iss", "param_value_internal": 0.7429338391220327, "distribution": "{\"name\": \"FloatDistribution\", \"attributes\": {\"step\": null, \"low\": 0.0, \"high\": 1.0, \"log\": false}}"}
{"op_code": 5, "worker_id": "25bea8ee-8cf9-429d-9101-f152febe919a-139714551940928", "trial_id": 6, "param_name": "lr", "param_value_internal": 0.007347361731995944, "distribution": "{\"name\": \"FloatDistribution\", \"attributes\": {\"step\": null, \"low\": 0.001, \"high\": 1.0, \"log\": true}}"}
{"op_code": 5, "worker_id": "d5e903a8-60d2-491a-9e6a-54763d3c6657-139722234922816", "trial_id": 0, "param_name": "ridge", "param_value_internal": 5.907889576675326e-09, "distribution": "{\"name\": \"FloatDistribution\", \"attributes\": {\"step\": null, \"low\": 1e-09, \"high\": 0.01, \"log\": true}}"}
{"op_code": 5, "worker_id": "25bea8ee-8cf9-429d-9101-f152febe919a-139714551940928", "trial_id": 6, "param_name": "iss", "param_value_internal": 0.35021706646448914, "distribution": "{\"name\": \"FloatDistribution\", \"attributes\": {\"step\": null, \"low\": 0.0, \"high\": 1.0, \"log\": false}}"}
{"op_code": 5, "worker_id": "25bea8ee-8cf9-429d-9101-f152febe919a-139714551940928", "trial_id": 6, "param_name": "ridge", "param_value_internal": 8.871680483064445e-07, "distribution": "{\"name\": \"FloatDistribution\", \"attributes\": {\"step\": null, \"low\": 1e-09, \"high\": 0.01, \"log\": true}}"}
{"op_code": 5, "worker_id": "8813e820-fc1d-4f20-9674-2824c4f43e26-140170189682496", "trial_id": 5, "param_name": "ridge", "param_value_internal": 7.534944450058841e-09, "distribution": "{\"name\": \"FloatDistribution\", \"attributes\": {\"step\": null, \"low\": 1e-09, \"high\": 0.01, \"log\": true}}"}
{"op_code": 4, "worker_id": "e9b2c579-f01d-4827-b83f-572aa6b5f52e-140494717142848", "study_id": 0, "datetime_start": "2024-01-24T22:45:52.191406"}
{"op_code": 5, "worker_id": "94588966-fe76-4a89-8cf2-1107222c7021-140653288433472", "trial_id": 1, "param_name": "sr", "param_value_internal": 0.2229012194508634, "distribution": "{\"name\": \"FloatDistribution\", \"attributes\": {\"step\": null, \"low\": 0.01, \"high\": 10.0, \"log\": true}}"}
{"op_code": 5, "worker_id": "94588966-fe76-4a89-8cf2-1107222c7021-140653288433472", "trial_id": 1, "param_name": "lr", "param_value_internal": 0.16054606945145142, "distribution": "{\"name\": \"FloatDistribution\", \"attributes\": {\"step\": null, \"low\": 0.001, \"high\": 1.0, \"log\": true}}"}
{"op_code": 5, "worker_id": "e9b2c579-f01d-4827-b83f-572aa6b5f52e-140494717142848", "trial_id": 7, "param_name": "sr", "param_value_internal": 0.06626488039674563, "distribution": "{\"name\": \"FloatDistribution\", \"attributes\": {\"step\": null, \"low\": 0.01, \"high\": 10.0, \"log\": true}}"}
{"op_code": 5, "worker_id": "94588966-fe76-4a89-8cf2-1107222c7021-140653288433472", "trial_id": 1, "param_name": "iss", "param_value_internal": 0.3894249725069171, "distribution": "{\"name\": \"FloatDistribution\", \"attributes\": {\"step\": null, \"low\": 0.0, \"high\": 1.0, \"log\": false}}"}
{"op_code": 5, "worker_id": "e9b2c579-f01d-4827-b83f-572aa6b5f52e-140494717142848", "trial_id": 7, "param_name": "lr", "param_value_internal": 0.0010530309504840248, "distribution": "{\"name\": \"FloatDistribution\", \"attributes\": {\"step\": null, \"low\": 0.001, \"high\": 1.0, \"log\": true}}"}
{"op_code": 5, "worker_id": "94588966-fe76-4a89-8cf2-1107222c7021-140653288433472", "trial_id": 1, "param_name": "ridge", "param_value_internal": 1.5101416850671039e-09, "distribution": "{\"name\": \"FloatDistribution\", \"attributes\": {\"step\": null, \"low\": 1e-09, \"high\": 0.01, \"log\": true}}"}
{"op_code": 5, "worker_id": "e9b2c579-f01d-4827-b83f-572aa6b5f52e-140494717142848", "trial_id": 7, "param_name": "iss", "param_value_internal": 0.23000260646292925, "distribution": "{\"name\": \"FloatDistribution\", \"attributes\": {\"step\": null, \"low\": 0.0, \"high\": 1.0, \"log\": false}}"}
{"op_code": 5, "worker_id": "e9b2c579-f01d-4827-b83f-572aa6b5f52e-140494717142848", "trial_id": 7, "param_name": "ridge", "param_value_internal": 8.95606747096575e-08, "distribution": "{\"name\": \"FloatDistribution\", \"attributes\": {\"step\": null, \"low\": 1e-09, \"high\": 0.01, \"log\": true}}"}
{"op_code": 6, "worker_id": "25bea8ee-8cf9-429d-9101-f152febe919a-139714551940928", "trial_id": 6, "state": 1, "values": [303.29119547930907], "datetime_complete": "2024-01-24T23:33:59.985278"}
{"op_code": 6, "worker_id": "4b564751-eced-46b7-8471-b63d9c5256a1-140632982263616", "trial_id": 3, "state": 1, "values": [0.0029887543079160105], "datetime_complete": "2024-01-24T23:34:05.053111"}
{"op_code": 6, "worker_id": "d5e903a8-60d2-491a-9e6a-54763d3c6657-139722234922816", "trial_id": 0, "state": 1, "values": [0.005340075711125758], "datetime_complete": "2024-01-24T23:34:08.487131"}
{"op_code": 6, "worker_id": "66507be8-aa2e-4fa7-ae84-8273abcee5e5-140578570155840", "trial_id": 4, "state": 1, "values": [0.3526187187640588], "datetime_complete": "2024-01-24T23:34:11.884981"}
{"op_code": 6, "worker_id": "e9b2c579-f01d-4827-b83f-572aa6b5f52e-140494717142848", "trial_id": 7, "state": 1, "values": [0.01000862880896494], "datetime_complete": "2024-01-24T23:34:29.880850"}
{"op_code": 6, "worker_id": "e4b7fc5c-3049-4121-a2f4-d505d55e1ffb-140334873941824", "trial_id": 2, "state": 1, "values": [0.0027556833892650504], "datetime_complete": "2024-01-24T23:34:51.684301"}
{"op_code": 6, "worker_id": "8813e820-fc1d-4f20-9674-2824c4f43e26-140170189682496", "trial_id": 5, "state": 1, "values": [0.0029897798617818695], "datetime_complete": "2024-01-24T23:35:09.607588"}
{"op_code": 6, "worker_id": "94588966-fe76-4a89-8cf2-1107222c7021-140653288433472", "trial_id": 1, "state": 1, "values": [0.0029761603277280615], "datetime_complete": "2024-01-24T23:36:19.136908"}
{"op_code": 7, "worker_id": "25bea8ee-8cf9-429d-9101-f152febe919a-139714551940928", "trial_id": 6, "step": 0, "intermediate_value": 303.29119547930907}
