{"op_code": 0, "worker_id": "e8b9b226-8710-43e0-a687-43e3768baa3b-140282376095552", "study_name": "VDP_7_4020_offline", "directions": [1]}
{"op_code": 4, "worker_id": "e8b9b226-8710-43e0-a687-43e3768baa3b-140282376095552", "study_id": 0, "datetime_start": "2023-12-29T02:54:34.835188"}
{"op_code": 5, "worker_id": "e8b9b226-8710-43e0-a687-43e3768baa3b-140282376095552", "trial_id": 0, "param_name": "sr", "param_value_internal": 0.034770818457376, "distribution": "{\"name\": \"FloatDistribution\", \"attributes\": {\"step\": null, \"low\": 0.01, \"high\": 10.0, \"log\": true}}"}
{"op_code": 5, "worker_id": "e8b9b226-8710-43e0-a687-43e3768baa3b-140282376095552", "trial_id": 0, "param_name": "lr", "param_value_internal": 0.0034282222819097784, "distribution": "{\"name\": \"FloatDistribution\", \"attributes\": {\"step\": null, \"low\": 0.001, \"high\": 1.0, \"log\": true}}"}
{"op_code": 5, "worker_id": "e8b9b226-8710-43e0-a687-43e3768baa3b-140282376095552", "trial_id": 0, "param_name": "iss", "param_value_internal": 0.9274810881671666, "distribution": "{\"name\": \"FloatDistribution\", \"attributes\": {\"step\": null, \"low\": 0.0, \"high\": 1.0, \"log\": false}}"}
{"op_code": 5, "worker_id": "e8b9b226-8710-43e0-a687-43e3768baa3b-140282376095552", "trial_id": 0, "param_name": "ridge", "param_value_internal": 6.6313059691473385e-09, "distribution": "{\"name\": \"FloatDistribution\", \"attributes\": {\"step\": null, \"low\": 1e-09, \"high\": 0.01, \"log\": true}}"}
{"op_code": 0, "worker_id": "2e52b0e5-cae3-4a36-ab31-517671891753-139644153907008", "study_name": "VDP_7_4020_offline", "directions": [1]}
{"op_code": 0, "worker_id": "41a043f5-8a2b-4fee-9b6c-bbddf3d31695-139854964737856", "study_name": "VDP_7_4020_offline", "directions": [1]}
{"op_code": 0, "worker_id": "77807dd6-ffaa-4f67-863b-813fd346e164-140458093270848", "study_name": "VDP_7_4020_offline", "directions": [1]}
{"op_code": 4, "worker_id": "77807dd6-ffaa-4f67-863b-813fd346e164-140458093270848", "study_id": 0, "datetime_start": "2023-12-29T02:54:34.999716"}
{"op_code": 0, "worker_id": "05a6ef3c-c910-487e-b41b-c6401ca84d63-139908360865600", "study_name": "VDP_7_4020_offline", "directions": [1]}
{"op_code": 5, "worker_id": "77807dd6-ffaa-4f67-863b-813fd346e164-140458093270848", "trial_id": 1, "param_name": "sr", "param_value_internal": 5.7460277144558445, "distribution": "{\"name\": \"FloatDistribution\", \"attributes\": {\"step\": null, \"low\": 0.01, \"high\": 10.0, \"log\": true}}"}
{"op_code": 5, "worker_id": "77807dd6-ffaa-4f67-863b-813fd346e164-140458093270848", "trial_id": 1, "param_name": "lr", "param_value_internal": 0.01108567705023902, "distribution": "{\"name\": \"FloatDistribution\", \"attributes\": {\"step\": null, \"low\": 0.001, \"high\": 1.0, \"log\": true}}"}
{"op_code": 4, "worker_id": "05a6ef3c-c910-487e-b41b-c6401ca84d63-139908360865600", "study_id": 0, "datetime_start": "2023-12-29T02:54:35.014635"}
{"op_code": 5, "worker_id": "77807dd6-ffaa-4f67-863b-813fd346e164-140458093270848", "trial_id": 1, "param_name": "iss", "param_value_internal": 0.5354727402151616, "distribution": "{\"name\": \"FloatDistribution\", \"attributes\": {\"step\": null, \"low\": 0.0, \"high\": 1.0, \"log\": false}}"}
{"op_code": 5, "worker_id": "77807dd6-ffaa-4f67-863b-813fd346e164-140458093270848", "trial_id": 1, "param_name": "ridge", "param_value_internal": 8.308042519012047e-08, "distribution": "{\"name\": \"FloatDistribution\", \"attributes\": {\"step\": null, \"low\": 1e-09, \"high\": 0.01, \"log\": true}}"}
{"op_code": 5, "worker_id": "05a6ef3c-c910-487e-b41b-c6401ca84d63-139908360865600", "trial_id": 2, "param_name": "sr", "param_value_internal": 2.570676965666081, "distribution": "{\"name\": \"FloatDistribution\", \"attributes\": {\"step\": null, \"low\": 0.01, \"high\": 10.0, \"log\": true}}"}
{"op_code": 4, "worker_id": "41a043f5-8a2b-4fee-9b6c-bbddf3d31695-139854964737856", "study_id": 0, "datetime_start": "2023-12-29T02:54:34.898627"}
{"op_code": 5, "worker_id": "05a6ef3c-c910-487e-b41b-c6401ca84d63-139908360865600", "trial_id": 2, "param_name": "lr", "param_value_internal": 0.05125322195802762, "distribution": "{\"name\": \"FloatDistribution\", \"attributes\": {\"step\": null, \"low\": 0.001, \"high\": 1.0, \"log\": true}}"}
{"op_code": 5, "worker_id": "05a6ef3c-c910-487e-b41b-c6401ca84d63-139908360865600", "trial_id": 2, "param_name": "iss", "param_value_internal": 0.24391933581129066, "distribution": "{\"name\": \"FloatDistribution\", \"attributes\": {\"step\": null, \"low\": 0.0, \"high\": 1.0, \"log\": false}}"}
{"op_code": 5, "worker_id": "41a043f5-8a2b-4fee-9b6c-bbddf3d31695-139854964737856", "trial_id": 3, "param_name": "sr", "param_value_internal": 5.1134331607930275, "distribution": "{\"name\": \"FloatDistribution\", \"attributes\": {\"step\": null, \"low\": 0.01, \"high\": 10.0, \"log\": true}}"}
{"op_code": 5, "worker_id": "05a6ef3c-c910-487e-b41b-c6401ca84d63-139908360865600", "trial_id": 2, "param_name": "ridge", "param_value_internal": 2.4632673842191778e-08, "distribution": "{\"name\": \"FloatDistribution\", \"attributes\": {\"step\": null, \"low\": 1e-09, \"high\": 0.01, \"log\": true}}"}
{"op_code": 5, "worker_id": "41a043f5-8a2b-4fee-9b6c-bbddf3d31695-139854964737856", "trial_id": 3, "param_name": "lr", "param_value_internal": 0.034019506988216916, "distribution": "{\"name\": \"FloatDistribution\", \"attributes\": {\"step\": null, \"low\": 0.001, \"high\": 1.0, \"log\": true}}"}
{"op_code": 5, "worker_id": "41a043f5-8a2b-4fee-9b6c-bbddf3d31695-139854964737856", "trial_id": 3, "param_name": "iss", "param_value_internal": 0.2586029499976591, "distribution": "{\"name\": \"FloatDistribution\", \"attributes\": {\"step\": null, \"low\": 0.0, \"high\": 1.0, \"log\": false}}"}
{"op_code": 0, "worker_id": "b9846903-db3b-4261-9c6a-2c6c57d0f0ae-140151208879936", "study_name": "VDP_7_4020_offline", "directions": [1]}
{"op_code": 5, "worker_id": "41a043f5-8a2b-4fee-9b6c-bbddf3d31695-139854964737856", "trial_id": 3, "param_name": "ridge", "param_value_internal": 0.0015451568098717602, "distribution": "{\"name\": \"FloatDistribution\", \"attributes\": {\"step\": null, \"low\": 1e-09, \"high\": 0.01, \"log\": true}}"}
{"op_code": 0, "worker_id": "0f3b1b18-10ce-47b7-8ea3-30835e4128c9-139980277184320", "study_name": "VDP_7_4020_offline", "directions": [1]}
{"op_code": 4, "worker_id": "b9846903-db3b-4261-9c6a-2c6c57d0f0ae-140151208879936", "study_id": 0, "datetime_start": "2023-12-29T02:54:35.059830"}
{"op_code": 4, "worker_id": "0f3b1b18-10ce-47b7-8ea3-30835e4128c9-139980277184320", "study_id": 0, "datetime_start": "2023-12-29T02:54:35.064739"}
{"op_code": 5, "worker_id": "b9846903-db3b-4261-9c6a-2c6c57d0f0ae-140151208879936", "trial_id": 4, "param_name": "sr", "param_value_internal": 1.1338200048649167, "distribution": "{\"name\": \"FloatDistribution\", \"attributes\": {\"step\": null, \"low\": 0.01, \"high\": 10.0, \"log\": true}}"}
{"op_code": 5, "worker_id": "b9846903-db3b-4261-9c6a-2c6c57d0f0ae-140151208879936", "trial_id": 4, "param_name": "lr", "param_value_internal": 0.0011144575695083594, "distribution": "{\"name\": \"FloatDistribution\", \"attributes\": {\"step\": null, \"low\": 0.001, \"high\": 1.0, \"log\": true}}"}
{"op_code": 5, "worker_id": "0f3b1b18-10ce-47b7-8ea3-30835e4128c9-139980277184320", "trial_id": 5, "param_name": "sr", "param_value_internal": 3.8468414336753862, "distribution": "{\"name\": \"FloatDistribution\", \"attributes\": {\"step\": null, \"low\": 0.01, \"high\": 10.0, \"log\": true}}"}
{"op_code": 5, "worker_id": "b9846903-db3b-4261-9c6a-2c6c57d0f0ae-140151208879936", "trial_id": 4, "param_name": "iss", "param_value_internal": 0.2752777099871594, "distribution": "{\"name\": \"FloatDistribution\", \"attributes\": {\"step\": null, \"low\": 0.0, \"high\": 1.0, \"log\": false}}"}
{"op_code": 5, "worker_id": "0f3b1b18-10ce-47b7-8ea3-30835e4128c9-139980277184320", "trial_id": 5, "param_name": "lr", "param_value_internal": 0.608698501016565, "distribution": "{\"name\": \"FloatDistribution\", \"attributes\": {\"step\": null, \"low\": 0.001, \"high\": 1.0, \"log\": true}}"}
{"op_code": 5, "worker_id": "b9846903-db3b-4261-9c6a-2c6c57d0f0ae-140151208879936", "trial_id": 4, "param_name": "ridge", "param_value_internal": 2.0266310764105884e-07, "distribution": "{\"name\": \"FloatDistribution\", \"attributes\": {\"step\": null, \"low\": 1e-09, \"high\": 0.01, \"log\": true}}"}
{"op_code": 5, "worker_id": "0f3b1b18-10ce-47b7-8ea3-30835e4128c9-139980277184320", "trial_id": 5, "param_name": "iss", "param_value_internal": 0.69020702994618, "distribution": "{\"name\": \"FloatDistribution\", \"attributes\": {\"step\": null, \"low\": 0.0, \"high\": 1.0, \"log\": false}}"}
{"op_code": 5, "worker_id": "0f3b1b18-10ce-47b7-8ea3-30835e4128c9-139980277184320", "trial_id": 5, "param_name": "ridge", "param_value_internal": 7.404338841456392e-08, "distribution": "{\"name\": \"FloatDistribution\", \"attributes\": {\"step\": null, \"low\": 1e-09, \"high\": 0.01, \"log\": true}}"}
{"op_code": 4, "worker_id": "2e52b0e5-cae3-4a36-ab31-517671891753-139644153907008", "study_id": 0, "datetime_start": "2023-12-29T02:54:34.893334"}
{"op_code": 5, "worker_id": "2e52b0e5-cae3-4a36-ab31-517671891753-139644153907008", "trial_id": 6, "param_name": "sr", "param_value_internal": 0.1779823932749788, "distribution": "{\"name\": \"FloatDistribution\", \"attributes\": {\"step\": null, \"low\": 0.01, \"high\": 10.0, \"log\": true}}"}
{"op_code": 5, "worker_id": "2e52b0e5-cae3-4a36-ab31-517671891753-139644153907008", "trial_id": 6, "param_name": "lr", "param_value_internal": 0.24046494606440075, "distribution": "{\"name\": \"FloatDistribution\", \"attributes\": {\"step\": null, \"low\": 0.001, \"high\": 1.0, \"log\": true}}"}
{"op_code": 5, "worker_id": "2e52b0e5-cae3-4a36-ab31-517671891753-139644153907008", "trial_id": 6, "param_name": "iss", "param_value_internal": 0.18351453964158593, "distribution": "{\"name\": \"FloatDistribution\", \"attributes\": {\"step\": null, \"low\": 0.0, \"high\": 1.0, \"log\": false}}"}
{"op_code": 5, "worker_id": "2e52b0e5-cae3-4a36-ab31-517671891753-139644153907008", "trial_id": 6, "param_name": "ridge", "param_value_internal": 0.00018745733925533038, "distribution": "{\"name\": \"FloatDistribution\", \"attributes\": {\"step\": null, \"low\": 1e-09, \"high\": 0.01, \"log\": true}}"}
{"op_code": 0, "worker_id": "81b67247-387e-4c33-955f-ea870c778412-140399070299968", "study_name": "VDP_7_4020_offline", "directions": [1]}
{"op_code": 4, "worker_id": "81b67247-387e-4c33-955f-ea870c778412-140399070299968", "study_id": 0, "datetime_start": "2023-12-29T02:54:35.195183"}
{"op_code": 5, "worker_id": "81b67247-387e-4c33-955f-ea870c778412-140399070299968", "trial_id": 7, "param_name": "sr", "param_value_internal": 6.060720197235922, "distribution": "{\"name\": \"FloatDistribution\", \"attributes\": {\"step\": null, \"low\": 0.01, \"high\": 10.0, \"log\": true}}"}
{"op_code": 5, "worker_id": "81b67247-387e-4c33-955f-ea870c778412-140399070299968", "trial_id": 7, "param_name": "lr", "param_value_internal": 0.047065604622467914, "distribution": "{\"name\": \"FloatDistribution\", \"attributes\": {\"step\": null, \"low\": 0.001, \"high\": 1.0, \"log\": true}}"}
{"op_code": 5, "worker_id": "81b67247-387e-4c33-955f-ea870c778412-140399070299968", "trial_id": 7, "param_name": "iss", "param_value_internal": 0.35688921389357264, "distribution": "{\"name\": \"FloatDistribution\", \"attributes\": {\"step\": null, \"low\": 0.0, \"high\": 1.0, \"log\": false}}"}
{"op_code": 5, "worker_id": "81b67247-387e-4c33-955f-ea870c778412-140399070299968", "trial_id": 7, "param_name": "ridge", "param_value_internal": 1.5336508667098366e-06, "distribution": "{\"name\": \"FloatDistribution\", \"attributes\": {\"step\": null, \"low\": 1e-09, \"high\": 0.01, \"log\": true}}"}
{"op_code": 6, "worker_id": "b9846903-db3b-4261-9c6a-2c6c57d0f0ae-140151208879936", "trial_id": 4, "state": 1, "values": [4.860827849505473], "datetime_complete": "2023-12-29T03:47:40.564729"}
{"op_code": 6, "worker_id": "77807dd6-ffaa-4f67-863b-813fd346e164-140458093270848", "trial_id": 1, "state": 1, "values": [316.1171404934793], "datetime_complete": "2023-12-29T03:47:56.654764"}
{"op_code": 6, "worker_id": "05a6ef3c-c910-487e-b41b-c6401ca84d63-139908360865600", "trial_id": 2, "state": 1, "values": [239.2041351758976], "datetime_complete": "2023-12-29T03:48:30.219957"}
{"op_code": 6, "worker_id": "e8b9b226-8710-43e0-a687-43e3768baa3b-140282376095552", "trial_id": 0, "state": 1, "values": [0.008212850948042139], "datetime_complete": "2023-12-29T03:48:33.547160"}
{"op_code": 6, "worker_id": "2e52b0e5-cae3-4a36-ab31-517671891753-139644153907008", "trial_id": 6, "state": 1, "values": [0.0032703776845715384], "datetime_complete": "2023-12-29T03:48:58.306542"}
{"op_code": 6, "worker_id": "0f3b1b18-10ce-47b7-8ea3-30835e4128c9-139980277184320", "trial_id": 5, "state": 1, "values": [0.018376446061356747], "datetime_complete": "2023-12-29T03:49:01.421124"}
{"op_code": 6, "worker_id": "41a043f5-8a2b-4fee-9b6c-bbddf3d31695-139854964737856", "trial_id": 3, "state": 1, "values": [3.8060415060627544], "datetime_complete": "2023-12-29T03:49:10.756848"}
{"op_code": 6, "worker_id": "81b67247-387e-4c33-955f-ea870c778412-140399070299968", "trial_id": 7, "state": 1, "values": [4.6195379601439654], "datetime_complete": "2023-12-29T03:49:46.511844"}
{"op_code": 7, "worker_id": "b9846903-db3b-4261-9c6a-2c6c57d0f0ae-140151208879936", "trial_id": 4, "step": 0, "intermediate_value": 4.860827849505473}
