{"op_code": 0, "worker_id": "41b8a92a-4eeb-468c-8cbc-7eb322a9b031-140565615691584", "study_name": "VDP_0_4020_offline", "directions": [1]}
{"op_code": 0, "worker_id": "ce8d3ead-170f-4de6-af98-c36281e3282a-139857825281856", "study_name": "VDP_0_4020_offline", "directions": [1]}
{"op_code": 0, "worker_id": "42831aff-4f35-440d-848f-c3479ad3056d-139822332737344", "study_name": "VDP_0_4020_offline", "directions": [1]}
{"op_code": 4, "worker_id": "ce8d3ead-170f-4de6-af98-c36281e3282a-139857825281856", "study_id": 0, "datetime_start": "2023-12-29T15:18:57.757121"}
{"op_code": 4, "worker_id": "42831aff-4f35-440d-848f-c3479ad3056d-139822332737344", "study_id": 0, "datetime_start": "2023-12-29T15:18:57.757720"}
{"op_code": 0, "worker_id": "4a460ce6-b675-49d1-b889-10afaf358035-140647077832512", "study_name": "VDP_0_4020_offline", "directions": [1]}
{"op_code": 5, "worker_id": "42831aff-4f35-440d-848f-c3479ad3056d-139822332737344", "trial_id": 1, "param_name": "sr", "param_value_internal": 0.8648418644477102, "distribution": "{\"name\": \"FloatDistribution\", \"attributes\": {\"step\": null, \"low\": 0.01, \"high\": 10.0, \"log\": true}}"}
{"op_code": 4, "worker_id": "41b8a92a-4eeb-468c-8cbc-7eb322a9b031-140565615691584", "study_id": 0, "datetime_start": "2023-12-29T15:18:57.752967"}
{"op_code": 5, "worker_id": "42831aff-4f35-440d-848f-c3479ad3056d-139822332737344", "trial_id": 1, "param_name": "lr", "param_value_internal": 0.002059242807250283, "distribution": "{\"name\": \"FloatDistribution\", \"attributes\": {\"step\": null, \"low\": 0.001, \"high\": 1.0, \"log\": true}}"}
{"op_code": 0, "worker_id": "30974f20-fe13-427f-af74-ab5bad0137c1-140536195389248", "study_name": "VDP_0_4020_offline", "directions": [1]}
{"op_code": 5, "worker_id": "42831aff-4f35-440d-848f-c3479ad3056d-139822332737344", "trial_id": 1, "param_name": "iss", "param_value_internal": 0.34527337472780095, "distribution": "{\"name\": \"FloatDistribution\", \"attributes\": {\"step\": null, \"low\": 0.0, \"high\": 1.0, \"log\": false}}"}
{"op_code": 5, "worker_id": "42831aff-4f35-440d-848f-c3479ad3056d-139822332737344", "trial_id": 1, "param_name": "ridge", "param_value_internal": 3.437548681467701e-05, "distribution": "{\"name\": \"FloatDistribution\", \"attributes\": {\"step\": null, \"low\": 1e-09, \"high\": 0.01, \"log\": true}}"}
{"op_code": 5, "worker_id": "ce8d3ead-170f-4de6-af98-c36281e3282a-139857825281856", "trial_id": 0, "param_name": "sr", "param_value_internal": 2.6656670435920953, "distribution": "{\"name\": \"FloatDistribution\", \"attributes\": {\"step\": null, \"low\": 0.01, \"high\": 10.0, \"log\": true}}"}
{"op_code": 5, "worker_id": "ce8d3ead-170f-4de6-af98-c36281e3282a-139857825281856", "trial_id": 0, "param_name": "lr", "param_value_internal": 0.08700282009741399, "distribution": "{\"name\": \"FloatDistribution\", \"attributes\": {\"step\": null, \"low\": 0.001, \"high\": 1.0, \"log\": true}}"}
{"op_code": 4, "worker_id": "4a460ce6-b675-49d1-b889-10afaf358035-140647077832512", "study_id": 0, "datetime_start": "2023-12-29T15:18:57.770374"}
{"op_code": 5, "worker_id": "ce8d3ead-170f-4de6-af98-c36281e3282a-139857825281856", "trial_id": 0, "param_name": "iss", "param_value_internal": 0.6901190970125428, "distribution": "{\"name\": \"FloatDistribution\", \"attributes\": {\"step\": null, \"low\": 0.0, \"high\": 1.0, \"log\": false}}"}
{"op_code": 5, "worker_id": "ce8d3ead-170f-4de6-af98-c36281e3282a-139857825281856", "trial_id": 0, "param_name": "ridge", "param_value_internal": 5.340771518955521e-07, "distribution": "{\"name\": \"FloatDistribution\", \"attributes\": {\"step\": null, \"low\": 1e-09, \"high\": 0.01, \"log\": true}}"}
{"op_code": 5, "worker_id": "4a460ce6-b675-49d1-b889-10afaf358035-140647077832512", "trial_id": 3, "param_name": "sr", "param_value_internal": 5.73006729967885, "distribution": "{\"name\": \"FloatDistribution\", \"attributes\": {\"step\": null, \"low\": 0.01, \"high\": 10.0, \"log\": true}}"}
{"op_code": 5, "worker_id": "4a460ce6-b675-49d1-b889-10afaf358035-140647077832512", "trial_id": 3, "param_name": "lr", "param_value_internal": 0.00400600375790075, "distribution": "{\"name\": \"FloatDistribution\", \"attributes\": {\"step\": null, \"low\": 0.001, \"high\": 1.0, \"log\": true}}"}
{"op_code": 5, "worker_id": "4a460ce6-b675-49d1-b889-10afaf358035-140647077832512", "trial_id": 3, "param_name": "iss", "param_value_internal": 0.8313308567700564, "distribution": "{\"name\": \"FloatDistribution\", \"attributes\": {\"step\": null, \"low\": 0.0, \"high\": 1.0, \"log\": false}}"}
{"op_code": 5, "worker_id": "4a460ce6-b675-49d1-b889-10afaf358035-140647077832512", "trial_id": 3, "param_name": "ridge", "param_value_internal": 7.130196656760026e-07, "distribution": "{\"name\": \"FloatDistribution\", \"attributes\": {\"step\": null, \"low\": 1e-09, \"high\": 0.01, \"log\": true}}"}
{"op_code": 0, "worker_id": "bb118975-810a-419a-8c2a-9ea15c422d3f-140675900913472", "study_name": "VDP_0_4020_offline", "directions": [1]}
{"op_code": 4, "worker_id": "bb118975-810a-419a-8c2a-9ea15c422d3f-140675900913472", "study_id": 0, "datetime_start": "2023-12-29T15:18:57.982338"}
{"op_code": 5, "worker_id": "bb118975-810a-419a-8c2a-9ea15c422d3f-140675900913472", "trial_id": 4, "param_name": "sr", "param_value_internal": 0.041832367497163875, "distribution": "{\"name\": \"FloatDistribution\", \"attributes\": {\"step\": null, \"low\": 0.01, \"high\": 10.0, \"log\": true}}"}
{"op_code": 5, "worker_id": "bb118975-810a-419a-8c2a-9ea15c422d3f-140675900913472", "trial_id": 4, "param_name": "lr", "param_value_internal": 0.05534120805749029, "distribution": "{\"name\": \"FloatDistribution\", \"attributes\": {\"step\": null, \"low\": 0.001, \"high\": 1.0, \"log\": true}}"}
{"op_code": 5, "worker_id": "bb118975-810a-419a-8c2a-9ea15c422d3f-140675900913472", "trial_id": 4, "param_name": "iss", "param_value_internal": 0.28552141894940497, "distribution": "{\"name\": \"FloatDistribution\", \"attributes\": {\"step\": null, \"low\": 0.0, \"high\": 1.0, \"log\": false}}"}
{"op_code": 5, "worker_id": "bb118975-810a-419a-8c2a-9ea15c422d3f-140675900913472", "trial_id": 4, "param_name": "ridge", "param_value_internal": 0.0007551263047553742, "distribution": "{\"name\": \"FloatDistribution\", \"attributes\": {\"step\": null, \"low\": 1e-09, \"high\": 0.01, \"log\": true}}"}
{"op_code": 0, "worker_id": "f869c19f-0e30-45e9-8db7-ff2ba6d6a46a-140585267668800", "study_name": "VDP_0_4020_offline", "directions": [1]}
{"op_code": 4, "worker_id": "f869c19f-0e30-45e9-8db7-ff2ba6d6a46a-140585267668800", "study_id": 0, "datetime_start": "2023-12-29T15:18:58.017706"}
{"op_code": 5, "worker_id": "f869c19f-0e30-45e9-8db7-ff2ba6d6a46a-140585267668800", "trial_id": 5, "param_name": "sr", "param_value_internal": 0.2601160670224857, "distribution": "{\"name\": \"FloatDistribution\", \"attributes\": {\"step\": null, \"low\": 0.01, \"high\": 10.0, \"log\": true}}"}
{"op_code": 5, "worker_id": "f869c19f-0e30-45e9-8db7-ff2ba6d6a46a-140585267668800", "trial_id": 5, "param_name": "lr", "param_value_internal": 0.0013621725462193792, "distribution": "{\"name\": \"FloatDistribution\", \"attributes\": {\"step\": null, \"low\": 0.001, \"high\": 1.0, \"log\": true}}"}
{"op_code": 5, "worker_id": "f869c19f-0e30-45e9-8db7-ff2ba6d6a46a-140585267668800", "trial_id": 5, "param_name": "iss", "param_value_internal": 0.10604209572834777, "distribution": "{\"name\": \"FloatDistribution\", \"attributes\": {\"step\": null, \"low\": 0.0, \"high\": 1.0, \"log\": false}}"}
{"op_code": 5, "worker_id": "f869c19f-0e30-45e9-8db7-ff2ba6d6a46a-140585267668800", "trial_id": 5, "param_name": "ridge", "param_value_internal": 6.456575520980518e-05, "distribution": "{\"name\": \"FloatDistribution\", \"attributes\": {\"step\": null, \"low\": 1e-09, \"high\": 0.01, \"log\": true}}"}
{"op_code": 4, "worker_id": "30974f20-fe13-427f-af74-ab5bad0137c1-140536195389248", "study_id": 0, "datetime_start": "2023-12-29T15:18:57.784644"}
{"op_code": 5, "worker_id": "30974f20-fe13-427f-af74-ab5bad0137c1-140536195389248", "trial_id": 6, "param_name": "sr", "param_value_internal": 0.041514571983526684, "distribution": "{\"name\": \"FloatDistribution\", \"attributes\": {\"step\": null, \"low\": 0.01, \"high\": 10.0, \"log\": true}}"}
{"op_code": 5, "worker_id": "30974f20-fe13-427f-af74-ab5bad0137c1-140536195389248", "trial_id": 6, "param_name": "lr", "param_value_internal": 0.03354410467341786, "distribution": "{\"name\": \"FloatDistribution\", \"attributes\": {\"step\": null, \"low\": 0.001, \"high\": 1.0, \"log\": true}}"}
{"op_code": 5, "worker_id": "30974f20-fe13-427f-af74-ab5bad0137c1-140536195389248", "trial_id": 6, "param_name": "iss", "param_value_internal": 0.6061200596529768, "distribution": "{\"name\": \"FloatDistribution\", \"attributes\": {\"step\": null, \"low\": 0.0, \"high\": 1.0, \"log\": false}}"}
{"op_code": 5, "worker_id": "30974f20-fe13-427f-af74-ab5bad0137c1-140536195389248", "trial_id": 6, "param_name": "ridge", "param_value_internal": 9.053252022398824e-07, "distribution": "{\"name\": \"FloatDistribution\", \"attributes\": {\"step\": null, \"low\": 1e-09, \"high\": 0.01, \"log\": true}}"}
{"op_code": 0, "worker_id": "cbfbfa5d-bd27-45d6-bfb9-25afe6c36b7a-140260877989696", "study_name": "VDP_0_4020_offline", "directions": [1]}
{"op_code": 4, "worker_id": "cbfbfa5d-bd27-45d6-bfb9-25afe6c36b7a-140260877989696", "study_id": 0, "datetime_start": "2023-12-29T15:18:58.274995"}
{"op_code": 5, "worker_id": "cbfbfa5d-bd27-45d6-bfb9-25afe6c36b7a-140260877989696", "trial_id": 7, "param_name": "sr", "param_value_internal": 0.2954762285408088, "distribution": "{\"name\": \"FloatDistribution\", \"attributes\": {\"step\": null, \"low\": 0.01, \"high\": 10.0, \"log\": true}}"}
{"op_code": 5, "worker_id": "cbfbfa5d-bd27-45d6-bfb9-25afe6c36b7a-140260877989696", "trial_id": 7, "param_name": "lr", "param_value_internal": 0.03231337062776546, "distribution": "{\"name\": \"FloatDistribution\", \"attributes\": {\"step\": null, \"low\": 0.001, \"high\": 1.0, \"log\": true}}"}
{"op_code": 5, "worker_id": "cbfbfa5d-bd27-45d6-bfb9-25afe6c36b7a-140260877989696", "trial_id": 7, "param_name": "iss", "param_value_internal": 0.2658977976801983, "distribution": "{\"name\": \"FloatDistribution\", \"attributes\": {\"step\": null, \"low\": 0.0, \"high\": 1.0, \"log\": false}}"}
{"op_code": 5, "worker_id": "cbfbfa5d-bd27-45d6-bfb9-25afe6c36b7a-140260877989696", "trial_id": 7, "param_name": "ridge", "param_value_internal": 1.2633882778531025e-09, "distribution": "{\"name\": \"FloatDistribution\", \"attributes\": {\"step\": null, \"low\": 1e-09, \"high\": 0.01, \"log\": true}}"}
{"op_code": 5, "worker_id": "41b8a92a-4eeb-468c-8cbc-7eb322a9b031-140565615691584", "trial_id": 2, "param_name": "sr", "param_value_internal": 0.6723917252819582, "distribution": "{\"name\": \"FloatDistribution\", \"attributes\": {\"step\": null, \"low\": 0.01, \"high\": 10.0, \"log\": true}}"}
{"op_code": 5, "worker_id": "41b8a92a-4eeb-468c-8cbc-7eb322a9b031-140565615691584", "trial_id": 2, "param_name": "lr", "param_value_internal": 0.7072505111678798, "distribution": "{\"name\": \"FloatDistribution\", \"attributes\": {\"step\": null, \"low\": 0.001, \"high\": 1.0, \"log\": true}}"}
{"op_code": 5, "worker_id": "41b8a92a-4eeb-468c-8cbc-7eb322a9b031-140565615691584", "trial_id": 2, "param_name": "iss", "param_value_internal": 0.10559236858500565, "distribution": "{\"name\": \"FloatDistribution\", \"attributes\": {\"step\": null, \"low\": 0.0, \"high\": 1.0, \"log\": false}}"}
{"op_code": 5, "worker_id": "41b8a92a-4eeb-468c-8cbc-7eb322a9b031-140565615691584", "trial_id": 2, "param_name": "ridge", "param_value_internal": 4.103903362369966e-06, "distribution": "{\"name\": \"FloatDistribution\", \"attributes\": {\"step\": null, \"low\": 1e-09, \"high\": 0.01, \"log\": true}}"}
{"op_code": 6, "worker_id": "4a460ce6-b675-49d1-b889-10afaf358035-140647077832512", "trial_id": 3, "state": 1, "values": [139.2820801814443], "datetime_complete": "2023-12-29T16:08:24.771519"}
{"op_code": 6, "worker_id": "30974f20-fe13-427f-af74-ab5bad0137c1-140536195389248", "trial_id": 6, "state": 1, "values": [0.0007410407630928182], "datetime_complete": "2023-12-29T16:08:25.478359"}
{"op_code": 6, "worker_id": "cbfbfa5d-bd27-45d6-bfb9-25afe6c36b7a-140260877989696", "trial_id": 7, "state": 1, "values": [0.0004054287894699415], "datetime_complete": "2023-12-29T16:08:25.776108"}
{"op_code": 6, "worker_id": "bb118975-810a-419a-8c2a-9ea15c422d3f-140675900913472", "trial_id": 4, "state": 1, "values": [0.0008444070939078336], "datetime_complete": "2023-12-29T16:08:39.632162"}
{"op_code": 6, "worker_id": "f869c19f-0e30-45e9-8db7-ff2ba6d6a46a-140585267668800", "trial_id": 5, "state": 1, "values": [0.004338954860692079], "datetime_complete": "2023-12-29T16:08:40.080220"}
{"op_code": 6, "worker_id": "41b8a92a-4eeb-468c-8cbc-7eb322a9b031-140565615691584", "trial_id": 2, "state": 1, "values": [0.00010368558420452466], "datetime_complete": "2023-12-29T16:08:51.186163"}
{"op_code": 6, "worker_id": "42831aff-4f35-440d-848f-c3479ad3056d-139822332737344", "trial_id": 1, "state": 1, "values": [0.0017860305130050023], "datetime_complete": "2023-12-29T16:09:38.858107"}
{"op_code": 6, "worker_id": "ce8d3ead-170f-4de6-af98-c36281e3282a-139857825281856", "trial_id": 0, "state": 1, "values": [0.31345681800140873], "datetime_complete": "2023-12-29T16:11:29.485964"}
{"op_code": 7, "worker_id": "cbfbfa5d-bd27-45d6-bfb9-25afe6c36b7a-140260877989696", "trial_id": 7, "step": 0, "intermediate_value": 0.0004054287894699415}
