{"op_code": 0, "worker_id": "d0a28f92-c90c-4d2c-80a4-6bf7e743bae4-140058348771136", "study_name": "VDP_random_2010_offline_", "directions": [1]}
{"op_code": 4, "worker_id": "d0a28f92-c90c-4d2c-80a4-6bf7e743bae4-140058348771136", "study_id": 0, "datetime_start": "2024-01-19T21:31:47.367920"}
{"op_code": 5, "worker_id": "d0a28f92-c90c-4d2c-80a4-6bf7e743bae4-140058348771136", "trial_id": 0, "param_name": "sr", "param_value_internal": 6.064901078115061, "distribution": "{\"name\": \"FloatDistribution\", \"attributes\": {\"step\": null, \"low\": 0.01, \"high\": 10.0, \"log\": true}}"}
{"op_code": 5, "worker_id": "d0a28f92-c90c-4d2c-80a4-6bf7e743bae4-140058348771136", "trial_id": 0, "param_name": "lr", "param_value_internal": 0.0061661482551916115, "distribution": "{\"name\": \"FloatDistribution\", \"attributes\": {\"step\": null, \"low\": 0.001, \"high\": 1.0, \"log\": true}}"}
{"op_code": 5, "worker_id": "d0a28f92-c90c-4d2c-80a4-6bf7e743bae4-140058348771136", "trial_id": 0, "param_name": "iss", "param_value_internal": 0.33188539912897164, "distribution": "{\"name\": \"FloatDistribution\", \"attributes\": {\"step\": null, \"low\": 0.0, \"high\": 1.0, \"log\": false}}"}
{"op_code": 5, "worker_id": "d0a28f92-c90c-4d2c-80a4-6bf7e743bae4-140058348771136", "trial_id": 0, "param_name": "ridge", "param_value_internal": 1.5684193563632685e-09, "distribution": "{\"name\": \"FloatDistribution\", \"attributes\": {\"step\": null, \"low\": 1e-09, \"high\": 0.01, \"log\": true}}"}
{"op_code": 0, "worker_id": "c5abd2e2-4a4f-4209-88e8-6e1096299296-140016864266048", "study_name": "VDP_random_2010_offline_", "directions": [1]}
{"op_code": 4, "worker_id": "c5abd2e2-4a4f-4209-88e8-6e1096299296-140016864266048", "study_id": 0, "datetime_start": "2024-01-19T21:31:47.404367"}
{"op_code": 0, "worker_id": "b8611566-c976-41dc-b449-c912b431b57b-140339650262848", "study_name": "VDP_random_2010_offline_", "directions": [1]}
{"op_code": 5, "worker_id": "c5abd2e2-4a4f-4209-88e8-6e1096299296-140016864266048", "trial_id": 1, "param_name": "sr", "param_value_internal": 0.03923501495705319, "distribution": "{\"name\": \"FloatDistribution\", \"attributes\": {\"step\": null, \"low\": 0.01, \"high\": 10.0, \"log\": true}}"}
{"op_code": 0, "worker_id": "295d3f0a-2b6c-436d-8f85-1018b13e9b27-139623409928000", "study_name": "VDP_random_2010_offline_", "directions": [1]}
{"op_code": 5, "worker_id": "c5abd2e2-4a4f-4209-88e8-6e1096299296-140016864266048", "trial_id": 1, "param_name": "lr", "param_value_internal": 0.7186678811420442, "distribution": "{\"name\": \"FloatDistribution\", \"attributes\": {\"step\": null, \"low\": 0.001, \"high\": 1.0, \"log\": true}}"}
{"op_code": 5, "worker_id": "c5abd2e2-4a4f-4209-88e8-6e1096299296-140016864266048", "trial_id": 1, "param_name": "iss", "param_value_internal": 0.6662460058589788, "distribution": "{\"name\": \"FloatDistribution\", \"attributes\": {\"step\": null, \"low\": 0.0, \"high\": 1.0, \"log\": false}}"}
{"op_code": 4, "worker_id": "295d3f0a-2b6c-436d-8f85-1018b13e9b27-139623409928000", "study_id": 0, "datetime_start": "2024-01-19T21:31:47.520571"}
{"op_code": 5, "worker_id": "c5abd2e2-4a4f-4209-88e8-6e1096299296-140016864266048", "trial_id": 1, "param_name": "ridge", "param_value_internal": 0.003662673974641394, "distribution": "{\"name\": \"FloatDistribution\", \"attributes\": {\"step\": null, \"low\": 1e-09, \"high\": 0.01, \"log\": true}}"}
{"op_code": 0, "worker_id": "8b46960b-f058-472d-8085-34d35b747c50-140704984917824", "study_name": "VDP_random_2010_offline_", "directions": [1]}
{"op_code": 5, "worker_id": "295d3f0a-2b6c-436d-8f85-1018b13e9b27-139623409928000", "trial_id": 2, "param_name": "sr", "param_value_internal": 1.4991773317966526, "distribution": "{\"name\": \"FloatDistribution\", \"attributes\": {\"step\": null, \"low\": 0.01, \"high\": 10.0, \"log\": true}}"}
{"op_code": 0, "worker_id": "540e5c13-b4d1-4add-a5c3-67d0ad4407f4-139725175371584", "study_name": "VDP_random_2010_offline_", "directions": [1]}
{"op_code": 5, "worker_id": "295d3f0a-2b6c-436d-8f85-1018b13e9b27-139623409928000", "trial_id": 2, "param_name": "lr", "param_value_internal": 0.010353388304289078, "distribution": "{\"name\": \"FloatDistribution\", \"attributes\": {\"step\": null, \"low\": 0.001, \"high\": 1.0, \"log\": true}}"}
{"op_code": 4, "worker_id": "8b46960b-f058-472d-8085-34d35b747c50-140704984917824", "study_id": 0, "datetime_start": "2024-01-19T21:31:47.536560"}
{"op_code": 0, "worker_id": "adf90e4e-707c-49c3-a2ac-4ca6bb450348-140531205044032", "study_name": "VDP_random_2010_offline_", "directions": [1]}
{"op_code": 4, "worker_id": "540e5c13-b4d1-4add-a5c3-67d0ad4407f4-139725175371584", "study_id": 0, "datetime_start": "2024-01-19T21:31:47.543169"}
{"op_code": 5, "worker_id": "8b46960b-f058-472d-8085-34d35b747c50-140704984917824", "trial_id": 3, "param_name": "sr", "param_value_internal": 1.2914549626615326, "distribution": "{\"name\": \"FloatDistribution\", \"attributes\": {\"step\": null, \"low\": 0.01, \"high\": 10.0, \"log\": true}}"}
{"op_code": 5, "worker_id": "295d3f0a-2b6c-436d-8f85-1018b13e9b27-139623409928000", "trial_id": 2, "param_name": "iss", "param_value_internal": 0.5264891004979093, "distribution": "{\"name\": \"FloatDistribution\", \"attributes\": {\"step\": null, \"low\": 0.0, \"high\": 1.0, \"log\": false}}"}
{"op_code": 5, "worker_id": "8b46960b-f058-472d-8085-34d35b747c50-140704984917824", "trial_id": 3, "param_name": "lr", "param_value_internal": 0.5720275092716064, "distribution": "{\"name\": \"FloatDistribution\", \"attributes\": {\"step\": null, \"low\": 0.001, \"high\": 1.0, \"log\": true}}"}
{"op_code": 5, "worker_id": "540e5c13-b4d1-4add-a5c3-67d0ad4407f4-139725175371584", "trial_id": 4, "param_name": "sr", "param_value_internal": 0.1146105327521072, "distribution": "{\"name\": \"FloatDistribution\", \"attributes\": {\"step\": null, \"low\": 0.01, \"high\": 10.0, \"log\": true}}"}
{"op_code": 5, "worker_id": "8b46960b-f058-472d-8085-34d35b747c50-140704984917824", "trial_id": 3, "param_name": "iss", "param_value_internal": 0.30081651676443266, "distribution": "{\"name\": \"FloatDistribution\", \"attributes\": {\"step\": null, \"low\": 0.0, \"high\": 1.0, \"log\": false}}"}
{"op_code": 5, "worker_id": "540e5c13-b4d1-4add-a5c3-67d0ad4407f4-139725175371584", "trial_id": 4, "param_name": "lr", "param_value_internal": 0.2350006154056265, "distribution": "{\"name\": \"FloatDistribution\", \"attributes\": {\"step\": null, \"low\": 0.001, \"high\": 1.0, \"log\": true}}"}
{"op_code": 5, "worker_id": "295d3f0a-2b6c-436d-8f85-1018b13e9b27-139623409928000", "trial_id": 2, "param_name": "ridge", "param_value_internal": 2.7325979643573053e-06, "distribution": "{\"name\": \"FloatDistribution\", \"attributes\": {\"step\": null, \"low\": 1e-09, \"high\": 0.01, \"log\": true}}"}
{"op_code": 5, "worker_id": "540e5c13-b4d1-4add-a5c3-67d0ad4407f4-139725175371584", "trial_id": 4, "param_name": "iss", "param_value_internal": 0.6981725860480285, "distribution": "{\"name\": \"FloatDistribution\", \"attributes\": {\"step\": null, \"low\": 0.0, \"high\": 1.0, \"log\": false}}"}
{"op_code": 4, "worker_id": "adf90e4e-707c-49c3-a2ac-4ca6bb450348-140531205044032", "study_id": 0, "datetime_start": "2024-01-19T21:31:47.551408"}
{"op_code": 5, "worker_id": "8b46960b-f058-472d-8085-34d35b747c50-140704984917824", "trial_id": 3, "param_name": "ridge", "param_value_internal": 3.044624925558048e-08, "distribution": "{\"name\": \"FloatDistribution\", \"attributes\": {\"step\": null, \"low\": 1e-09, \"high\": 0.01, \"log\": true}}"}
{"op_code": 5, "worker_id": "540e5c13-b4d1-4add-a5c3-67d0ad4407f4-139725175371584", "trial_id": 4, "param_name": "ridge", "param_value_internal": 7.8447083132385e-09, "distribution": "{\"name\": \"FloatDistribution\", \"attributes\": {\"step\": null, \"low\": 1e-09, \"high\": 0.01, \"log\": true}}"}
{"op_code": 5, "worker_id": "adf90e4e-707c-49c3-a2ac-4ca6bb450348-140531205044032", "trial_id": 5, "param_name": "sr", "param_value_internal": 0.07200624967057284, "distribution": "{\"name\": \"FloatDistribution\", \"attributes\": {\"step\": null, \"low\": 0.01, \"high\": 10.0, \"log\": true}}"}
{"op_code": 5, "worker_id": "adf90e4e-707c-49c3-a2ac-4ca6bb450348-140531205044032", "trial_id": 5, "param_name": "lr", "param_value_internal": 0.0025007339178299013, "distribution": "{\"name\": \"FloatDistribution\", \"attributes\": {\"step\": null, \"low\": 0.001, \"high\": 1.0, \"log\": true}}"}
{"op_code": 5, "worker_id": "adf90e4e-707c-49c3-a2ac-4ca6bb450348-140531205044032", "trial_id": 5, "param_name": "iss", "param_value_internal": 0.5739588977579662, "distribution": "{\"name\": \"FloatDistribution\", \"attributes\": {\"step\": null, \"low\": 0.0, \"high\": 1.0, \"log\": false}}"}
{"op_code": 5, "worker_id": "adf90e4e-707c-49c3-a2ac-4ca6bb450348-140531205044032", "trial_id": 5, "param_name": "ridge", "param_value_internal": 0.002301918703132672, "distribution": "{\"name\": \"FloatDistribution\", \"attributes\": {\"step\": null, \"low\": 1e-09, \"high\": 0.01, \"log\": true}}"}
{"op_code": 0, "worker_id": "250ceb9c-9193-48b8-8011-ae62955189b7-140368220755776", "study_name": "VDP_random_2010_offline_", "directions": [1]}
{"op_code": 4, "worker_id": "b8611566-c976-41dc-b449-c912b431b57b-140339650262848", "study_id": 0, "datetime_start": "2024-01-19T21:31:47.413901"}
{"op_code": 4, "worker_id": "250ceb9c-9193-48b8-8011-ae62955189b7-140368220755776", "study_id": 0, "datetime_start": "2024-01-19T21:31:47.676783"}
{"op_code": 5, "worker_id": "b8611566-c976-41dc-b449-c912b431b57b-140339650262848", "trial_id": 6, "param_name": "sr", "param_value_internal": 6.747558810029658, "distribution": "{\"name\": \"FloatDistribution\", \"attributes\": {\"step\": null, \"low\": 0.01, \"high\": 10.0, \"log\": true}}"}
{"op_code": 5, "worker_id": "250ceb9c-9193-48b8-8011-ae62955189b7-140368220755776", "trial_id": 7, "param_name": "sr", "param_value_internal": 0.013502259002368013, "distribution": "{\"name\": \"FloatDistribution\", \"attributes\": {\"step\": null, \"low\": 0.01, \"high\": 10.0, \"log\": true}}"}
{"op_code": 5, "worker_id": "b8611566-c976-41dc-b449-c912b431b57b-140339650262848", "trial_id": 6, "param_name": "lr", "param_value_internal": 0.005522834027012061, "distribution": "{\"name\": \"FloatDistribution\", \"attributes\": {\"step\": null, \"low\": 0.001, \"high\": 1.0, \"log\": true}}"}
{"op_code": 5, "worker_id": "250ceb9c-9193-48b8-8011-ae62955189b7-140368220755776", "trial_id": 7, "param_name": "lr", "param_value_internal": 0.24647816452157073, "distribution": "{\"name\": \"FloatDistribution\", \"attributes\": {\"step\": null, \"low\": 0.001, \"high\": 1.0, \"log\": true}}"}
{"op_code": 5, "worker_id": "b8611566-c976-41dc-b449-c912b431b57b-140339650262848", "trial_id": 6, "param_name": "iss", "param_value_internal": 0.7842120723250497, "distribution": "{\"name\": \"FloatDistribution\", \"attributes\": {\"step\": null, \"low\": 0.0, \"high\": 1.0, \"log\": false}}"}
{"op_code": 5, "worker_id": "250ceb9c-9193-48b8-8011-ae62955189b7-140368220755776", "trial_id": 7, "param_name": "iss", "param_value_internal": 0.5133924326408006, "distribution": "{\"name\": \"FloatDistribution\", \"attributes\": {\"step\": null, \"low\": 0.0, \"high\": 1.0, \"log\": false}}"}
{"op_code": 5, "worker_id": "b8611566-c976-41dc-b449-c912b431b57b-140339650262848", "trial_id": 6, "param_name": "ridge", "param_value_internal": 2.0691652745517616e-08, "distribution": "{\"name\": \"FloatDistribution\", \"attributes\": {\"step\": null, \"low\": 1e-09, \"high\": 0.01, \"log\": true}}"}
{"op_code": 5, "worker_id": "250ceb9c-9193-48b8-8011-ae62955189b7-140368220755776", "trial_id": 7, "param_name": "ridge", "param_value_internal": 1.8982406357117218e-05, "distribution": "{\"name\": \"FloatDistribution\", \"attributes\": {\"step\": null, \"low\": 1e-09, \"high\": 0.01, \"log\": true}}"}
{"op_code": 6, "worker_id": "d0a28f92-c90c-4d2c-80a4-6bf7e743bae4-140058348771136", "trial_id": 0, "state": 1, "values": [1174.8915510060742], "datetime_complete": "2024-01-19T21:58:05.785139"}
{"op_code": 6, "worker_id": "540e5c13-b4d1-4add-a5c3-67d0ad4407f4-139725175371584", "trial_id": 4, "state": 1, "values": [0.002765935639947902], "datetime_complete": "2024-01-19T21:58:17.844904"}
{"op_code": 6, "worker_id": "b8611566-c976-41dc-b449-c912b431b57b-140339650262848", "trial_id": 6, "state": 1, "values": [396.7971232917427], "datetime_complete": "2024-01-19T21:58:34.655879"}
{"op_code": 6, "worker_id": "250ceb9c-9193-48b8-8011-ae62955189b7-140368220755776", "trial_id": 7, "state": 1, "values": [0.0030641223590503427], "datetime_complete": "2024-01-19T21:58:46.467626"}
{"op_code": 6, "worker_id": "adf90e4e-707c-49c3-a2ac-4ca6bb450348-140531205044032", "trial_id": 5, "state": 1, "values": [0.020234401614431106], "datetime_complete": "2024-01-19T21:59:03.585482"}
{"op_code": 6, "worker_id": "295d3f0a-2b6c-436d-8f85-1018b13e9b27-139623409928000", "trial_id": 2, "state": 1, "values": [10.028560356498527], "datetime_complete": "2024-01-19T21:59:08.459520"}
{"op_code": 6, "worker_id": "c5abd2e2-4a4f-4209-88e8-6e1096299296-140016864266048", "trial_id": 1, "state": 1, "values": [0.0028507015542132952], "datetime_complete": "2024-01-19T21:59:23.635500"}
{"op_code": 6, "worker_id": "8b46960b-f058-472d-8085-34d35b747c50-140704984917824", "trial_id": 3, "state": 1, "values": [0.13415199343770504], "datetime_complete": "2024-01-19T21:59:29.397142"}
{"op_code": 7, "worker_id": "d0a28f92-c90c-4d2c-80a4-6bf7e743bae4-140058348771136", "trial_id": 0, "step": 0, "intermediate_value": 1174.8915510060742}
